[ 2016-04-27T09:28:17+08:00 ] 127.0.0.1 /admin
INFO: [ app_init ] --START--
INFO: Run Behavior\BuildLiteBehavior [ RunTime:0.000000s ]
INFO: [ app_init ] --END-- [ RunTime:0.001000s ]
INFO: [ app_begin ] --START--
INFO: Run Behavior\ReadHtmlCacheBehavior [ RunTime:0.001000s ]
INFO: [ app_begin ] --END-- [ RunTime:0.001000s ]

[ 2016-04-27T09:28:17+08:00 ] 127.0.0.1 /index.php/Admin/Index/login.html
INFO: [ app_init ] --START--
INFO: Run Behavior\BuildLiteBehavior [ RunTime:0.000000s ]
INFO: [ app_init ] --END-- [ RunTime:0.001000s ]
INFO: [ app_begin ] --START--
INFO: Run Behavior\ReadHtmlCacheBehavior [ RunTime:0.001000s ]
INFO: [ app_begin ] --END-- [ RunTime:0.001000s ]
INFO: [ view_parse ] --START--
INFO: [ template_filter ] --START--
INFO: Run Behavior\ContentReplaceBehavior [ RunTime:0.001000s ]
INFO: [ template_filter ] --END-- [ RunTime:0.001000s ]
INFO: Run Behavior\ParseTemplateBehavior [ RunTime:0.236014s ]
INFO: [ view_parse ] --END-- [ RunTime:0.236014s ]
INFO: [ view_filter ] --START--
INFO: Run Behavior\WriteHtmlCacheBehavior [ RunTime:0.000000s ]
INFO: [ view_filter ] --END-- [ RunTime:0.000000s ]
INFO: [ app_end ] --START--
INFO: Run Behavior\ShowPageTraceBehavior [ RunTime:0.000000s ]
INFO: [ app_end ] --END-- [ RunTime:0.000000s ]

[ 2016-04-27T09:28:18+08:00 ] 127.0.0.1 /index.php/Admin/Index/verifys.html
INFO: [ app_init ] --START--
INFO: Run Behavior\BuildLiteBehavior [ RunTime:0.000000s ]
INFO: [ app_init ] --END-- [ RunTime:0.000000s ]
INFO: [ app_begin ] --START--
INFO: Run Behavior\ReadHtmlCacheBehavior [ RunTime:0.001000s ]
INFO: [ app_begin ] --END-- [ RunTime:0.001000s ]
INFO: [ app_end ] --START--
INFO: Run Behavior\ShowPageTraceBehavior [ RunTime:0.001000s ]
INFO: [ app_end ] --END-- [ RunTime:0.001000s ]

[ 2016-04-27T09:28:26+08:00 ] 127.0.0.1 /index.php/Admin/index/login.html
INFO: [ app_init ] --START--
INFO: Run Behavior\BuildLiteBehavior [ RunTime:0.000000s ]
INFO: [ app_init ] --END-- [ RunTime:0.000000s ]
INFO: [ app_begin ] --START--
INFO: Run Behavior\ReadHtmlCacheBehavior [ RunTime:0.001000s ]
INFO: [ app_begin ] --END-- [ RunTime:0.003000s ]
SQL: SHOW COLUMNS FROM `tp_admin` [ RunTime:0.0380s ]
SQL: SELECT * FROM `tp_admin` WHERE ( username='admin' ) LIMIT 1   [ RunTime:0.0000s ]
NOTIC: [8] Undefined index: logintime E:\WWW\tphui\Application\Admin\Controller\IndexController.class.php 第 60 行.
SQL: UPDATE `tp_admin` SET `login_num`='121' WHERE `id` = 1 [ RunTime:0.0150s ]
INFO: [ view_parse ] --START--
INFO: [ template_filter ] --START--
INFO: Run Behavior\ContentReplaceBehavior [ RunTime:0.000000s ]
INFO: [ template_filter ] --END-- [ RunTime:0.000000s ]
INFO: Run Behavior\ParseTemplateBehavior [ RunTime:0.011001s ]
INFO: [ view_parse ] --END-- [ RunTime:0.011001s ]
INFO: [ view_filter ] --START--
INFO: Run Behavior\WriteHtmlCacheBehavior [ RunTime:0.001000s ]
INFO: [ view_filter ] --END-- [ RunTime:0.001000s ]
INFO: [ app_end ] --START--
INFO: Run Behavior\ShowPageTraceBehavior [ RunTime:0.001000s ]
INFO: [ app_end ] --END-- [ RunTime:0.001000s ]

[ 2016-04-27T09:28:26+08:00 ] 127.0.0.1 /index.php/Admin/main/welcome.html
INFO: [ app_init ] --START--
INFO: Run Behavior\BuildLiteBehavior [ RunTime:0.000000s ]
INFO: [ app_init ] --END-- [ RunTime:0.001000s ]
INFO: [ app_begin ] --START--
INFO: Run Behavior\ReadHtmlCacheBehavior [ RunTime:0.002000s ]
INFO: [ app_begin ] --END-- [ RunTime:0.002000s ]
INFO: [ view_parse ] --START--
INFO: [ template_filter ] --START--
INFO: Run Behavior\ContentReplaceBehavior [ RunTime:0.000000s ]
INFO: [ template_filter ] --END-- [ RunTime:0.000000s ]
INFO: Run Behavior\ParseTemplateBehavior [ RunTime:0.026001s ]
INFO: [ view_parse ] --END-- [ RunTime:0.026001s ]
INFO: [ view_filter ] --START--
INFO: Run Behavior\WriteHtmlCacheBehavior [ RunTime:0.000000s ]
INFO: [ view_filter ] --END-- [ RunTime:0.000000s ]
INFO: [ app_end ] --START--
INFO: Run Behavior\ShowPageTraceBehavior [ RunTime:0.001000s ]
INFO: [ app_end ] --END-- [ RunTime:0.002000s ]

[ 2016-04-27T09:28:30+08:00 ] 127.0.0.1 /index.php/Admin/Weixin/menu_list.html
INFO: [ app_init ] --START--
INFO: Run Behavior\BuildLiteBehavior [ RunTime:0.000000s ]
INFO: [ app_init ] --END-- [ RunTime:0.001000s ]
INFO: [ app_begin ] --START--
INFO: Run Behavior\ReadHtmlCacheBehavior [ RunTime:0.000000s ]
INFO: [ app_begin ] --END-- [ RunTime:0.001000s ]
SQL: SHOW COLUMNS FROM `tp_wmenu` [ RunTime:0.0070s ]
INFO: [ view_parse ] --START--
INFO: [ template_filter ] --START--
INFO: Run Behavior\ContentReplaceBehavior [ RunTime:0.000000s ]
INFO: [ template_filter ] --END-- [ RunTime:0.000000s ]
INFO: Run Behavior\ParseTemplateBehavior [ RunTime:0.046003s ]
INFO: [ view_parse ] --END-- [ RunTime:0.046003s ]
INFO: [ view_filter ] --START--
INFO: Run Behavior\WriteHtmlCacheBehavior [ RunTime:0.001000s ]
INFO: [ view_filter ] --END-- [ RunTime:0.001000s ]
INFO: [ app_end ] --START--
INFO: Run Behavior\ShowPageTraceBehavior [ RunTime:0.001000s ]
INFO: [ app_end ] --END-- [ RunTime:0.001000s ]

[ 2016-04-27T09:28:32+08:00 ] 127.0.0.1 /index.php/Admin/Weixin/menu_datalist
INFO: [ app_init ] --START--
INFO: Run Behavior\BuildLiteBehavior [ RunTime:0.000000s ]
INFO: [ app_init ] --END-- [ RunTime:0.000000s ]
INFO: [ app_begin ] --START--
INFO: Run Behavior\ReadHtmlCacheBehavior [ RunTime:0.000000s ]
INFO: [ app_begin ] --END-- [ RunTime:0.000000s ]
SQL: SHOW COLUMNS FROM `tp_wmenu` [ RunTime:0.0180s ]
SQL: SELECT * FROM `tp_wmenu` ORDER BY `wm_id` asc LIMIT 0,10   [ RunTime:0.0000s ]
SQL: SELECT COUNT(*) AS tp_count FROM `tp_wmenu` LIMIT 1   [ RunTime:0.0000s ]
INFO: [ app_end ] --START--
INFO: Run Behavior\ShowPageTraceBehavior [ RunTime:0.001000s ]
INFO: [ app_end ] --END-- [ RunTime:0.001000s ]

[ 2016-04-27T09:41:57+08:00 ] 127.0.0.1 /index.php/Admin/Weixin/menu_list.html
INFO: [ app_init ] --START--
INFO: Run Behavior\BuildLiteBehavior [ RunTime:0.000000s ]
INFO: [ app_init ] --END-- [ RunTime:0.026002s ]
INFO: [ app_begin ] --START--
INFO: Run Behavior\ReadHtmlCacheBehavior [ RunTime:0.001000s ]
INFO: [ app_begin ] --END-- [ RunTime:0.001000s ]
SQL: SHOW COLUMNS FROM `tp_wmenu` [ RunTime:0.2780s ]
INFO: [ view_parse ] --START--
INFO: [ template_filter ] --START--
INFO: Run Behavior\ContentReplaceBehavior [ RunTime:0.000000s ]
INFO: [ template_filter ] --END-- [ RunTime:0.000000s ]
INFO: Run Behavior\ParseTemplateBehavior [ RunTime:0.072004s ]
INFO: [ view_parse ] --END-- [ RunTime:0.072004s ]
INFO: [ view_filter ] --START--
INFO: Run Behavior\WriteHtmlCacheBehavior [ RunTime:0.024002s ]
INFO: [ view_filter ] --END-- [ RunTime:0.024002s ]
INFO: [ app_end ] --START--
INFO: Run Behavior\ShowPageTraceBehavior [ RunTime:0.006000s ]
INFO: [ app_end ] --END-- [ RunTime:0.006000s ]

[ 2016-04-27T09:42:02+08:00 ] 127.0.0.1 /index.php/Admin/Weixin/menu_datalist
INFO: [ app_init ] --START--
INFO: Run Behavior\BuildLiteBehavior [ RunTime:0.000000s ]
INFO: [ app_init ] --END-- [ RunTime:0.001000s ]
INFO: [ app_begin ] --START--
INFO: Run Behavior\ReadHtmlCacheBehavior [ RunTime:0.000000s ]
INFO: [ app_begin ] --END-- [ RunTime:0.000000s ]
SQL: SHOW COLUMNS FROM `tp_wmenu` [ RunTime:0.0040s ]
SQL: SELECT * FROM `tp_wmenu` ORDER BY `wm_id` asc LIMIT 0,10   [ RunTime:0.0460s ]
SQL: SELECT COUNT(*) AS tp_count FROM `tp_wmenu` LIMIT 1   [ RunTime:0.0790s ]
INFO: [ app_end ] --START--
INFO: Run Behavior\ShowPageTraceBehavior [ RunTime:0.001000s ]
INFO: [ app_end ] --END-- [ RunTime:0.001000s ]

[ 2016-04-27T09:42:21+08:00 ] 127.0.0.1 /index.php/Admin/Weixin/weixin_menu_add.html
INFO: [ app_init ] --START--
INFO: Run Behavior\BuildLiteBehavior [ RunTime:0.000000s ]
INFO: [ app_init ] --END-- [ RunTime:0.001000s ]
INFO: [ app_begin ] --START--
INFO: Run Behavior\ReadHtmlCacheBehavior [ RunTime:0.001000s ]
INFO: [ app_begin ] --END-- [ RunTime:0.001000s ]
SQL: SHOW COLUMNS FROM `tp_wmenu` [ RunTime:0.0070s ]
INFO: [ view_parse ] --START--
INFO: [ template_filter ] --START--
INFO: Run Behavior\ContentReplaceBehavior [ RunTime:0.000000s ]
INFO: [ template_filter ] --END-- [ RunTime:0.000000s ]
INFO: Run Behavior\ParseTemplateBehavior [ RunTime:0.344020s ]
INFO: [ view_parse ] --END-- [ RunTime:0.344020s ]
INFO: [ view_filter ] --START--
INFO: Run Behavior\WriteHtmlCacheBehavior [ RunTime:0.000000s ]
INFO: [ view_filter ] --END-- [ RunTime:0.000000s ]
INFO: [ app_end ] --START--
INFO: Run Behavior\ShowPageTraceBehavior [ RunTime:0.001000s ]
INFO: [ app_end ] --END-- [ RunTime:0.002000s ]

[ 2016-04-27T09:42:35+08:00 ] 127.0.0.1 /index.php/Admin/System/system_category.html
INFO: [ app_init ] --START--
INFO: Run Behavior\BuildLiteBehavior [ RunTime:0.000000s ]
INFO: [ app_init ] --END-- [ RunTime:0.001000s ]
INFO: [ app_begin ] --START--
INFO: Run Behavior\ReadHtmlCacheBehavior [ RunTime:0.001000s ]
INFO: [ app_begin ] --END-- [ RunTime:0.001000s ]
SQL: SHOW COLUMNS FROM `tp_category` [ RunTime:0.0790s ]
SQL: SELECT * FROM `tp_category` WHERE `pid` = 0  [ RunTime:0.0010s ]
SQL: SELECT * FROM `tp_category` WHERE `pid` = 71  [ RunTime:0.0010s ]
NOTIC: [2] Invalid argument supplied for foreach() E:\WWW\tphui\Application\Admin\Common\function.php 第 10 行.
SQL: SELECT * FROM `tp_category` WHERE `pid` = 70  [ RunTime:0.0000s ]
NOTIC: [2] Invalid argument supplied for foreach() E:\WWW\tphui\Application\Admin\Common\function.php 第 10 行.
SQL: SELECT * FROM `tp_category` WHERE `pid` = 72  [ RunTime:0.0010s ]
NOTIC: [2] Invalid argument supplied for foreach() E:\WWW\tphui\Application\Admin\Common\function.php 第 10 行.
SQL: SELECT * FROM `tp_category` WHERE `pid` = 69  [ RunTime:0.0000s ]
NOTIC: [2] Invalid argument supplied for foreach() E:\WWW\tphui\Application\Admin\Common\function.php 第 10 行.
SQL: SELECT * FROM `tp_category` WHERE `pid` = 48  [ RunTime:0.0010s ]
NOTIC: [2] Invalid argument supplied for foreach() E:\WWW\tphui\Application\Admin\Common\function.php 第 10 行.
SQL: SELECT * FROM `tp_category` WHERE `pid` = 68  [ RunTime:0.0000s ]
NOTIC: [2] Invalid argument supplied for foreach() E:\WWW\tphui\Application\Admin\Common\function.php 第 10 行.
SQL: SELECT * FROM `tp_category` WHERE `pid` = 62  [ RunTime:0.0000s ]
NOTIC: [2] Invalid argument supplied for foreach() E:\WWW\tphui\Application\Admin\Common\function.php 第 10 行.
SQL: SELECT * FROM `tp_category` WHERE `pid` = 58  [ RunTime:0.0000s ]
NOTIC: [2] Invalid argument supplied for foreach() E:\WWW\tphui\Application\Admin\Common\function.php 第 10 行.
SQL: SELECT * FROM `tp_category` WHERE `pid` = 67  [ RunTime:0.0000s ]
NOTIC: [2] Invalid argument supplied for foreach() E:\WWW\tphui\Application\Admin\Common\function.php 第 10 行.
SQL: SELECT * FROM `tp_category` WHERE `pid` = 60  [ RunTime:0.0010s ]
NOTIC: [2] Invalid argument supplied for foreach() E:\WWW\tphui\Application\Admin\Common\function.php 第 10 行.
SQL: SELECT * FROM `tp_category` WHERE `pid` = 55  [ RunTime:0.0000s ]
NOTIC: [2] Invalid argument supplied for foreach() E:\WWW\tphui\Application\Admin\Common\function.php 第 10 行.
SQL: SELECT * FROM `tp_category` WHERE `pid` = 61  [ RunTime:0.0010s ]
NOTIC: [2] Invalid argument supplied for foreach() E:\WWW\tphui\Application\Admin\Common\function.php 第 10 行.
SQL: SELECT * FROM `tp_category` WHERE `pid` = 64  [ RunTime:0.0000s ]
NOTIC: [2] Invalid argument supplied for foreach() E:\WWW\tphui\Application\Admin\Common\function.php 第 10 行.
SQL: SELECT * FROM `tp_category` WHERE `pid` = 73  [ RunTime:0.0000s ]
NOTIC: [2] Invalid argument supplied for foreach() E:\WWW\tphui\Application\Admin\Common\function.php 第 10 行.
SQL: SELECT * FROM `tp_category` WHERE `pid` = 74  [ RunTime:0.0000s ]
NOTIC: [2] Invalid argument supplied for foreach() E:\WWW\tphui\Application\Admin\Common\function.php 第 10 行.
INFO: [ view_parse ] --START--
INFO: [ template_filter ] --START--
INFO: Run Behavior\ContentReplaceBehavior [ RunTime:0.000000s ]
INFO: [ template_filter ] --END-- [ RunTime:0.000000s ]
SQL: SHOW COLUMNS FROM `tp_type` [ RunTime:0.0340s ]
SQL: SELECT `type_name` FROM `tp_type` WHERE ( 0 ) LIMIT 1   [ RunTime:0.0000s ]
SQL: SELECT `type_name` FROM `tp_type` WHERE ( 0 ) LIMIT 1   [ RunTime:0.0000s ]
SQL: SELECT `type_name` FROM `tp_type` WHERE ( 0 ) LIMIT 1   [ RunTime:0.0000s ]
SQL: SELECT `type_name` FROM `tp_type` WHERE ( 0 ) LIMIT 1   [ RunTime:0.0000s ]
SQL: SELECT `type_name` FROM `tp_type` WHERE ( 0 ) LIMIT 1   [ RunTime:0.0000s ]
SQL: SELECT `type_name` FROM `tp_type` WHERE ( 0 ) LIMIT 1   [ RunTime:0.0000s ]
SQL: SELECT `type_name` FROM `tp_type` WHERE ( 0 ) LIMIT 1   [ RunTime:0.0000s ]
SQL: SELECT `type_name` FROM `tp_type` WHERE ( 0 ) LIMIT 1   [ RunTime:0.0000s ]
SQL: SELECT `type_name` FROM `tp_type` WHERE ( 0 ) LIMIT 1   [ RunTime:0.0010s ]
SQL: SELECT `type_name` FROM `tp_type` WHERE ( 0 ) LIMIT 1   [ RunTime:0.0000s ]
SQL: SELECT * FROM `tp_type` WHERE `type_id` = 21 LIMIT 1   [ RunTime:0.0620s ]
SQL: SELECT `type_name` FROM `tp_type` WHERE ( 21 ) LIMIT 1   [ RunTime:0.0010s ]
SQL: SELECT `type_name` FROM `tp_type` WHERE ( 0 ) LIMIT 1   [ RunTime:0.0000s ]
SQL: SELECT * FROM `tp_type` WHERE `type_id` = 21 LIMIT 1   [ RunTime:0.0010s ]
SQL: SELECT `type_name` FROM `tp_type` WHERE ( 21 ) LIMIT 1   [ RunTime:0.0000s ]
SQL: SELECT `type_name` FROM `tp_type` WHERE ( 0 ) LIMIT 1   [ RunTime:0.0000s ]
SQL: SELECT `type_name` FROM `tp_type` WHERE ( 0 ) LIMIT 1   [ RunTime:0.0000s ]
INFO: Run Behavior\ParseTemplateBehavior [ RunTime:0.189011s ]
INFO: [ view_parse ] --END-- [ RunTime:0.189011s ]
INFO: [ view_filter ] --START--
INFO: Run Behavior\WriteHtmlCacheBehavior [ RunTime:0.001000s ]
INFO: [ view_filter ] --END-- [ RunTime:0.001000s ]
INFO: [ app_end ] --START--
INFO: Run Behavior\ShowPageTraceBehavior [ RunTime:0.001000s ]
INFO: [ app_end ] --END-- [ RunTime:0.001000s ]

[ 2016-04-27T09:42:38+08:00 ] 127.0.0.1 /index.php/Admin/System/system_category.html
INFO: [ app_init ] --START--
INFO: Run Behavior\BuildLiteBehavior [ RunTime:0.000000s ]
INFO: [ app_init ] --END-- [ RunTime:0.000000s ]
INFO: [ app_begin ] --START--
INFO: Run Behavior\ReadHtmlCacheBehavior [ RunTime:0.001000s ]
INFO: [ app_begin ] --END-- [ RunTime:0.001000s ]
SQL: SHOW COLUMNS FROM `tp_category` [ RunTime:0.0030s ]
SQL: SELECT * FROM `tp_category` WHERE `pid` = 0  [ RunTime:0.0000s ]
SQL: SELECT * FROM `tp_category` WHERE `pid` = 71  [ RunTime:0.0010s ]
NOTIC: [2] Invalid argument supplied for foreach() E:\WWW\tphui\Application\Admin\Common\function.php 第 10 行.
SQL: SELECT * FROM `tp_category` WHERE `pid` = 70  [ RunTime:0.0000s ]
NOTIC: [2] Invalid argument supplied for foreach() E:\WWW\tphui\Application\Admin\Common\function.php 第 10 行.
SQL: SELECT * FROM `tp_category` WHERE `pid` = 72  [ RunTime:0.0000s ]
NOTIC: [2] Invalid argument supplied for foreach() E:\WWW\tphui\Application\Admin\Common\function.php 第 10 行.
SQL: SELECT * FROM `tp_category` WHERE `pid` = 69  [ RunTime:0.0000s ]
NOTIC: [2] Invalid argument supplied for foreach() E:\WWW\tphui\Application\Admin\Common\function.php 第 10 行.
SQL: SELECT * FROM `tp_category` WHERE `pid` = 48  [ RunTime:0.0000s ]
NOTIC: [2] Invalid argument supplied for foreach() E:\WWW\tphui\Application\Admin\Common\function.php 第 10 行.
SQL: SELECT * FROM `tp_category` WHERE `pid` = 68  [ RunTime:0.0010s ]
NOTIC: [2] Invalid argument supplied for foreach() E:\WWW\tphui\Application\Admin\Common\function.php 第 10 行.
SQL: SELECT * FROM `tp_category` WHERE `pid` = 62  [ RunTime:0.0000s ]
NOTIC: [2] Invalid argument supplied for foreach() E:\WWW\tphui\Application\Admin\Common\function.php 第 10 行.
SQL: SELECT * FROM `tp_category` WHERE `pid` = 58  [ RunTime:0.0010s ]
NOTIC: [2] Invalid argument supplied for foreach() E:\WWW\tphui\Application\Admin\Common\function.php 第 10 行.
SQL: SELECT * FROM `tp_category` WHERE `pid` = 67  [ RunTime:0.0000s ]
NOTIC: [2] Invalid argument supplied for foreach() E:\WWW\tphui\Application\Admin\Common\function.php 第 10 行.
SQL: SELECT * FROM `tp_category` WHERE `pid` = 60  [ RunTime:0.0010s ]
NOTIC: [2] Invalid argument supplied for foreach() E:\WWW\tphui\Application\Admin\Common\function.php 第 10 行.
SQL: SELECT * FROM `tp_category` WHERE `pid` = 55  [ RunTime:0.0000s ]
NOTIC: [2] Invalid argument supplied for foreach() E:\WWW\tphui\Application\Admin\Common\function.php 第 10 行.
SQL: SELECT * FROM `tp_category` WHERE `pid` = 61  [ RunTime:0.0000s ]
NOTIC: [2] Invalid argument supplied for foreach() E:\WWW\tphui\Application\Admin\Common\function.php 第 10 行.
SQL: SELECT * FROM `tp_category` WHERE `pid` = 64  [ RunTime:0.0010s ]
NOTIC: [2] Invalid argument supplied for foreach() E:\WWW\tphui\Application\Admin\Common\function.php 第 10 行.
SQL: SELECT * FROM `tp_category` WHERE `pid` = 73  [ RunTime:0.0000s ]
NOTIC: [2] Invalid argument supplied for foreach() E:\WWW\tphui\Application\Admin\Common\function.php 第 10 行.
SQL: SELECT * FROM `tp_category` WHERE `pid` = 74  [ RunTime:0.0000s ]
NOTIC: [2] Invalid argument supplied for foreach() E:\WWW\tphui\Application\Admin\Common\function.php 第 10 行.
INFO: [ view_parse ] --START--
INFO: [ template_filter ] --START--
INFO: Run Behavior\ContentReplaceBehavior [ RunTime:0.000000s ]
INFO: [ template_filter ] --END-- [ RunTime:0.000000s ]
SQL: SHOW COLUMNS FROM `tp_type` [ RunTime:0.0030s ]
SQL: SELECT `type_name` FROM `tp_type` WHERE ( 0 ) LIMIT 1   [ RunTime:0.0010s ]
SQL: SELECT `type_name` FROM `tp_type` WHERE ( 0 ) LIMIT 1   [ RunTime:0.0000s ]
SQL: SELECT `type_name` FROM `tp_type` WHERE ( 0 ) LIMIT 1   [ RunTime:0.0010s ]
SQL: SELECT `type_name` FROM `tp_type` WHERE ( 0 ) LIMIT 1   [ RunTime:0.0000s ]
SQL: SELECT `type_name` FROM `tp_type` WHERE ( 0 ) LIMIT 1   [ RunTime:0.0010s ]
SQL: SELECT `type_name` FROM `tp_type` WHERE ( 0 ) LIMIT 1   [ RunTime:0.0000s ]
SQL: SELECT `type_name` FROM `tp_type` WHERE ( 0 ) LIMIT 1   [ RunTime:0.0000s ]
SQL: SELECT `type_name` FROM `tp_type` WHERE ( 0 ) LIMIT 1   [ RunTime:0.0000s ]
SQL: SELECT `type_name` FROM `tp_type` WHERE ( 0 ) LIMIT 1   [ RunTime:0.0000s ]
SQL: SELECT `type_name` FROM `tp_type` WHERE ( 0 ) LIMIT 1   [ RunTime:0.0000s ]
SQL: SELECT * FROM `tp_type` WHERE `type_id` = 21 LIMIT 1   [ RunTime:0.0000s ]
SQL: SELECT `type_name` FROM `tp_type` WHERE ( 21 ) LIMIT 1   [ RunTime:0.0000s ]
SQL: SELECT `type_name` FROM `tp_type` WHERE ( 0 ) LIMIT 1   [ RunTime:0.0000s ]
SQL: SELECT * FROM `tp_type` WHERE `type_id` = 21 LIMIT 1   [ RunTime:0.0000s ]
SQL: SELECT `type_name` FROM `tp_type` WHERE ( 21 ) LIMIT 1   [ RunTime:0.0000s ]
SQL: SELECT `type_name` FROM `tp_type` WHERE ( 0 ) LIMIT 1   [ RunTime:0.0010s ]
SQL: SELECT `type_name` FROM `tp_type` WHERE ( 0 ) LIMIT 1   [ RunTime:0.0000s ]
INFO: Run Behavior\ParseTemplateBehavior [ RunTime:0.020001s ]
INFO: [ view_parse ] --END-- [ RunTime:0.020001s ]
INFO: [ view_filter ] --START--
INFO: Run Behavior\WriteHtmlCacheBehavior [ RunTime:0.001000s ]
INFO: [ view_filter ] --END-- [ RunTime:0.001000s ]
INFO: [ app_end ] --START--
INFO: Run Behavior\ShowPageTraceBehavior [ RunTime:0.001000s ]
INFO: [ app_end ] --END-- [ RunTime:0.001000s ]

[ 2016-04-27T09:42:44+08:00 ] 127.0.0.1 /index.php/Admin/Weixin/weixin_menu_add.html
INFO: [ app_init ] --START--
INFO: Run Behavior\BuildLiteBehavior [ RunTime:0.000000s ]
INFO: [ app_init ] --END-- [ RunTime:0.001000s ]
INFO: [ app_begin ] --START--
INFO: Run Behavior\ReadHtmlCacheBehavior [ RunTime:0.001000s ]
INFO: [ app_begin ] --END-- [ RunTime:0.001000s ]
SQL: SHOW COLUMNS FROM `tp_wmenu` [ RunTime:0.0050s ]
INFO: [ view_parse ] --START--
INFO: [ template_filter ] --START--
INFO: Run Behavior\ContentReplaceBehavior [ RunTime:0.000000s ]
INFO: [ template_filter ] --END-- [ RunTime:0.000000s ]
INFO: Run Behavior\ParseTemplateBehavior [ RunTime:0.010001s ]
INFO: [ view_parse ] --END-- [ RunTime:0.010001s ]
INFO: [ view_filter ] --START--
INFO: Run Behavior\WriteHtmlCacheBehavior [ RunTime:0.001000s ]
INFO: [ view_filter ] --END-- [ RunTime:0.001000s ]
INFO: [ app_end ] --START--
INFO: Run Behavior\ShowPageTraceBehavior [ RunTime:0.001000s ]
INFO: [ app_end ] --END-- [ RunTime:0.001000s ]

[ 2016-04-27T09:42:58+08:00 ] 127.0.0.1 /index.php/Admin/Weixin/weixin_menu_add.html
INFO: [ app_init ] --START--
INFO: Run Behavior\BuildLiteBehavior [ RunTime:0.000000s ]
INFO: [ app_init ] --END-- [ RunTime:0.001000s ]
INFO: [ app_begin ] --START--
INFO: Run Behavior\ReadHtmlCacheBehavior [ RunTime:0.001000s ]
INFO: [ app_begin ] --END-- [ RunTime:0.001000s ]
SQL: SHOW COLUMNS FROM `tp_wmenu` [ RunTime:0.0050s ]
SQL: SELECT * FROM `tp_wmenu` WHERE `wm_name` = '今日歌曲' LIMIT 1   [ RunTime:0.0000s ]
SQL: INSERT INTO `tp_wmenu` (`wm_id`,`wm_name`,`wm_type`,`wm_type_attr`,`wm_state`,`wm_createtime`) VALUES ('0','今日歌曲','click','jinrigequ','1','2016-04-27 09:42:58') [ RunTime:0.0620s ]

[ 2016-04-27T09:43:01+08:00 ] 127.0.0.1 /index.php/Admin/Weixin/menu_list.html
INFO: [ app_init ] --START--
INFO: Run Behavior\BuildLiteBehavior [ RunTime:0.000000s ]
INFO: [ app_init ] --END-- [ RunTime:0.000000s ]
INFO: [ app_begin ] --START--
INFO: Run Behavior\ReadHtmlCacheBehavior [ RunTime:0.001000s ]
INFO: [ app_begin ] --END-- [ RunTime:0.001000s ]
SQL: SHOW COLUMNS FROM `tp_wmenu` [ RunTime:0.0050s ]
INFO: [ view_parse ] --START--
INFO: [ template_filter ] --START--
INFO: Run Behavior\ContentReplaceBehavior [ RunTime:0.000000s ]
INFO: [ template_filter ] --END-- [ RunTime:0.000000s ]
INFO: Run Behavior\ParseTemplateBehavior [ RunTime:0.009000s ]
INFO: [ view_parse ] --END-- [ RunTime:0.010001s ]
INFO: [ view_filter ] --START--
INFO: Run Behavior\WriteHtmlCacheBehavior [ RunTime:0.001000s ]
INFO: [ view_filter ] --END-- [ RunTime:0.001000s ]
INFO: [ app_end ] --START--
INFO: Run Behavior\ShowPageTraceBehavior [ RunTime:0.001000s ]
INFO: [ app_end ] --END-- [ RunTime:0.001000s ]

[ 2016-04-27T09:43:02+08:00 ] 127.0.0.1 /index.php/Admin/Weixin/menu_datalist
INFO: [ app_init ] --START--
INFO: Run Behavior\BuildLiteBehavior [ RunTime:0.000000s ]
INFO: [ app_init ] --END-- [ RunTime:0.001000s ]
INFO: [ app_begin ] --START--
INFO: Run Behavior\ReadHtmlCacheBehavior [ RunTime:0.001001s ]
INFO: [ app_begin ] --END-- [ RunTime:0.001001s ]
SQL: SHOW COLUMNS FROM `tp_wmenu` [ RunTime:0.0040s ]
SQL: SELECT * FROM `tp_wmenu` ORDER BY `wm_id` asc LIMIT 0,10   [ RunTime:0.0010s ]
SQL: SELECT COUNT(*) AS tp_count FROM `tp_wmenu` LIMIT 1   [ RunTime:0.0000s ]
INFO: [ app_end ] --START--
INFO: Run Behavior\ShowPageTraceBehavior [ RunTime:0.001000s ]
INFO: [ app_end ] --END-- [ RunTime:0.001000s ]

