[ 2016-03-29T09:06:40+08:00 ] 127.0.0.1 /admin
INFO: [ app_init ] --START--
INFO: Run Behavior\BuildLiteBehavior [ RunTime:0.000000s ]
INFO: [ app_init ] --END-- [ RunTime:0.277016s ]
INFO: [ app_begin ] --START--
INFO: Run Behavior\ReadHtmlCacheBehavior [ RunTime:0.013001s ]
INFO: [ app_begin ] --END-- [ RunTime:0.014001s ]

[ 2016-03-29T09:06:41+08:00 ] 127.0.0.1 /index.php/Admin/Index/login.html
INFO: [ app_init ] --START--
INFO: Run Behavior\BuildLiteBehavior [ RunTime:0.000000s ]
INFO: [ app_init ] --END-- [ RunTime:0.000000s ]
INFO: [ app_begin ] --START--
INFO: Run Behavior\ReadHtmlCacheBehavior [ RunTime:0.001000s ]
INFO: [ app_begin ] --END-- [ RunTime:0.001000s ]
INFO: [ view_parse ] --START--
INFO: [ template_filter ] --START--
INFO: Run Behavior\ContentReplaceBehavior [ RunTime:0.000000s ]
INFO: [ template_filter ] --END-- [ RunTime:0.000000s ]
INFO: Run Behavior\ParseTemplateBehavior [ RunTime:0.544031s ]
INFO: [ view_parse ] --END-- [ RunTime:0.545031s ]
INFO: [ view_filter ] --START--
INFO: Run Behavior\WriteHtmlCacheBehavior [ RunTime:0.002000s ]
INFO: [ view_filter ] --END-- [ RunTime:0.002000s ]
INFO: [ app_end ] --START--
INFO: Run Behavior\ShowPageTraceBehavior [ RunTime:0.345020s ]
INFO: [ app_end ] --END-- [ RunTime:0.345020s ]

[ 2016-03-29T09:06:45+08:00 ] 127.0.0.1 /index.php/Admin/Index/verifys.html
INFO: [ app_init ] --START--
INFO: Run Behavior\BuildLiteBehavior [ RunTime:0.000000s ]
INFO: [ app_init ] --END-- [ RunTime:0.000000s ]
INFO: [ app_begin ] --START--
INFO: Run Behavior\ReadHtmlCacheBehavior [ RunTime:0.001000s ]
INFO: [ app_begin ] --END-- [ RunTime:0.001000s ]
INFO: [ app_end ] --START--
INFO: Run Behavior\ShowPageTraceBehavior [ RunTime:0.001000s ]
INFO: [ app_end ] --END-- [ RunTime:0.002000s ]

[ 2016-03-29T09:06:56+08:00 ] 127.0.0.1 /index.php/Admin/index/login.html
INFO: [ app_init ] --START--
INFO: Run Behavior\BuildLiteBehavior [ RunTime:0.000000s ]
INFO: [ app_init ] --END-- [ RunTime:0.001000s ]
INFO: [ app_begin ] --START--
INFO: Run Behavior\ReadHtmlCacheBehavior [ RunTime:0.000000s ]
INFO: [ app_begin ] --END-- [ RunTime:0.001000s ]
SQL: SHOW COLUMNS FROM `tp_admin` [ RunTime:0.3820s ]
SQL: SELECT * FROM `tp_admin` WHERE ( username='admin' ) LIMIT 1   [ RunTime:0.0160s ]
NOTIC: [8] Undefined index: logintime E:\WWW\tphui\Application\Admin\Controller\IndexController.class.php 第 60 行.
SQL: UPDATE `tp_admin` SET `login_num`='109' WHERE `id` = 1 [ RunTime:0.0030s ]
INFO: [ view_parse ] --START--
INFO: [ template_filter ] --START--
INFO: Run Behavior\ContentReplaceBehavior [ RunTime:0.000000s ]
INFO: [ template_filter ] --END-- [ RunTime:0.000000s ]
INFO: Run Behavior\ParseTemplateBehavior [ RunTime:0.127007s ]
INFO: [ view_parse ] --END-- [ RunTime:0.127007s ]
INFO: [ view_filter ] --START--
INFO: Run Behavior\WriteHtmlCacheBehavior [ RunTime:0.001000s ]
INFO: [ view_filter ] --END-- [ RunTime:0.001000s ]
INFO: [ app_end ] --START--
INFO: Run Behavior\ShowPageTraceBehavior [ RunTime:0.001000s ]
INFO: [ app_end ] --END-- [ RunTime:0.001000s ]

[ 2016-03-29T09:06:56+08:00 ] 127.0.0.1 /index.php/Admin/index/login.html
INFO: [ app_init ] --START--
INFO: Run Behavior\BuildLiteBehavior [ RunTime:0.000000s ]
INFO: [ app_init ] --END-- [ RunTime:0.000000s ]
INFO: [ app_begin ] --START--
INFO: Run Behavior\ReadHtmlCacheBehavior [ RunTime:0.001000s ]
INFO: [ app_begin ] --END-- [ RunTime:0.001000s ]
SQL: SHOW COLUMNS FROM `tp_admin` [ RunTime:0.0040s ]
SQL: SELECT * FROM `tp_admin` WHERE ( username='admin' ) LIMIT 1   [ RunTime:0.0000s ]
NOTIC: [8] Undefined index: logintime E:\WWW\tphui\Application\Admin\Controller\IndexController.class.php 第 60 行.
SQL: UPDATE `tp_admin` SET `login_num`='110' WHERE `id` = 1 [ RunTime:0.0000s ]
INFO: [ view_parse ] --START--
INFO: [ template_filter ] --START--
INFO: Run Behavior\ContentReplaceBehavior [ RunTime:0.001000s ]
INFO: [ template_filter ] --END-- [ RunTime:0.001000s ]
INFO: Run Behavior\ParseTemplateBehavior [ RunTime:0.018001s ]
INFO: [ view_parse ] --END-- [ RunTime:0.018001s ]
INFO: [ view_filter ] --START--
INFO: Run Behavior\WriteHtmlCacheBehavior [ RunTime:0.001000s ]
INFO: [ view_filter ] --END-- [ RunTime:0.001000s ]
INFO: [ app_end ] --START--
INFO: Run Behavior\ShowPageTraceBehavior [ RunTime:0.002000s ]
INFO: [ app_end ] --END-- [ RunTime:0.002000s ]

[ 2016-03-29T09:06:58+08:00 ] 127.0.0.1 /index.php/Admin/main/welcome.html
INFO: [ app_init ] --START--
INFO: Run Behavior\BuildLiteBehavior [ RunTime:0.000000s ]
INFO: [ app_init ] --END-- [ RunTime:0.000000s ]
INFO: [ app_begin ] --START--
INFO: Run Behavior\ReadHtmlCacheBehavior [ RunTime:0.000000s ]
INFO: [ app_begin ] --END-- [ RunTime:0.001000s ]
INFO: [ view_parse ] --START--
INFO: [ template_filter ] --START--
INFO: Run Behavior\ContentReplaceBehavior [ RunTime:0.000000s ]
INFO: [ template_filter ] --END-- [ RunTime:0.000000s ]
INFO: Run Behavior\ParseTemplateBehavior [ RunTime:0.161009s ]
INFO: [ view_parse ] --END-- [ RunTime:0.161009s ]
INFO: [ view_filter ] --START--
INFO: Run Behavior\WriteHtmlCacheBehavior [ RunTime:0.001000s ]
INFO: [ view_filter ] --END-- [ RunTime:0.001000s ]
INFO: [ app_end ] --START--
INFO: Run Behavior\ShowPageTraceBehavior [ RunTime:0.001000s ]
INFO: [ app_end ] --END-- [ RunTime:0.001000s ]

[ 2016-03-29T09:06:58+08:00 ] 127.0.0.1 /index.php/Admin/index/skin/blue/skin.css
INFO: [ app_init ] --START--
INFO: Run Behavior\BuildLiteBehavior [ RunTime:0.000000s ]
INFO: [ app_init ] --END-- [ RunTime:0.001000s ]
INFO: [ app_begin ] --START--
INFO: Run Behavior\ReadHtmlCacheBehavior [ RunTime:0.000000s ]
INFO: [ app_begin ] --END-- [ RunTime:0.001000s ]
ERR: 非法操作:skin

[ 2016-03-29T09:07:04+08:00 ] 127.0.0.1 /index.php/Admin/Product/product_brand.html
INFO: [ app_init ] --START--
INFO: Run Behavior\BuildLiteBehavior [ RunTime:0.000000s ]
INFO: [ app_init ] --END-- [ RunTime:0.001000s ]
INFO: [ app_begin ] --START--
INFO: Run Behavior\ReadHtmlCacheBehavior [ RunTime:0.001000s ]
INFO: [ app_begin ] --END-- [ RunTime:0.001000s ]
SQL: SHOW COLUMNS FROM `tp_brand` [ RunTime:0.0970s ]
SQL: SHOW COLUMNS FROM `tp_category` [ RunTime:0.1860s ]
SQL: SELECT * FROM `tp_category`  [ RunTime:0.0000s ]
SQL: SELECT * FROM `tp_brand` WHERE (  1=1  )  [ RunTime:0.0000s ]
INFO: [ view_parse ] --START--
INFO: [ template_filter ] --START--
INFO: Run Behavior\ContentReplaceBehavior [ RunTime:0.000000s ]
INFO: [ template_filter ] --END-- [ RunTime:0.000000s ]
NOTIC: [8] Undefined variable: signbrand E:\WWW\tphui\Application\Runtime\Cache\Admin\a57c6a7c325213e579a2c3a50f1b3eac.php 第 36 行.
NOTIC: [8] Undefined index: level E:\WWW\tphui\Application\Runtime\Cache\Admin\a57c6a7c325213e579a2c3a50f1b3eac.php 第 36 行.
NOTIC: [8] Undefined variable: signbrand E:\WWW\tphui\Application\Runtime\Cache\Admin\a57c6a7c325213e579a2c3a50f1b3eac.php 第 36 行.
NOTIC: [8] Undefined index: level E:\WWW\tphui\Application\Runtime\Cache\Admin\a57c6a7c325213e579a2c3a50f1b3eac.php 第 36 行.
NOTIC: [8] Undefined variable: signbrand E:\WWW\tphui\Application\Runtime\Cache\Admin\a57c6a7c325213e579a2c3a50f1b3eac.php 第 36 行.
NOTIC: [8] Undefined index: level E:\WWW\tphui\Application\Runtime\Cache\Admin\a57c6a7c325213e579a2c3a50f1b3eac.php 第 36 行.
NOTIC: [8] Undefined variable: signbrand E:\WWW\tphui\Application\Runtime\Cache\Admin\a57c6a7c325213e579a2c3a50f1b3eac.php 第 36 行.
NOTIC: [8] Undefined index: level E:\WWW\tphui\Application\Runtime\Cache\Admin\a57c6a7c325213e579a2c3a50f1b3eac.php 第 36 行.
NOTIC: [8] Undefined variable: signbrand E:\WWW\tphui\Application\Runtime\Cache\Admin\a57c6a7c325213e579a2c3a50f1b3eac.php 第 36 行.
NOTIC: [8] Undefined index: level E:\WWW\tphui\Application\Runtime\Cache\Admin\a57c6a7c325213e579a2c3a50f1b3eac.php 第 36 行.
NOTIC: [8] Undefined variable: signbrand E:\WWW\tphui\Application\Runtime\Cache\Admin\a57c6a7c325213e579a2c3a50f1b3eac.php 第 36 行.
NOTIC: [8] Undefined index: level E:\WWW\tphui\Application\Runtime\Cache\Admin\a57c6a7c325213e579a2c3a50f1b3eac.php 第 36 行.
NOTIC: [8] Undefined variable: signbrand E:\WWW\tphui\Application\Runtime\Cache\Admin\a57c6a7c325213e579a2c3a50f1b3eac.php 第 36 行.
NOTIC: [8] Undefined index: level E:\WWW\tphui\Application\Runtime\Cache\Admin\a57c6a7c325213e579a2c3a50f1b3eac.php 第 36 行.
NOTIC: [8] Undefined variable: signbrand E:\WWW\tphui\Application\Runtime\Cache\Admin\a57c6a7c325213e579a2c3a50f1b3eac.php 第 36 行.
NOTIC: [8] Undefined index: level E:\WWW\tphui\Application\Runtime\Cache\Admin\a57c6a7c325213e579a2c3a50f1b3eac.php 第 36 行.
NOTIC: [8] Undefined variable: signbrand E:\WWW\tphui\Application\Runtime\Cache\Admin\a57c6a7c325213e579a2c3a50f1b3eac.php 第 36 行.
NOTIC: [8] Undefined index: level E:\WWW\tphui\Application\Runtime\Cache\Admin\a57c6a7c325213e579a2c3a50f1b3eac.php 第 36 行.
NOTIC: [8] Undefined variable: signbrand E:\WWW\tphui\Application\Runtime\Cache\Admin\a57c6a7c325213e579a2c3a50f1b3eac.php 第 36 行.
NOTIC: [8] Undefined index: level E:\WWW\tphui\Application\Runtime\Cache\Admin\a57c6a7c325213e579a2c3a50f1b3eac.php 第 36 行.
NOTIC: [8] Undefined variable: signbrand E:\WWW\tphui\Application\Runtime\Cache\Admin\a57c6a7c325213e579a2c3a50f1b3eac.php 第 36 行.
NOTIC: [8] Undefined index: level E:\WWW\tphui\Application\Runtime\Cache\Admin\a57c6a7c325213e579a2c3a50f1b3eac.php 第 36 行.
NOTIC: [8] Undefined variable: signbrand E:\WWW\tphui\Application\Runtime\Cache\Admin\a57c6a7c325213e579a2c3a50f1b3eac.php 第 36 行.
NOTIC: [8] Undefined index: level E:\WWW\tphui\Application\Runtime\Cache\Admin\a57c6a7c325213e579a2c3a50f1b3eac.php 第 36 行.
NOTIC: [8] Undefined variable: signbrand E:\WWW\tphui\Application\Runtime\Cache\Admin\a57c6a7c325213e579a2c3a50f1b3eac.php 第 36 行.
NOTIC: [8] Undefined index: level E:\WWW\tphui\Application\Runtime\Cache\Admin\a57c6a7c325213e579a2c3a50f1b3eac.php 第 36 行.
NOTIC: [8] Undefined variable: signbrand E:\WWW\tphui\Application\Runtime\Cache\Admin\a57c6a7c325213e579a2c3a50f1b3eac.php 第 36 行.
NOTIC: [8] Undefined index: level E:\WWW\tphui\Application\Runtime\Cache\Admin\a57c6a7c325213e579a2c3a50f1b3eac.php 第 36 行.
NOTIC: [8] Undefined variable: signbrand E:\WWW\tphui\Application\Runtime\Cache\Admin\a57c6a7c325213e579a2c3a50f1b3eac.php 第 36 行.
NOTIC: [8] Undefined index: level E:\WWW\tphui\Application\Runtime\Cache\Admin\a57c6a7c325213e579a2c3a50f1b3eac.php 第 36 行.
INFO: Run Behavior\ParseTemplateBehavior [ RunTime:0.269015s ]
INFO: [ view_parse ] --END-- [ RunTime:0.269015s ]
INFO: [ view_filter ] --START--
INFO: Run Behavior\WriteHtmlCacheBehavior [ RunTime:0.001000s ]
INFO: [ view_filter ] --END-- [ RunTime:0.001000s ]
INFO: [ app_end ] --START--
INFO: Run Behavior\ShowPageTraceBehavior [ RunTime:0.003001s ]
INFO: [ app_end ] --END-- [ RunTime:0.003001s ]

[ 2016-03-29T09:07:04+08:00 ] 127.0.0.1 /index.php/Admin/Product/lib/laypage/1.2/laypage.js
INFO: [ app_init ] --START--
INFO: Run Behavior\BuildLiteBehavior [ RunTime:0.000000s ]
INFO: [ app_init ] --END-- [ RunTime:0.001000s ]
INFO: [ app_begin ] --START--
INFO: Run Behavior\ReadHtmlCacheBehavior [ RunTime:0.001000s ]
INFO: [ app_begin ] --END-- [ RunTime:0.001000s ]
ERR: 非法操作:lib

[ 2016-03-29T09:07:05+08:00 ] 127.0.0.1 /index.php/Admin/Product/product_aaa
INFO: [ app_init ] --START--
INFO: Run Behavior\BuildLiteBehavior [ RunTime:0.000000s ]
INFO: [ app_init ] --END-- [ RunTime:0.001000s ]
INFO: [ app_begin ] --START--
INFO: Run Behavior\ReadHtmlCacheBehavior [ RunTime:0.001000s ]
INFO: [ app_begin ] --END-- [ RunTime:0.001000s ]
SQL: SHOW COLUMNS FROM `tp_brand` [ RunTime:0.0020s ]
SQL: SELECT * FROM `tp_brand` ORDER BY `brand_id` asc LIMIT 0,10   [ RunTime:0.0000s ]
SQL: SELECT COUNT(*) AS tp_count FROM `tp_brand` LIMIT 1   [ RunTime:0.0610s ]
INFO: [ app_end ] --START--
INFO: Run Behavior\ShowPageTraceBehavior [ RunTime:0.001000s ]
INFO: [ app_end ] --END-- [ RunTime:0.001000s ]

[ 2016-03-29T09:07:12+08:00 ] 127.0.0.1 /index.php/Admin/index/skin/blue/skin.css
INFO: [ app_init ] --START--
INFO: Run Behavior\BuildLiteBehavior [ RunTime:0.000000s ]
INFO: [ app_init ] --END-- [ RunTime:0.001000s ]
INFO: [ app_begin ] --START--
INFO: Run Behavior\ReadHtmlCacheBehavior [ RunTime:0.000000s ]
INFO: [ app_begin ] --END-- [ RunTime:0.000000s ]
ERR: 非法操作:skin

[ 2016-03-29T09:07:20+08:00 ] 127.0.0.1 /index.php/Admin/Product/product_brand.html
INFO: [ app_init ] --START--
INFO: Run Behavior\BuildLiteBehavior [ RunTime:0.000000s ]
INFO: [ app_init ] --END-- [ RunTime:0.000000s ]
INFO: [ app_begin ] --START--
INFO: Run Behavior\ReadHtmlCacheBehavior [ RunTime:0.001001s ]
INFO: [ app_begin ] --END-- [ RunTime:0.001001s ]
SQL: SHOW COLUMNS FROM `tp_brand` [ RunTime:0.0030s ]
SQL: SHOW COLUMNS FROM `tp_category` [ RunTime:0.0020s ]
SQL: SELECT * FROM `tp_category`  [ RunTime:0.0000s ]
SQL: SELECT * FROM `tp_brand` WHERE (  1=1  )  [ RunTime:0.0000s ]
INFO: [ view_parse ] --START--
INFO: [ template_filter ] --START--
INFO: Run Behavior\ContentReplaceBehavior [ RunTime:0.000000s ]
INFO: [ template_filter ] --END-- [ RunTime:0.000000s ]
NOTIC: [8] Undefined variable: signbrand E:\WWW\tphui\Application\Runtime\Cache\Admin\a57c6a7c325213e579a2c3a50f1b3eac.php 第 36 行.
NOTIC: [8] Undefined index: level E:\WWW\tphui\Application\Runtime\Cache\Admin\a57c6a7c325213e579a2c3a50f1b3eac.php 第 36 行.
NOTIC: [8] Undefined variable: signbrand E:\WWW\tphui\Application\Runtime\Cache\Admin\a57c6a7c325213e579a2c3a50f1b3eac.php 第 36 行.
NOTIC: [8] Undefined index: level E:\WWW\tphui\Application\Runtime\Cache\Admin\a57c6a7c325213e579a2c3a50f1b3eac.php 第 36 行.
NOTIC: [8] Undefined variable: signbrand E:\WWW\tphui\Application\Runtime\Cache\Admin\a57c6a7c325213e579a2c3a50f1b3eac.php 第 36 行.
NOTIC: [8] Undefined index: level E:\WWW\tphui\Application\Runtime\Cache\Admin\a57c6a7c325213e579a2c3a50f1b3eac.php 第 36 行.
NOTIC: [8] Undefined variable: signbrand E:\WWW\tphui\Application\Runtime\Cache\Admin\a57c6a7c325213e579a2c3a50f1b3eac.php 第 36 行.
NOTIC: [8] Undefined index: level E:\WWW\tphui\Application\Runtime\Cache\Admin\a57c6a7c325213e579a2c3a50f1b3eac.php 第 36 行.
NOTIC: [8] Undefined variable: signbrand E:\WWW\tphui\Application\Runtime\Cache\Admin\a57c6a7c325213e579a2c3a50f1b3eac.php 第 36 行.
NOTIC: [8] Undefined index: level E:\WWW\tphui\Application\Runtime\Cache\Admin\a57c6a7c325213e579a2c3a50f1b3eac.php 第 36 行.
NOTIC: [8] Undefined variable: signbrand E:\WWW\tphui\Application\Runtime\Cache\Admin\a57c6a7c325213e579a2c3a50f1b3eac.php 第 36 行.
NOTIC: [8] Undefined index: level E:\WWW\tphui\Application\Runtime\Cache\Admin\a57c6a7c325213e579a2c3a50f1b3eac.php 第 36 行.
NOTIC: [8] Undefined variable: signbrand E:\WWW\tphui\Application\Runtime\Cache\Admin\a57c6a7c325213e579a2c3a50f1b3eac.php 第 36 行.
NOTIC: [8] Undefined index: level E:\WWW\tphui\Application\Runtime\Cache\Admin\a57c6a7c325213e579a2c3a50f1b3eac.php 第 36 行.
NOTIC: [8] Undefined variable: signbrand E:\WWW\tphui\Application\Runtime\Cache\Admin\a57c6a7c325213e579a2c3a50f1b3eac.php 第 36 行.
NOTIC: [8] Undefined index: level E:\WWW\tphui\Application\Runtime\Cache\Admin\a57c6a7c325213e579a2c3a50f1b3eac.php 第 36 行.
NOTIC: [8] Undefined variable: signbrand E:\WWW\tphui\Application\Runtime\Cache\Admin\a57c6a7c325213e579a2c3a50f1b3eac.php 第 36 行.
NOTIC: [8] Undefined index: level E:\WWW\tphui\Application\Runtime\Cache\Admin\a57c6a7c325213e579a2c3a50f1b3eac.php 第 36 行.
NOTIC: [8] Undefined variable: signbrand E:\WWW\tphui\Application\Runtime\Cache\Admin\a57c6a7c325213e579a2c3a50f1b3eac.php 第 36 行.
NOTIC: [8] Undefined index: level E:\WWW\tphui\Application\Runtime\Cache\Admin\a57c6a7c325213e579a2c3a50f1b3eac.php 第 36 行.
NOTIC: [8] Undefined variable: signbrand E:\WWW\tphui\Application\Runtime\Cache\Admin\a57c6a7c325213e579a2c3a50f1b3eac.php 第 36 行.
NOTIC: [8] Undefined index: level E:\WWW\tphui\Application\Runtime\Cache\Admin\a57c6a7c325213e579a2c3a50f1b3eac.php 第 36 行.
NOTIC: [8] Undefined variable: signbrand E:\WWW\tphui\Application\Runtime\Cache\Admin\a57c6a7c325213e579a2c3a50f1b3eac.php 第 36 行.
NOTIC: [8] Undefined index: level E:\WWW\tphui\Application\Runtime\Cache\Admin\a57c6a7c325213e579a2c3a50f1b3eac.php 第 36 行.
NOTIC: [8] Undefined variable: signbrand E:\WWW\tphui\Application\Runtime\Cache\Admin\a57c6a7c325213e579a2c3a50f1b3eac.php 第 36 行.
NOTIC: [8] Undefined index: level E:\WWW\tphui\Application\Runtime\Cache\Admin\a57c6a7c325213e579a2c3a50f1b3eac.php 第 36 行.
NOTIC: [8] Undefined variable: signbrand E:\WWW\tphui\Application\Runtime\Cache\Admin\a57c6a7c325213e579a2c3a50f1b3eac.php 第 36 行.
NOTIC: [8] Undefined index: level E:\WWW\tphui\Application\Runtime\Cache\Admin\a57c6a7c325213e579a2c3a50f1b3eac.php 第 36 行.
NOTIC: [8] Undefined variable: signbrand E:\WWW\tphui\Application\Runtime\Cache\Admin\a57c6a7c325213e579a2c3a50f1b3eac.php 第 36 行.
NOTIC: [8] Undefined index: level E:\WWW\tphui\Application\Runtime\Cache\Admin\a57c6a7c325213e579a2c3a50f1b3eac.php 第 36 行.
INFO: Run Behavior\ParseTemplateBehavior [ RunTime:0.010000s ]
INFO: [ view_parse ] --END-- [ RunTime:0.010000s ]
INFO: [ view_filter ] --START--
INFO: Run Behavior\WriteHtmlCacheBehavior [ RunTime:0.000000s ]
INFO: [ view_filter ] --END-- [ RunTime:0.000000s ]
INFO: [ app_end ] --START--
INFO: Run Behavior\ShowPageTraceBehavior [ RunTime:0.000000s ]
INFO: [ app_end ] --END-- [ RunTime:0.000000s ]

[ 2016-03-29T09:07:20+08:00 ] 127.0.0.1 /index.php/Admin/Product/lib/laypage/1.2/laypage.js
INFO: [ app_init ] --START--
INFO: Run Behavior\BuildLiteBehavior [ RunTime:0.000000s ]
INFO: [ app_init ] --END-- [ RunTime:0.001000s ]
INFO: [ app_begin ] --START--
INFO: Run Behavior\ReadHtmlCacheBehavior [ RunTime:0.001000s ]
INFO: [ app_begin ] --END-- [ RunTime:0.001000s ]
ERR: 非法操作:lib

[ 2016-03-29T09:07:20+08:00 ] 127.0.0.1 /index.php/Admin/Product/product_aaa
INFO: [ app_init ] --START--
INFO: Run Behavior\BuildLiteBehavior [ RunTime:0.000000s ]
INFO: [ app_init ] --END-- [ RunTime:0.001000s ]
INFO: [ app_begin ] --START--
INFO: Run Behavior\ReadHtmlCacheBehavior [ RunTime:0.001000s ]
INFO: [ app_begin ] --END-- [ RunTime:0.001000s ]
SQL: SHOW COLUMNS FROM `tp_brand` [ RunTime:0.0040s ]
SQL: SELECT * FROM `tp_brand` ORDER BY `brand_id` asc LIMIT 0,10   [ RunTime:0.0000s ]
SQL: SELECT COUNT(*) AS tp_count FROM `tp_brand` LIMIT 1   [ RunTime:0.0010s ]
INFO: [ app_end ] --START--
INFO: Run Behavior\ShowPageTraceBehavior [ RunTime:0.000000s ]
INFO: [ app_end ] --END-- [ RunTime:0.000000s ]

[ 2016-03-29T09:07:44+08:00 ] 127.0.0.1 /index.php/Admin/Product/product_brand.html
INFO: [ app_init ] --START--
INFO: Run Behavior\BuildLiteBehavior [ RunTime:0.000000s ]
INFO: [ app_init ] --END-- [ RunTime:0.001001s ]
INFO: [ app_begin ] --START--
INFO: Run Behavior\ReadHtmlCacheBehavior [ RunTime:0.001000s ]
INFO: [ app_begin ] --END-- [ RunTime:0.001000s ]
SQL: SHOW COLUMNS FROM `tp_brand` [ RunTime:0.0020s ]
SQL: SHOW COLUMNS FROM `tp_category` [ RunTime:0.0020s ]
SQL: SELECT * FROM `tp_category`  [ RunTime:0.0010s ]
SQL: SELECT * FROM `tp_brand` WHERE (  1=1  )  [ RunTime:0.0000s ]
INFO: [ view_parse ] --START--
INFO: [ template_filter ] --START--
INFO: Run Behavior\ContentReplaceBehavior [ RunTime:0.000000s ]
INFO: [ template_filter ] --END-- [ RunTime:0.000000s ]
NOTIC: [8] Undefined variable: signbrand E:\WWW\tphui\Application\Runtime\Cache\Admin\a57c6a7c325213e579a2c3a50f1b3eac.php 第 36 行.
NOTIC: [8] Undefined index: level E:\WWW\tphui\Application\Runtime\Cache\Admin\a57c6a7c325213e579a2c3a50f1b3eac.php 第 36 行.
NOTIC: [8] Undefined variable: signbrand E:\WWW\tphui\Application\Runtime\Cache\Admin\a57c6a7c325213e579a2c3a50f1b3eac.php 第 36 行.
NOTIC: [8] Undefined index: level E:\WWW\tphui\Application\Runtime\Cache\Admin\a57c6a7c325213e579a2c3a50f1b3eac.php 第 36 行.
NOTIC: [8] Undefined variable: signbrand E:\WWW\tphui\Application\Runtime\Cache\Admin\a57c6a7c325213e579a2c3a50f1b3eac.php 第 36 行.
NOTIC: [8] Undefined index: level E:\WWW\tphui\Application\Runtime\Cache\Admin\a57c6a7c325213e579a2c3a50f1b3eac.php 第 36 行.
NOTIC: [8] Undefined variable: signbrand E:\WWW\tphui\Application\Runtime\Cache\Admin\a57c6a7c325213e579a2c3a50f1b3eac.php 第 36 行.
NOTIC: [8] Undefined index: level E:\WWW\tphui\Application\Runtime\Cache\Admin\a57c6a7c325213e579a2c3a50f1b3eac.php 第 36 行.
NOTIC: [8] Undefined variable: signbrand E:\WWW\tphui\Application\Runtime\Cache\Admin\a57c6a7c325213e579a2c3a50f1b3eac.php 第 36 行.
NOTIC: [8] Undefined index: level E:\WWW\tphui\Application\Runtime\Cache\Admin\a57c6a7c325213e579a2c3a50f1b3eac.php 第 36 行.
NOTIC: [8] Undefined variable: signbrand E:\WWW\tphui\Application\Runtime\Cache\Admin\a57c6a7c325213e579a2c3a50f1b3eac.php 第 36 行.
NOTIC: [8] Undefined index: level E:\WWW\tphui\Application\Runtime\Cache\Admin\a57c6a7c325213e579a2c3a50f1b3eac.php 第 36 行.
NOTIC: [8] Undefined variable: signbrand E:\WWW\tphui\Application\Runtime\Cache\Admin\a57c6a7c325213e579a2c3a50f1b3eac.php 第 36 行.
NOTIC: [8] Undefined index: level E:\WWW\tphui\Application\Runtime\Cache\Admin\a57c6a7c325213e579a2c3a50f1b3eac.php 第 36 行.
NOTIC: [8] Undefined variable: signbrand E:\WWW\tphui\Application\Runtime\Cache\Admin\a57c6a7c325213e579a2c3a50f1b3eac.php 第 36 行.
NOTIC: [8] Undefined index: level E:\WWW\tphui\Application\Runtime\Cache\Admin\a57c6a7c325213e579a2c3a50f1b3eac.php 第 36 行.
NOTIC: [8] Undefined variable: signbrand E:\WWW\tphui\Application\Runtime\Cache\Admin\a57c6a7c325213e579a2c3a50f1b3eac.php 第 36 行.
NOTIC: [8] Undefined index: level E:\WWW\tphui\Application\Runtime\Cache\Admin\a57c6a7c325213e579a2c3a50f1b3eac.php 第 36 行.
NOTIC: [8] Undefined variable: signbrand E:\WWW\tphui\Application\Runtime\Cache\Admin\a57c6a7c325213e579a2c3a50f1b3eac.php 第 36 行.
NOTIC: [8] Undefined index: level E:\WWW\tphui\Application\Runtime\Cache\Admin\a57c6a7c325213e579a2c3a50f1b3eac.php 第 36 行.
NOTIC: [8] Undefined variable: signbrand E:\WWW\tphui\Application\Runtime\Cache\Admin\a57c6a7c325213e579a2c3a50f1b3eac.php 第 36 行.
NOTIC: [8] Undefined index: level E:\WWW\tphui\Application\Runtime\Cache\Admin\a57c6a7c325213e579a2c3a50f1b3eac.php 第 36 行.
NOTIC: [8] Undefined variable: signbrand E:\WWW\tphui\Application\Runtime\Cache\Admin\a57c6a7c325213e579a2c3a50f1b3eac.php 第 36 行.
NOTIC: [8] Undefined index: level E:\WWW\tphui\Application\Runtime\Cache\Admin\a57c6a7c325213e579a2c3a50f1b3eac.php 第 36 行.
NOTIC: [8] Undefined variable: signbrand E:\WWW\tphui\Application\Runtime\Cache\Admin\a57c6a7c325213e579a2c3a50f1b3eac.php 第 36 行.
NOTIC: [8] Undefined index: level E:\WWW\tphui\Application\Runtime\Cache\Admin\a57c6a7c325213e579a2c3a50f1b3eac.php 第 36 行.
NOTIC: [8] Undefined variable: signbrand E:\WWW\tphui\Application\Runtime\Cache\Admin\a57c6a7c325213e579a2c3a50f1b3eac.php 第 36 行.
NOTIC: [8] Undefined index: level E:\WWW\tphui\Application\Runtime\Cache\Admin\a57c6a7c325213e579a2c3a50f1b3eac.php 第 36 行.
NOTIC: [8] Undefined variable: signbrand E:\WWW\tphui\Application\Runtime\Cache\Admin\a57c6a7c325213e579a2c3a50f1b3eac.php 第 36 行.
NOTIC: [8] Undefined index: level E:\WWW\tphui\Application\Runtime\Cache\Admin\a57c6a7c325213e579a2c3a50f1b3eac.php 第 36 行.
INFO: Run Behavior\ParseTemplateBehavior [ RunTime:0.009000s ]
INFO: [ view_parse ] --END-- [ RunTime:0.009000s ]
INFO: [ view_filter ] --START--
INFO: Run Behavior\WriteHtmlCacheBehavior [ RunTime:0.000000s ]
INFO: [ view_filter ] --END-- [ RunTime:0.000000s ]
INFO: [ app_end ] --START--
INFO: Run Behavior\ShowPageTraceBehavior [ RunTime:0.001000s ]
INFO: [ app_end ] --END-- [ RunTime:0.001000s ]

[ 2016-03-29T09:07:44+08:00 ] 127.0.0.1 /index.php/Admin/Product/lib/laypage/1.2/laypage.js
INFO: [ app_init ] --START--
INFO: Run Behavior\BuildLiteBehavior [ RunTime:0.000000s ]
INFO: [ app_init ] --END-- [ RunTime:0.000000s ]
INFO: [ app_begin ] --START--
INFO: Run Behavior\ReadHtmlCacheBehavior [ RunTime:0.001000s ]
INFO: [ app_begin ] --END-- [ RunTime:0.001000s ]
ERR: 非法操作:lib

[ 2016-03-29T09:07:44+08:00 ] 127.0.0.1 /index.php/Admin/Product/product_aaa
INFO: [ app_init ] --START--
INFO: Run Behavior\BuildLiteBehavior [ RunTime:0.000000s ]
INFO: [ app_init ] --END-- [ RunTime:0.000000s ]
INFO: [ app_begin ] --START--
INFO: Run Behavior\ReadHtmlCacheBehavior [ RunTime:0.001000s ]
INFO: [ app_begin ] --END-- [ RunTime:0.001000s ]
SQL: SHOW COLUMNS FROM `tp_brand` [ RunTime:0.0050s ]
SQL: SELECT * FROM `tp_brand` ORDER BY `brand_id` asc LIMIT 0,10   [ RunTime:0.0000s ]
SQL: SELECT COUNT(*) AS tp_count FROM `tp_brand` LIMIT 1   [ RunTime:0.0000s ]
INFO: [ app_end ] --START--
INFO: Run Behavior\ShowPageTraceBehavior [ RunTime:0.001000s ]
INFO: [ app_end ] --END-- [ RunTime:0.001000s ]

[ 2016-03-29T09:07:54+08:00 ] 127.0.0.1 /index.php/Admin/Product/product_brand.html
INFO: [ app_init ] --START--
INFO: Run Behavior\BuildLiteBehavior [ RunTime:0.000000s ]
INFO: [ app_init ] --END-- [ RunTime:0.001000s ]
INFO: [ app_begin ] --START--
INFO: Run Behavior\ReadHtmlCacheBehavior [ RunTime:0.001000s ]
INFO: [ app_begin ] --END-- [ RunTime:0.001000s ]
SQL: SHOW COLUMNS FROM `tp_brand` [ RunTime:0.0030s ]
SQL: SHOW COLUMNS FROM `tp_category` [ RunTime:0.0020s ]
SQL: SELECT * FROM `tp_category`  [ RunTime:0.0000s ]
SQL: SELECT * FROM `tp_brand` WHERE (  1=1  )  [ RunTime:0.0010s ]
INFO: [ view_parse ] --START--
INFO: [ template_filter ] --START--
INFO: Run Behavior\ContentReplaceBehavior [ RunTime:0.000000s ]
INFO: [ template_filter ] --END-- [ RunTime:0.000000s ]
NOTIC: [8] Undefined variable: signbrand E:\WWW\tphui\Application\Runtime\Cache\Admin\a57c6a7c325213e579a2c3a50f1b3eac.php 第 36 行.
NOTIC: [8] Undefined index: level E:\WWW\tphui\Application\Runtime\Cache\Admin\a57c6a7c325213e579a2c3a50f1b3eac.php 第 36 行.
NOTIC: [8] Undefined variable: signbrand E:\WWW\tphui\Application\Runtime\Cache\Admin\a57c6a7c325213e579a2c3a50f1b3eac.php 第 36 行.
NOTIC: [8] Undefined index: level E:\WWW\tphui\Application\Runtime\Cache\Admin\a57c6a7c325213e579a2c3a50f1b3eac.php 第 36 行.
NOTIC: [8] Undefined variable: signbrand E:\WWW\tphui\Application\Runtime\Cache\Admin\a57c6a7c325213e579a2c3a50f1b3eac.php 第 36 行.
NOTIC: [8] Undefined index: level E:\WWW\tphui\Application\Runtime\Cache\Admin\a57c6a7c325213e579a2c3a50f1b3eac.php 第 36 行.
NOTIC: [8] Undefined variable: signbrand E:\WWW\tphui\Application\Runtime\Cache\Admin\a57c6a7c325213e579a2c3a50f1b3eac.php 第 36 行.
NOTIC: [8] Undefined index: level E:\WWW\tphui\Application\Runtime\Cache\Admin\a57c6a7c325213e579a2c3a50f1b3eac.php 第 36 行.
NOTIC: [8] Undefined variable: signbrand E:\WWW\tphui\Application\Runtime\Cache\Admin\a57c6a7c325213e579a2c3a50f1b3eac.php 第 36 行.
NOTIC: [8] Undefined index: level E:\WWW\tphui\Application\Runtime\Cache\Admin\a57c6a7c325213e579a2c3a50f1b3eac.php 第 36 行.
NOTIC: [8] Undefined variable: signbrand E:\WWW\tphui\Application\Runtime\Cache\Admin\a57c6a7c325213e579a2c3a50f1b3eac.php 第 36 行.
NOTIC: [8] Undefined index: level E:\WWW\tphui\Application\Runtime\Cache\Admin\a57c6a7c325213e579a2c3a50f1b3eac.php 第 36 行.
NOTIC: [8] Undefined variable: signbrand E:\WWW\tphui\Application\Runtime\Cache\Admin\a57c6a7c325213e579a2c3a50f1b3eac.php 第 36 行.
NOTIC: [8] Undefined index: level E:\WWW\tphui\Application\Runtime\Cache\Admin\a57c6a7c325213e579a2c3a50f1b3eac.php 第 36 行.
NOTIC: [8] Undefined variable: signbrand E:\WWW\tphui\Application\Runtime\Cache\Admin\a57c6a7c325213e579a2c3a50f1b3eac.php 第 36 行.
NOTIC: [8] Undefined index: level E:\WWW\tphui\Application\Runtime\Cache\Admin\a57c6a7c325213e579a2c3a50f1b3eac.php 第 36 行.
NOTIC: [8] Undefined variable: signbrand E:\WWW\tphui\Application\Runtime\Cache\Admin\a57c6a7c325213e579a2c3a50f1b3eac.php 第 36 行.
NOTIC: [8] Undefined index: level E:\WWW\tphui\Application\Runtime\Cache\Admin\a57c6a7c325213e579a2c3a50f1b3eac.php 第 36 行.
NOTIC: [8] Undefined variable: signbrand E:\WWW\tphui\Application\Runtime\Cache\Admin\a57c6a7c325213e579a2c3a50f1b3eac.php 第 36 行.
NOTIC: [8] Undefined index: level E:\WWW\tphui\Application\Runtime\Cache\Admin\a57c6a7c325213e579a2c3a50f1b3eac.php 第 36 行.
NOTIC: [8] Undefined variable: signbrand E:\WWW\tphui\Application\Runtime\Cache\Admin\a57c6a7c325213e579a2c3a50f1b3eac.php 第 36 行.
NOTIC: [8] Undefined index: level E:\WWW\tphui\Application\Runtime\Cache\Admin\a57c6a7c325213e579a2c3a50f1b3eac.php 第 36 行.
NOTIC: [8] Undefined variable: signbrand E:\WWW\tphui\Application\Runtime\Cache\Admin\a57c6a7c325213e579a2c3a50f1b3eac.php 第 36 行.
NOTIC: [8] Undefined index: level E:\WWW\tphui\Application\Runtime\Cache\Admin\a57c6a7c325213e579a2c3a50f1b3eac.php 第 36 行.
NOTIC: [8] Undefined variable: signbrand E:\WWW\tphui\Application\Runtime\Cache\Admin\a57c6a7c325213e579a2c3a50f1b3eac.php 第 36 行.
NOTIC: [8] Undefined index: level E:\WWW\tphui\Application\Runtime\Cache\Admin\a57c6a7c325213e579a2c3a50f1b3eac.php 第 36 行.
NOTIC: [8] Undefined variable: signbrand E:\WWW\tphui\Application\Runtime\Cache\Admin\a57c6a7c325213e579a2c3a50f1b3eac.php 第 36 行.
NOTIC: [8] Undefined index: level E:\WWW\tphui\Application\Runtime\Cache\Admin\a57c6a7c325213e579a2c3a50f1b3eac.php 第 36 行.
NOTIC: [8] Undefined variable: signbrand E:\WWW\tphui\Application\Runtime\Cache\Admin\a57c6a7c325213e579a2c3a50f1b3eac.php 第 36 行.
NOTIC: [8] Undefined index: level E:\WWW\tphui\Application\Runtime\Cache\Admin\a57c6a7c325213e579a2c3a50f1b3eac.php 第 36 行.
INFO: Run Behavior\ParseTemplateBehavior [ RunTime:0.010001s ]
INFO: [ view_parse ] --END-- [ RunTime:0.010001s ]
INFO: [ view_filter ] --START--
INFO: Run Behavior\WriteHtmlCacheBehavior [ RunTime:0.001000s ]
INFO: [ view_filter ] --END-- [ RunTime:0.001000s ]
INFO: [ app_end ] --START--
INFO: Run Behavior\ShowPageTraceBehavior [ RunTime:0.001000s ]
INFO: [ app_end ] --END-- [ RunTime:0.001000s ]

[ 2016-03-29T09:07:54+08:00 ] 127.0.0.1 /index.php/Admin/Product/lib/laypage/1.2/laypage.js
INFO: [ app_init ] --START--
INFO: Run Behavior\BuildLiteBehavior [ RunTime:0.000000s ]
INFO: [ app_init ] --END-- [ RunTime:0.001000s ]
INFO: [ app_begin ] --START--
INFO: Run Behavior\ReadHtmlCacheBehavior [ RunTime:0.001000s ]
INFO: [ app_begin ] --END-- [ RunTime:0.001000s ]
ERR: 非法操作:lib

[ 2016-03-29T09:07:54+08:00 ] 127.0.0.1 /index.php/Admin/Product/product_aaa
INFO: [ app_init ] --START--
INFO: Run Behavior\BuildLiteBehavior [ RunTime:0.000000s ]
INFO: [ app_init ] --END-- [ RunTime:0.001000s ]
INFO: [ app_begin ] --START--
INFO: Run Behavior\ReadHtmlCacheBehavior [ RunTime:0.000000s ]
INFO: [ app_begin ] --END-- [ RunTime:0.001000s ]
SQL: SHOW COLUMNS FROM `tp_brand` [ RunTime:0.0040s ]
SQL: SELECT * FROM `tp_brand` ORDER BY `brand_id` asc LIMIT 0,10   [ RunTime:0.0000s ]
SQL: SELECT COUNT(*) AS tp_count FROM `tp_brand` LIMIT 1   [ RunTime:0.0010s ]
INFO: [ app_end ] --START--
INFO: Run Behavior\ShowPageTraceBehavior [ RunTime:0.001000s ]
INFO: [ app_end ] --END-- [ RunTime:0.001000s ]

[ 2016-03-29T09:08:09+08:00 ] 127.0.0.1 /index.php/Admin/Product/product_brand.html
INFO: [ app_init ] --START--
INFO: Run Behavior\BuildLiteBehavior [ RunTime:0.000000s ]
INFO: [ app_init ] --END-- [ RunTime:0.000000s ]
INFO: [ app_begin ] --START--
INFO: Run Behavior\ReadHtmlCacheBehavior [ RunTime:0.000000s ]
INFO: [ app_begin ] --END-- [ RunTime:0.000000s ]
SQL: SHOW COLUMNS FROM `tp_brand` [ RunTime:0.0030s ]
SQL: SHOW COLUMNS FROM `tp_category` [ RunTime:0.0040s ]
SQL: SELECT * FROM `tp_category`  [ RunTime:0.0000s ]
SQL: SELECT * FROM `tp_brand` WHERE (  1=1  )  [ RunTime:0.0000s ]
INFO: [ view_parse ] --START--
INFO: [ template_filter ] --START--
INFO: Run Behavior\ContentReplaceBehavior [ RunTime:0.000000s ]
INFO: [ template_filter ] --END-- [ RunTime:0.000000s ]
NOTIC: [8] Undefined variable: signbrand E:\WWW\tphui\Application\Runtime\Cache\Admin\a57c6a7c325213e579a2c3a50f1b3eac.php 第 36 行.
NOTIC: [8] Undefined index: level E:\WWW\tphui\Application\Runtime\Cache\Admin\a57c6a7c325213e579a2c3a50f1b3eac.php 第 36 行.
NOTIC: [8] Undefined variable: signbrand E:\WWW\tphui\Application\Runtime\Cache\Admin\a57c6a7c325213e579a2c3a50f1b3eac.php 第 36 行.
NOTIC: [8] Undefined index: level E:\WWW\tphui\Application\Runtime\Cache\Admin\a57c6a7c325213e579a2c3a50f1b3eac.php 第 36 行.
NOTIC: [8] Undefined variable: signbrand E:\WWW\tphui\Application\Runtime\Cache\Admin\a57c6a7c325213e579a2c3a50f1b3eac.php 第 36 行.
NOTIC: [8] Undefined index: level E:\WWW\tphui\Application\Runtime\Cache\Admin\a57c6a7c325213e579a2c3a50f1b3eac.php 第 36 行.
NOTIC: [8] Undefined variable: signbrand E:\WWW\tphui\Application\Runtime\Cache\Admin\a57c6a7c325213e579a2c3a50f1b3eac.php 第 36 行.
NOTIC: [8] Undefined index: level E:\WWW\tphui\Application\Runtime\Cache\Admin\a57c6a7c325213e579a2c3a50f1b3eac.php 第 36 行.
NOTIC: [8] Undefined variable: signbrand E:\WWW\tphui\Application\Runtime\Cache\Admin\a57c6a7c325213e579a2c3a50f1b3eac.php 第 36 行.
NOTIC: [8] Undefined index: level E:\WWW\tphui\Application\Runtime\Cache\Admin\a57c6a7c325213e579a2c3a50f1b3eac.php 第 36 行.
NOTIC: [8] Undefined variable: signbrand E:\WWW\tphui\Application\Runtime\Cache\Admin\a57c6a7c325213e579a2c3a50f1b3eac.php 第 36 行.
NOTIC: [8] Undefined index: level E:\WWW\tphui\Application\Runtime\Cache\Admin\a57c6a7c325213e579a2c3a50f1b3eac.php 第 36 行.
NOTIC: [8] Undefined variable: signbrand E:\WWW\tphui\Application\Runtime\Cache\Admin\a57c6a7c325213e579a2c3a50f1b3eac.php 第 36 行.
NOTIC: [8] Undefined index: level E:\WWW\tphui\Application\Runtime\Cache\Admin\a57c6a7c325213e579a2c3a50f1b3eac.php 第 36 行.
NOTIC: [8] Undefined variable: signbrand E:\WWW\tphui\Application\Runtime\Cache\Admin\a57c6a7c325213e579a2c3a50f1b3eac.php 第 36 行.
NOTIC: [8] Undefined index: level E:\WWW\tphui\Application\Runtime\Cache\Admin\a57c6a7c325213e579a2c3a50f1b3eac.php 第 36 行.
NOTIC: [8] Undefined variable: signbrand E:\WWW\tphui\Application\Runtime\Cache\Admin\a57c6a7c325213e579a2c3a50f1b3eac.php 第 36 行.
NOTIC: [8] Undefined index: level E:\WWW\tphui\Application\Runtime\Cache\Admin\a57c6a7c325213e579a2c3a50f1b3eac.php 第 36 行.
NOTIC: [8] Undefined variable: signbrand E:\WWW\tphui\Application\Runtime\Cache\Admin\a57c6a7c325213e579a2c3a50f1b3eac.php 第 36 行.
NOTIC: [8] Undefined index: level E:\WWW\tphui\Application\Runtime\Cache\Admin\a57c6a7c325213e579a2c3a50f1b3eac.php 第 36 行.
NOTIC: [8] Undefined variable: signbrand E:\WWW\tphui\Application\Runtime\Cache\Admin\a57c6a7c325213e579a2c3a50f1b3eac.php 第 36 行.
NOTIC: [8] Undefined index: level E:\WWW\tphui\Application\Runtime\Cache\Admin\a57c6a7c325213e579a2c3a50f1b3eac.php 第 36 行.
NOTIC: [8] Undefined variable: signbrand E:\WWW\tphui\Application\Runtime\Cache\Admin\a57c6a7c325213e579a2c3a50f1b3eac.php 第 36 行.
NOTIC: [8] Undefined index: level E:\WWW\tphui\Application\Runtime\Cache\Admin\a57c6a7c325213e579a2c3a50f1b3eac.php 第 36 行.
NOTIC: [8] Undefined variable: signbrand E:\WWW\tphui\Application\Runtime\Cache\Admin\a57c6a7c325213e579a2c3a50f1b3eac.php 第 36 行.
NOTIC: [8] Undefined index: level E:\WWW\tphui\Application\Runtime\Cache\Admin\a57c6a7c325213e579a2c3a50f1b3eac.php 第 36 行.
NOTIC: [8] Undefined variable: signbrand E:\WWW\tphui\Application\Runtime\Cache\Admin\a57c6a7c325213e579a2c3a50f1b3eac.php 第 36 行.
NOTIC: [8] Undefined index: level E:\WWW\tphui\Application\Runtime\Cache\Admin\a57c6a7c325213e579a2c3a50f1b3eac.php 第 36 行.
NOTIC: [8] Undefined variable: signbrand E:\WWW\tphui\Application\Runtime\Cache\Admin\a57c6a7c325213e579a2c3a50f1b3eac.php 第 36 行.
NOTIC: [8] Undefined index: level E:\WWW\tphui\Application\Runtime\Cache\Admin\a57c6a7c325213e579a2c3a50f1b3eac.php 第 36 行.
INFO: Run Behavior\ParseTemplateBehavior [ RunTime:0.009000s ]
INFO: [ view_parse ] --END-- [ RunTime:0.009000s ]
INFO: [ view_filter ] --START--
INFO: Run Behavior\WriteHtmlCacheBehavior [ RunTime:0.001000s ]
INFO: [ view_filter ] --END-- [ RunTime:0.001000s ]
INFO: [ app_end ] --START--
INFO: Run Behavior\ShowPageTraceBehavior [ RunTime:0.000000s ]
INFO: [ app_end ] --END-- [ RunTime:0.000000s ]

[ 2016-03-29T09:08:09+08:00 ] 127.0.0.1 /index.php/Admin/Product/lib/laypage/1.2/laypage.js
INFO: [ app_init ] --START--
INFO: Run Behavior\BuildLiteBehavior [ RunTime:0.000000s ]
INFO: [ app_init ] --END-- [ RunTime:0.001000s ]
INFO: [ app_begin ] --START--
INFO: Run Behavior\ReadHtmlCacheBehavior [ RunTime:0.001000s ]
INFO: [ app_begin ] --END-- [ RunTime:0.001000s ]
ERR: 非法操作:lib

[ 2016-03-29T09:08:09+08:00 ] 127.0.0.1 /index.php/Admin/Product/product_aaa
INFO: [ app_init ] --START--
INFO: Run Behavior\BuildLiteBehavior [ RunTime:0.000000s ]
INFO: [ app_init ] --END-- [ RunTime:0.000000s ]
INFO: [ app_begin ] --START--
INFO: Run Behavior\ReadHtmlCacheBehavior [ RunTime:0.001000s ]
INFO: [ app_begin ] --END-- [ RunTime:0.001000s ]
SQL: SHOW COLUMNS FROM `tp_brand` [ RunTime:0.0020s ]
SQL: SELECT * FROM `tp_brand` ORDER BY `brand_id` asc LIMIT 0,10   [ RunTime:0.0000s ]
SQL: SELECT COUNT(*) AS tp_count FROM `tp_brand` LIMIT 1   [ RunTime:0.0010s ]
INFO: [ app_end ] --START--
INFO: Run Behavior\ShowPageTraceBehavior [ RunTime:0.001000s ]
INFO: [ app_end ] --END-- [ RunTime:0.001000s ]

[ 2016-03-29T09:08:19+08:00 ] 127.0.0.1 /index.php/Admin/Product/product_aaa
INFO: [ app_init ] --START--
INFO: Run Behavior\BuildLiteBehavior [ RunTime:0.000000s ]
INFO: [ app_init ] --END-- [ RunTime:0.000000s ]
INFO: [ app_begin ] --START--
INFO: Run Behavior\ReadHtmlCacheBehavior [ RunTime:0.001000s ]
INFO: [ app_begin ] --END-- [ RunTime:0.001000s ]
SQL: SHOW COLUMNS FROM `tp_brand` [ RunTime:0.0020s ]
SQL: SELECT * FROM `tp_brand` WHERE ( `BRAND_NAME` like '%2%' ) ORDER BY `brand_id` asc LIMIT 0,10   [ RunTime:0.0000s ]
SQL: SELECT COUNT(*) AS tp_count FROM `tp_brand` WHERE ( `BRAND_NAME` like '%2%' ) LIMIT 1   [ RunTime:0.0000s ]
INFO: [ app_end ] --START--
INFO: Run Behavior\ShowPageTraceBehavior [ RunTime:0.001000s ]
INFO: [ app_end ] --END-- [ RunTime:0.001000s ]

[ 2016-03-29T09:11:38+08:00 ] 127.0.0.1 /index.php/Admin/index/skin/blue/skin.css
INFO: [ app_init ] --START--
INFO: Run Behavior\BuildLiteBehavior [ RunTime:0.000000s ]
INFO: [ app_init ] --END-- [ RunTime:0.000000s ]
INFO: [ app_begin ] --START--
INFO: Run Behavior\ReadHtmlCacheBehavior [ RunTime:0.001000s ]
INFO: [ app_begin ] --END-- [ RunTime:0.001000s ]
ERR: 非法操作:skin

