[ 2016-04-05T09:54:45+08:00 ] 127.0.0.1 /admin
INFO: [ app_init ] --START--
INFO: Run Behavior\BuildLiteBehavior [ RunTime:0.000000s ]
INFO: [ app_init ] --END-- [ RunTime:0.000000s ]
INFO: [ app_begin ] --START--
INFO: Run Behavior\ReadHtmlCacheBehavior [ RunTime:0.034002s ]
INFO: [ app_begin ] --END-- [ RunTime:0.034002s ]

[ 2016-04-05T09:54:46+08:00 ] 127.0.0.1 /index.php/Admin/Index/login.html
INFO: [ app_init ] --START--
INFO: Run Behavior\BuildLiteBehavior [ RunTime:0.000000s ]
INFO: [ app_init ] --END-- [ RunTime:0.001001s ]
INFO: [ app_begin ] --START--
INFO: Run Behavior\ReadHtmlCacheBehavior [ RunTime:0.000000s ]
INFO: [ app_begin ] --END-- [ RunTime:0.000000s ]
INFO: [ view_parse ] --START--
INFO: [ template_filter ] --START--
INFO: Run Behavior\ContentReplaceBehavior [ RunTime:0.000000s ]
INFO: [ template_filter ] --END-- [ RunTime:0.000000s ]
INFO: Run Behavior\ParseTemplateBehavior [ RunTime:0.448025s ]
INFO: [ view_parse ] --END-- [ RunTime:0.448025s ]
INFO: [ view_filter ] --START--
INFO: Run Behavior\WriteHtmlCacheBehavior [ RunTime:0.140008s ]
INFO: [ view_filter ] --END-- [ RunTime:0.140008s ]
INFO: [ app_end ] --START--
INFO: Run Behavior\ShowPageTraceBehavior [ RunTime:0.015000s ]
INFO: [ app_end ] --END-- [ RunTime:0.016001s ]

[ 2016-04-05T09:54:48+08:00 ] 127.0.0.1 /index.php/Admin/Index/verifys.html
INFO: [ app_init ] --START--
INFO: Run Behavior\BuildLiteBehavior [ RunTime:0.000000s ]
INFO: [ app_init ] --END-- [ RunTime:0.001000s ]
INFO: [ app_begin ] --START--
INFO: Run Behavior\ReadHtmlCacheBehavior [ RunTime:0.001000s ]
INFO: [ app_begin ] --END-- [ RunTime:0.001000s ]
INFO: [ app_end ] --START--
INFO: Run Behavior\ShowPageTraceBehavior [ RunTime:0.002001s ]
INFO: [ app_end ] --END-- [ RunTime:0.003001s ]

[ 2016-04-05T09:55:08+08:00 ] 127.0.0.1 /index.php/Admin/index/login.html
INFO: [ app_init ] --START--
INFO: Run Behavior\BuildLiteBehavior [ RunTime:0.000000s ]
INFO: [ app_init ] --END-- [ RunTime:0.001000s ]
INFO: [ app_begin ] --START--
INFO: Run Behavior\ReadHtmlCacheBehavior [ RunTime:0.001000s ]
INFO: [ app_begin ] --END-- [ RunTime:0.001000s ]
SQL: SHOW COLUMNS FROM `tp_admin` [ RunTime:0.3200s ]
SQL: SELECT * FROM `tp_admin` WHERE ( username='admin' ) LIMIT 1   [ RunTime:0.0010s ]
NOTIC: [8] Undefined index: logintime E:\WWW\tphui\Application\Admin\Controller\IndexController.class.php 第 60 行.
SQL: UPDATE `tp_admin` SET `login_num`='111' WHERE `id` = 1 [ RunTime:0.0260s ]
INFO: [ view_parse ] --START--
INFO: [ template_filter ] --START--
INFO: Run Behavior\ContentReplaceBehavior [ RunTime:0.001000s ]
INFO: [ template_filter ] --END-- [ RunTime:0.001000s ]
INFO: Run Behavior\ParseTemplateBehavior [ RunTime:0.035002s ]
INFO: [ view_parse ] --END-- [ RunTime:0.035002s ]
INFO: [ view_filter ] --START--
INFO: Run Behavior\WriteHtmlCacheBehavior [ RunTime:0.002000s ]
INFO: [ view_filter ] --END-- [ RunTime:0.002000s ]
INFO: [ app_end ] --START--
INFO: Run Behavior\ShowPageTraceBehavior [ RunTime:0.002000s ]
INFO: [ app_end ] --END-- [ RunTime:0.002000s ]

[ 2016-04-05T09:55:09+08:00 ] 127.0.0.1 /index.php/Admin/main/welcome.html
INFO: [ app_init ] --START--
INFO: Run Behavior\BuildLiteBehavior [ RunTime:0.000000s ]
INFO: [ app_init ] --END-- [ RunTime:0.001000s ]
INFO: [ app_begin ] --START--
INFO: Run Behavior\ReadHtmlCacheBehavior [ RunTime:0.001000s ]
INFO: [ app_begin ] --END-- [ RunTime:0.001000s ]
INFO: [ view_parse ] --START--
INFO: [ template_filter ] --START--
INFO: Run Behavior\ContentReplaceBehavior [ RunTime:0.000000s ]
INFO: [ template_filter ] --END-- [ RunTime:0.000000s ]
INFO: Run Behavior\ParseTemplateBehavior [ RunTime:0.014001s ]
INFO: [ view_parse ] --END-- [ RunTime:0.014001s ]
INFO: [ view_filter ] --START--
INFO: Run Behavior\WriteHtmlCacheBehavior [ RunTime:0.001000s ]
INFO: [ view_filter ] --END-- [ RunTime:0.001000s ]
INFO: [ app_end ] --START--
INFO: Run Behavior\ShowPageTraceBehavior [ RunTime:0.001000s ]
INFO: [ app_end ] --END-- [ RunTime:0.001000s ]

[ 2016-04-05T09:55:09+08:00 ] 127.0.0.1 /index.php/Admin/index/skin/blue/skin.css
INFO: [ app_init ] --START--
INFO: Run Behavior\BuildLiteBehavior [ RunTime:0.000000s ]
INFO: [ app_init ] --END-- [ RunTime:0.001000s ]
INFO: [ app_begin ] --START--
INFO: Run Behavior\ReadHtmlCacheBehavior [ RunTime:0.001000s ]
INFO: [ app_begin ] --END-- [ RunTime:0.001000s ]
ERR: 非法操作:skin

[ 2016-04-05T09:55:17+08:00 ] 127.0.0.1 /index.php/Admin/Product/product_category.html
INFO: [ app_init ] --START--
INFO: Run Behavior\BuildLiteBehavior [ RunTime:0.000000s ]
INFO: [ app_init ] --END-- [ RunTime:0.000000s ]
INFO: [ app_begin ] --START--
INFO: Run Behavior\ReadHtmlCacheBehavior [ RunTime:0.000000s ]
INFO: [ app_begin ] --END-- [ RunTime:0.000000s ]
INFO: [ view_parse ] --START--
INFO: [ template_filter ] --START--
INFO: Run Behavior\ContentReplaceBehavior [ RunTime:0.001000s ]
INFO: [ template_filter ] --END-- [ RunTime:0.001000s ]
INFO: Run Behavior\ParseTemplateBehavior [ RunTime:0.020001s ]
INFO: [ view_parse ] --END-- [ RunTime:0.020001s ]
INFO: [ view_filter ] --START--
INFO: Run Behavior\WriteHtmlCacheBehavior [ RunTime:0.001000s ]
INFO: [ view_filter ] --END-- [ RunTime:0.001000s ]
INFO: [ app_end ] --START--
INFO: Run Behavior\ShowPageTraceBehavior [ RunTime:0.000000s ]
INFO: [ app_end ] --END-- [ RunTime:0.001000s ]

[ 2016-04-05T09:55:17+08:00 ] 127.0.0.1 /index.php/Admin/Product/css/H-ui.min.css
INFO: [ app_init ] --START--
INFO: Run Behavior\BuildLiteBehavior [ RunTime:0.000000s ]
INFO: [ app_init ] --END-- [ RunTime:0.001000s ]
INFO: [ app_begin ] --START--
INFO: Run Behavior\ReadHtmlCacheBehavior [ RunTime:0.027002s ]
INFO: [ app_begin ] --END-- [ RunTime:0.028002s ]
ERR: 非法操作:css

[ 2016-04-05T09:55:17+08:00 ] 127.0.0.1 /index.php/Admin/Product/css/H-ui.admin.css
INFO: [ app_init ] --START--
INFO: Run Behavior\BuildLiteBehavior [ RunTime:0.000000s ]
INFO: [ app_init ] --END-- [ RunTime:0.001000s ]
INFO: [ app_begin ] --START--
INFO: Run Behavior\ReadHtmlCacheBehavior [ RunTime:0.001000s ]
INFO: [ app_begin ] --END-- [ RunTime:0.002000s ]
ERR: 非法操作:css

[ 2016-04-05T09:55:17+08:00 ] 127.0.0.1 /index.php/Admin/Product/css/style.css
INFO: [ app_init ] --START--
INFO: Run Behavior\BuildLiteBehavior [ RunTime:0.000000s ]
INFO: [ app_init ] --END-- [ RunTime:0.001000s ]
INFO: [ app_begin ] --START--
INFO: Run Behavior\ReadHtmlCacheBehavior [ RunTime:0.002000s ]
INFO: [ app_begin ] --END-- [ RunTime:0.002000s ]
ERR: 非法操作:css

[ 2016-04-05T09:55:17+08:00 ] 127.0.0.1 /index.php/Admin/Product/lib/zTree/v3/css/zTreeStyle/zTreeStyle.css
INFO: [ app_init ] --START--
INFO: Run Behavior\BuildLiteBehavior [ RunTime:0.000000s ]
INFO: [ app_init ] --END-- [ RunTime:0.001000s ]
INFO: [ app_begin ] --START--
INFO: Run Behavior\ReadHtmlCacheBehavior [ RunTime:0.002000s ]
INFO: [ app_begin ] --END-- [ RunTime:0.002000s ]
ERR: 非法操作:lib

[ 2016-04-05T09:55:17+08:00 ] 127.0.0.1 /index.php/Admin/Product/lib/zTree/v3/js/jquery.ztree.all-3.5.min.js
INFO: [ app_init ] --START--
INFO: Run Behavior\BuildLiteBehavior [ RunTime:0.000000s ]
INFO: [ app_init ] --END-- [ RunTime:0.001000s ]
INFO: [ app_begin ] --START--
INFO: Run Behavior\ReadHtmlCacheBehavior [ RunTime:0.001000s ]
INFO: [ app_begin ] --END-- [ RunTime:0.001000s ]
ERR: 非法操作:lib

[ 2016-04-05T09:55:17+08:00 ] 127.0.0.1 /index.php/Admin/Product/lib/jquery/1.9.1/jquery.min.js
INFO: [ app_init ] --START--
INFO: Run Behavior\BuildLiteBehavior [ RunTime:0.000000s ]
INFO: [ app_init ] --END-- [ RunTime:0.001000s ]
INFO: [ app_begin ] --START--
INFO: Run Behavior\ReadHtmlCacheBehavior [ RunTime:0.002000s ]
INFO: [ app_begin ] --END-- [ RunTime:0.002000s ]
ERR: 非法操作:lib

[ 2016-04-05T09:55:17+08:00 ] 127.0.0.1 /index.php/Admin/Product/lib/layer/1.9.3/layer.js
INFO: [ app_init ] --START--
INFO: Run Behavior\BuildLiteBehavior [ RunTime:0.000000s ]
INFO: [ app_init ] --END-- [ RunTime:0.001000s ]
INFO: [ app_begin ] --START--
INFO: Run Behavior\ReadHtmlCacheBehavior [ RunTime:0.001000s ]
INFO: [ app_begin ] --END-- [ RunTime:0.002000s ]
ERR: 非法操作:lib

[ 2016-04-05T09:55:17+08:00 ] 127.0.0.1 /index.php/Admin/Product/js/H-ui.js
INFO: [ app_init ] --START--
INFO: Run Behavior\BuildLiteBehavior [ RunTime:0.000000s ]
INFO: [ app_init ] --END-- [ RunTime:0.001000s ]
INFO: [ app_begin ] --START--
INFO: Run Behavior\ReadHtmlCacheBehavior [ RunTime:0.000000s ]
INFO: [ app_begin ] --END-- [ RunTime:0.001000s ]
ERR: 非法操作:js

[ 2016-04-05T09:55:17+08:00 ] 127.0.0.1 /index.php/Admin/Product/js/H-ui.admin.js
INFO: [ app_init ] --START--
INFO: Run Behavior\BuildLiteBehavior [ RunTime:0.000000s ]
INFO: [ app_init ] --END-- [ RunTime:0.001000s ]
INFO: [ app_begin ] --START--
INFO: Run Behavior\ReadHtmlCacheBehavior [ RunTime:0.001000s ]
INFO: [ app_begin ] --END-- [ RunTime:0.001000s ]
ERR: 非法操作:js

[ 2016-04-05T09:55:17+08:00 ] 127.0.0.1 /index.php/Admin/Product/product-category-add.html
INFO: [ app_init ] --START--
INFO: Run Behavior\BuildLiteBehavior [ RunTime:0.000000s ]
INFO: [ app_init ] --END-- [ RunTime:0.001000s ]
INFO: [ app_begin ] --START--
INFO: Run Behavior\ReadHtmlCacheBehavior [ RunTime:0.001000s ]
INFO: [ app_begin ] --END-- [ RunTime:0.001000s ]
ERR: 非法操作:product-category-add

[ 2016-04-05T09:55:17+08:00 ] 127.0.0.1 /index.php/Admin/Product/lib/Hui-iconfont/1.0.1/iconfont.css
INFO: [ app_init ] --START--
INFO: Run Behavior\BuildLiteBehavior [ RunTime:0.000000s ]
INFO: [ app_init ] --END-- [ RunTime:0.001000s ]
INFO: [ app_begin ] --START--
INFO: Run Behavior\ReadHtmlCacheBehavior [ RunTime:0.002000s ]
INFO: [ app_begin ] --END-- [ RunTime:0.002000s ]
ERR: 非法操作:lib

[ 2016-04-05T09:55:18+08:00 ] 127.0.0.1 /index.php/Admin/Product/product_brand.html
INFO: [ app_init ] --START--
INFO: Run Behavior\BuildLiteBehavior [ RunTime:0.000000s ]
INFO: [ app_init ] --END-- [ RunTime:0.001000s ]
INFO: [ app_begin ] --START--
INFO: Run Behavior\ReadHtmlCacheBehavior [ RunTime:0.001000s ]
INFO: [ app_begin ] --END-- [ RunTime:0.001000s ]
SQL: SHOW COLUMNS FROM `tp_brand` [ RunTime:0.0440s ]
SQL: SHOW COLUMNS FROM `tp_category` [ RunTime:0.0520s ]
SQL: SELECT * FROM `tp_category`  [ RunTime:0.0010s ]
SQL: SELECT * FROM `tp_brand` WHERE (  1=1  )  [ RunTime:0.0010s ]
INFO: [ view_parse ] --START--
INFO: [ template_filter ] --START--
INFO: Run Behavior\ContentReplaceBehavior [ RunTime:0.000000s ]
INFO: [ template_filter ] --END-- [ RunTime:0.000000s ]
NOTIC: [8] Undefined variable: signbrand E:\WWW\tphui\Application\Runtime\Cache\Admin\a57c6a7c325213e579a2c3a50f1b3eac.php 第 36 行.
NOTIC: [8] Undefined index: level E:\WWW\tphui\Application\Runtime\Cache\Admin\a57c6a7c325213e579a2c3a50f1b3eac.php 第 36 行.
NOTIC: [8] Undefined variable: signbrand E:\WWW\tphui\Application\Runtime\Cache\Admin\a57c6a7c325213e579a2c3a50f1b3eac.php 第 36 行.
NOTIC: [8] Undefined index: level E:\WWW\tphui\Application\Runtime\Cache\Admin\a57c6a7c325213e579a2c3a50f1b3eac.php 第 36 行.
NOTIC: [8] Undefined variable: signbrand E:\WWW\tphui\Application\Runtime\Cache\Admin\a57c6a7c325213e579a2c3a50f1b3eac.php 第 36 行.
NOTIC: [8] Undefined index: level E:\WWW\tphui\Application\Runtime\Cache\Admin\a57c6a7c325213e579a2c3a50f1b3eac.php 第 36 行.
NOTIC: [8] Undefined variable: signbrand E:\WWW\tphui\Application\Runtime\Cache\Admin\a57c6a7c325213e579a2c3a50f1b3eac.php 第 36 行.
NOTIC: [8] Undefined index: level E:\WWW\tphui\Application\Runtime\Cache\Admin\a57c6a7c325213e579a2c3a50f1b3eac.php 第 36 行.
NOTIC: [8] Undefined variable: signbrand E:\WWW\tphui\Application\Runtime\Cache\Admin\a57c6a7c325213e579a2c3a50f1b3eac.php 第 36 行.
NOTIC: [8] Undefined index: level E:\WWW\tphui\Application\Runtime\Cache\Admin\a57c6a7c325213e579a2c3a50f1b3eac.php 第 36 行.
NOTIC: [8] Undefined variable: signbrand E:\WWW\tphui\Application\Runtime\Cache\Admin\a57c6a7c325213e579a2c3a50f1b3eac.php 第 36 行.
NOTIC: [8] Undefined index: level E:\WWW\tphui\Application\Runtime\Cache\Admin\a57c6a7c325213e579a2c3a50f1b3eac.php 第 36 行.
NOTIC: [8] Undefined variable: signbrand E:\WWW\tphui\Application\Runtime\Cache\Admin\a57c6a7c325213e579a2c3a50f1b3eac.php 第 36 行.
NOTIC: [8] Undefined index: level E:\WWW\tphui\Application\Runtime\Cache\Admin\a57c6a7c325213e579a2c3a50f1b3eac.php 第 36 行.
NOTIC: [8] Undefined variable: signbrand E:\WWW\tphui\Application\Runtime\Cache\Admin\a57c6a7c325213e579a2c3a50f1b3eac.php 第 36 行.
NOTIC: [8] Undefined index: level E:\WWW\tphui\Application\Runtime\Cache\Admin\a57c6a7c325213e579a2c3a50f1b3eac.php 第 36 行.
NOTIC: [8] Undefined variable: signbrand E:\WWW\tphui\Application\Runtime\Cache\Admin\a57c6a7c325213e579a2c3a50f1b3eac.php 第 36 行.
NOTIC: [8] Undefined index: level E:\WWW\tphui\Application\Runtime\Cache\Admin\a57c6a7c325213e579a2c3a50f1b3eac.php 第 36 行.
NOTIC: [8] Undefined variable: signbrand E:\WWW\tphui\Application\Runtime\Cache\Admin\a57c6a7c325213e579a2c3a50f1b3eac.php 第 36 行.
NOTIC: [8] Undefined index: level E:\WWW\tphui\Application\Runtime\Cache\Admin\a57c6a7c325213e579a2c3a50f1b3eac.php 第 36 行.
NOTIC: [8] Undefined variable: signbrand E:\WWW\tphui\Application\Runtime\Cache\Admin\a57c6a7c325213e579a2c3a50f1b3eac.php 第 36 行.
NOTIC: [8] Undefined index: level E:\WWW\tphui\Application\Runtime\Cache\Admin\a57c6a7c325213e579a2c3a50f1b3eac.php 第 36 行.
NOTIC: [8] Undefined variable: signbrand E:\WWW\tphui\Application\Runtime\Cache\Admin\a57c6a7c325213e579a2c3a50f1b3eac.php 第 36 行.
NOTIC: [8] Undefined index: level E:\WWW\tphui\Application\Runtime\Cache\Admin\a57c6a7c325213e579a2c3a50f1b3eac.php 第 36 行.
NOTIC: [8] Undefined variable: signbrand E:\WWW\tphui\Application\Runtime\Cache\Admin\a57c6a7c325213e579a2c3a50f1b3eac.php 第 36 行.
NOTIC: [8] Undefined index: level E:\WWW\tphui\Application\Runtime\Cache\Admin\a57c6a7c325213e579a2c3a50f1b3eac.php 第 36 行.
NOTIC: [8] Undefined variable: signbrand E:\WWW\tphui\Application\Runtime\Cache\Admin\a57c6a7c325213e579a2c3a50f1b3eac.php 第 36 行.
NOTIC: [8] Undefined index: level E:\WWW\tphui\Application\Runtime\Cache\Admin\a57c6a7c325213e579a2c3a50f1b3eac.php 第 36 行.
NOTIC: [8] Undefined variable: signbrand E:\WWW\tphui\Application\Runtime\Cache\Admin\a57c6a7c325213e579a2c3a50f1b3eac.php 第 36 行.
NOTIC: [8] Undefined index: level E:\WWW\tphui\Application\Runtime\Cache\Admin\a57c6a7c325213e579a2c3a50f1b3eac.php 第 36 行.
INFO: Run Behavior\ParseTemplateBehavior [ RunTime:0.089006s ]
INFO: [ view_parse ] --END-- [ RunTime:0.089006s ]
INFO: [ view_filter ] --START--
INFO: Run Behavior\WriteHtmlCacheBehavior [ RunTime:0.002000s ]
INFO: [ view_filter ] --END-- [ RunTime:0.002000s ]
INFO: [ app_end ] --START--
INFO: Run Behavior\ShowPageTraceBehavior [ RunTime:0.004000s ]
INFO: [ app_end ] --END-- [ RunTime:0.004000s ]

[ 2016-04-05T09:55:18+08:00 ] 127.0.0.1 /index.php/Admin/Product/lib/laypage/1.2/laypage.js
INFO: [ app_init ] --START--
INFO: Run Behavior\BuildLiteBehavior [ RunTime:0.000000s ]
INFO: [ app_init ] --END-- [ RunTime:0.001000s ]
INFO: [ app_begin ] --START--
INFO: Run Behavior\ReadHtmlCacheBehavior [ RunTime:0.001000s ]
INFO: [ app_begin ] --END-- [ RunTime:0.002000s ]
ERR: 非法操作:lib

[ 2016-04-05T09:55:20+08:00 ] 127.0.0.1 /index.php/Admin/Product/product_aaa
INFO: [ app_init ] --START--
INFO: Run Behavior\BuildLiteBehavior [ RunTime:0.000000s ]
INFO: [ app_init ] --END-- [ RunTime:0.000000s ]
INFO: [ app_begin ] --START--
INFO: Run Behavior\ReadHtmlCacheBehavior [ RunTime:0.001000s ]
INFO: [ app_begin ] --END-- [ RunTime:0.001000s ]
SQL: SHOW COLUMNS FROM `tp_brand` [ RunTime:0.0050s ]
SQL: SELECT * FROM `tp_brand` ORDER BY `brand_id` asc LIMIT 0,10   [ RunTime:0.0000s ]
SQL: SELECT COUNT(*) AS tp_count FROM `tp_brand` LIMIT 1   [ RunTime:0.0000s ]
INFO: [ app_end ] --START--
INFO: Run Behavior\ShowPageTraceBehavior [ RunTime:0.001000s ]
INFO: [ app_end ] --END-- [ RunTime:0.001000s ]

[ 2016-04-05T09:55:24+08:00 ] 127.0.0.1 /index.php/Admin/Product/product_aaa
INFO: [ app_init ] --START--
INFO: Run Behavior\BuildLiteBehavior [ RunTime:0.000000s ]
INFO: [ app_init ] --END-- [ RunTime:0.000000s ]
INFO: [ app_begin ] --START--
INFO: Run Behavior\ReadHtmlCacheBehavior [ RunTime:0.000000s ]
INFO: [ app_begin ] --END-- [ RunTime:0.000000s ]
SQL: SHOW COLUMNS FROM `tp_brand` [ RunTime:0.0050s ]
SQL: SELECT * FROM `tp_brand` WHERE ( `BRAND_NAME` like '%111%' ) ORDER BY `brand_id` asc LIMIT 0,10   [ RunTime:0.0000s ]
SQL: SELECT COUNT(*) AS tp_count FROM `tp_brand` WHERE ( `BRAND_NAME` like '%111%' ) LIMIT 1   [ RunTime:0.0000s ]
INFO: [ app_end ] --START--
INFO: Run Behavior\ShowPageTraceBehavior [ RunTime:0.001000s ]
INFO: [ app_end ] --END-- [ RunTime:0.001000s ]

[ 2016-04-05T09:55:25+08:00 ] 127.0.0.1 /index.php/Admin/Product/product_aaa
INFO: [ app_init ] --START--
INFO: Run Behavior\BuildLiteBehavior [ RunTime:0.000000s ]
INFO: [ app_init ] --END-- [ RunTime:0.001000s ]
INFO: [ app_begin ] --START--
INFO: Run Behavior\ReadHtmlCacheBehavior [ RunTime:0.001000s ]
INFO: [ app_begin ] --END-- [ RunTime:0.001000s ]
SQL: SHOW COLUMNS FROM `tp_brand` [ RunTime:0.0050s ]
SQL: SELECT * FROM `tp_brand` WHERE ( `BRAND_NAME` like '%1111%' ) ORDER BY `brand_id` asc LIMIT 0,10   [ RunTime:0.0010s ]
SQL: SELECT COUNT(*) AS tp_count FROM `tp_brand` WHERE ( `BRAND_NAME` like '%1111%' ) LIMIT 1   [ RunTime:0.0000s ]
INFO: [ app_end ] --START--
INFO: Run Behavior\ShowPageTraceBehavior [ RunTime:0.001000s ]
INFO: [ app_end ] --END-- [ RunTime:0.001000s ]

[ 2016-04-05T09:56:05+08:00 ] 127.0.0.1 /index.php/Admin/Product/product_aaa
INFO: [ app_init ] --START--
INFO: Run Behavior\BuildLiteBehavior [ RunTime:0.000000s ]
INFO: [ app_init ] --END-- [ RunTime:0.000000s ]
INFO: [ app_begin ] --START--
INFO: Run Behavior\ReadHtmlCacheBehavior [ RunTime:0.001000s ]
INFO: [ app_begin ] --END-- [ RunTime:0.001000s ]
SQL: SHOW COLUMNS FROM `tp_brand` [ RunTime:0.0000s ]
SQL: SELECT * FROM `tp_brand` WHERE ( `BRAND_NAME` like '%1%' ) ORDER BY `brand_id` asc LIMIT 0,10   [ RunTime:0.0000s ]
SQL: SELECT COUNT(*) AS tp_count FROM `tp_brand` WHERE ( `BRAND_NAME` like '%1%' ) LIMIT 1   [ RunTime:0.0000s ]
INFO: [ app_end ] --START--
INFO: Run Behavior\ShowPageTraceBehavior [ RunTime:0.000000s ]
INFO: [ app_end ] --END-- [ RunTime:0.000000s ]

[ 2016-04-05T09:56:06+08:00 ] 127.0.0.1 /index.php/Admin/Product/product_aaa
INFO: [ app_init ] --START--
INFO: Run Behavior\BuildLiteBehavior [ RunTime:0.000000s ]
INFO: [ app_init ] --END-- [ RunTime:0.001000s ]
INFO: [ app_begin ] --START--
INFO: Run Behavior\ReadHtmlCacheBehavior [ RunTime:0.002001s ]
INFO: [ app_begin ] --END-- [ RunTime:0.002001s ]
SQL: SHOW COLUMNS FROM `tp_brand` [ RunTime:0.0050s ]
SQL: SELECT * FROM `tp_brand` WHERE ( `BRAND_NAME` like '%11%' ) ORDER BY `brand_id` asc LIMIT 0,10   [ RunTime:0.0000s ]
SQL: SELECT COUNT(*) AS tp_count FROM `tp_brand` WHERE ( `BRAND_NAME` like '%11%' ) LIMIT 1   [ RunTime:0.0010s ]
INFO: [ app_end ] --START--
INFO: Run Behavior\ShowPageTraceBehavior [ RunTime:0.000000s ]
INFO: [ app_end ] --END-- [ RunTime:0.000000s ]

[ 2016-04-05T09:56:07+08:00 ] 127.0.0.1 /index.php/Admin/Product/product_aaa
INFO: [ app_init ] --START--
INFO: Run Behavior\BuildLiteBehavior [ RunTime:0.000000s ]
INFO: [ app_init ] --END-- [ RunTime:0.000000s ]
INFO: [ app_begin ] --START--
INFO: Run Behavior\ReadHtmlCacheBehavior [ RunTime:0.001000s ]
INFO: [ app_begin ] --END-- [ RunTime:0.001000s ]
SQL: SHOW COLUMNS FROM `tp_brand` [ RunTime:0.0050s ]
SQL: SELECT * FROM `tp_brand` WHERE ( `BRAND_NAME` like '%111%' ) ORDER BY `brand_id` asc LIMIT 0,10   [ RunTime:0.0000s ]
SQL: SELECT COUNT(*) AS tp_count FROM `tp_brand` WHERE ( `BRAND_NAME` like '%111%' ) LIMIT 1   [ RunTime:0.0000s ]
INFO: [ app_end ] --START--
INFO: Run Behavior\ShowPageTraceBehavior [ RunTime:0.000000s ]
INFO: [ app_end ] --END-- [ RunTime:0.001000s ]

[ 2016-04-05T09:56:07+08:00 ] 127.0.0.1 /index.php/Admin/Product/product_aaa
INFO: [ app_init ] --START--
INFO: Run Behavior\BuildLiteBehavior [ RunTime:0.000000s ]
INFO: [ app_init ] --END-- [ RunTime:0.000000s ]
INFO: [ app_begin ] --START--
INFO: Run Behavior\ReadHtmlCacheBehavior [ RunTime:0.001000s ]
INFO: [ app_begin ] --END-- [ RunTime:0.001000s ]
SQL: SHOW COLUMNS FROM `tp_brand` [ RunTime:0.0050s ]
SQL: SELECT * FROM `tp_brand` WHERE ( `BRAND_NAME` like '%11111%' ) ORDER BY `brand_id` asc LIMIT 0,10   [ RunTime:0.0000s ]
SQL: SELECT COUNT(*) AS tp_count FROM `tp_brand` WHERE ( `BRAND_NAME` like '%11111%' ) LIMIT 1   [ RunTime:0.0000s ]
INFO: [ app_end ] --START--
INFO: Run Behavior\ShowPageTraceBehavior [ RunTime:0.001000s ]
INFO: [ app_end ] --END-- [ RunTime:0.001000s ]

[ 2016-04-05T09:56:10+08:00 ] 127.0.0.1 /index.php/Admin/index/skin/blue/skin.css
INFO: [ app_init ] --START--
INFO: Run Behavior\BuildLiteBehavior [ RunTime:0.000000s ]
INFO: [ app_init ] --END-- [ RunTime:0.001000s ]
INFO: [ app_begin ] --START--
INFO: Run Behavior\ReadHtmlCacheBehavior [ RunTime:0.001000s ]
INFO: [ app_begin ] --END-- [ RunTime:0.001000s ]
ERR: 非法操作:skin

[ 2016-04-05T09:56:10+08:00 ] 127.0.0.1 /index.php/Admin/Product/css/H-ui.admin.css
INFO: [ app_init ] --START--
INFO: Run Behavior\BuildLiteBehavior [ RunTime:0.000000s ]
INFO: [ app_init ] --END-- [ RunTime:0.000000s ]
INFO: [ app_begin ] --START--
INFO: Run Behavior\ReadHtmlCacheBehavior [ RunTime:0.001000s ]
INFO: [ app_begin ] --END-- [ RunTime:0.001000s ]
ERR: 非法操作:css

[ 2016-04-05T09:56:10+08:00 ] 127.0.0.1 /index.php/Admin/Product/css/style.css
INFO: [ app_init ] --START--
INFO: Run Behavior\BuildLiteBehavior [ RunTime:0.000000s ]
INFO: [ app_init ] --END-- [ RunTime:0.000000s ]
INFO: [ app_begin ] --START--
INFO: Run Behavior\ReadHtmlCacheBehavior [ RunTime:0.001000s ]
INFO: [ app_begin ] --END-- [ RunTime:0.002000s ]
ERR: 非法操作:css

[ 2016-04-05T09:56:10+08:00 ] 127.0.0.1 /index.php/Admin/Product/css/H-ui.min.css
INFO: [ app_init ] --START--
INFO: Run Behavior\BuildLiteBehavior [ RunTime:0.000000s ]
INFO: [ app_init ] --END-- [ RunTime:0.001000s ]
INFO: [ app_begin ] --START--
INFO: Run Behavior\ReadHtmlCacheBehavior [ RunTime:0.002000s ]
INFO: [ app_begin ] --END-- [ RunTime:0.003000s ]
ERR: 非法操作:css

[ 2016-04-05T09:56:10+08:00 ] 127.0.0.1 /index.php/Admin/Product/lib/Hui-iconfont/1.0.1/iconfont.css
INFO: [ app_init ] --START--
INFO: Run Behavior\BuildLiteBehavior [ RunTime:0.000000s ]
INFO: [ app_init ] --END-- [ RunTime:0.001000s ]
INFO: [ app_begin ] --START--
INFO: Run Behavior\ReadHtmlCacheBehavior [ RunTime:0.001001s ]
INFO: [ app_begin ] --END-- [ RunTime:0.001001s ]
ERR: 非法操作:lib

[ 2016-04-05T09:56:10+08:00 ] 127.0.0.1 /index.php/Admin/Product/lib/zTree/v3/css/zTreeStyle/zTreeStyle.css
INFO: [ app_init ] --START--
INFO: Run Behavior\BuildLiteBehavior [ RunTime:0.000000s ]
INFO: [ app_init ] --END-- [ RunTime:0.000000s ]
INFO: [ app_begin ] --START--
INFO: Run Behavior\ReadHtmlCacheBehavior [ RunTime:0.001000s ]
INFO: [ app_begin ] --END-- [ RunTime:0.001000s ]
ERR: 非法操作:lib

[ 2016-04-05T09:56:20+08:00 ] 127.0.0.1 /index.php/Admin/Product/product_aaa
INFO: [ app_init ] --START--
INFO: Run Behavior\BuildLiteBehavior [ RunTime:0.000000s ]
INFO: [ app_init ] --END-- [ RunTime:0.001000s ]
INFO: [ app_begin ] --START--
INFO: Run Behavior\ReadHtmlCacheBehavior [ RunTime:0.000000s ]
INFO: [ app_begin ] --END-- [ RunTime:0.000000s ]
SQL: SHOW COLUMNS FROM `tp_brand` [ RunTime:0.0000s ]
SQL: SELECT * FROM `tp_brand` WHERE ( `BRAND_NAME` like '%111112%' ) ORDER BY `brand_id` asc LIMIT 0,10   [ RunTime:0.0000s ]
SQL: SELECT COUNT(*) AS tp_count FROM `tp_brand` WHERE ( `BRAND_NAME` like '%111112%' ) LIMIT 1   [ RunTime:0.0000s ]
INFO: [ app_end ] --START--
INFO: Run Behavior\ShowPageTraceBehavior [ RunTime:0.000000s ]
INFO: [ app_end ] --END-- [ RunTime:0.000000s ]

[ 2016-04-05T09:56:46+08:00 ] 127.0.0.1 /index.php/Admin/Product/product_aaa
INFO: [ app_init ] --START--
INFO: Run Behavior\BuildLiteBehavior [ RunTime:0.000000s ]
INFO: [ app_init ] --END-- [ RunTime:0.001000s ]
INFO: [ app_begin ] --START--
INFO: Run Behavior\ReadHtmlCacheBehavior [ RunTime:0.001000s ]
INFO: [ app_begin ] --END-- [ RunTime:0.001000s ]
SQL: SHOW COLUMNS FROM `tp_brand` [ RunTime:0.0050s ]
SQL: SELECT * FROM `tp_brand` WHERE ( `BRAND_NAME` like '%1111122%' ) ORDER BY `brand_id` asc LIMIT 0,10   [ RunTime:0.0000s ]
SQL: SELECT COUNT(*) AS tp_count FROM `tp_brand` WHERE ( `BRAND_NAME` like '%1111122%' ) LIMIT 1   [ RunTime:0.0000s ]
INFO: [ app_end ] --START--
INFO: Run Behavior\ShowPageTraceBehavior [ RunTime:0.001000s ]
INFO: [ app_end ] --END-- [ RunTime:0.001000s ]

[ 2016-04-05T09:56:58+08:00 ] 127.0.0.1 /index.php/Admin/Product/product_aaa
INFO: [ app_init ] --START--
INFO: Run Behavior\BuildLiteBehavior [ RunTime:0.000000s ]
INFO: [ app_init ] --END-- [ RunTime:0.000000s ]
INFO: [ app_begin ] --START--
INFO: Run Behavior\ReadHtmlCacheBehavior [ RunTime:0.000000s ]
INFO: [ app_begin ] --END-- [ RunTime:0.000000s ]
SQL: SHOW COLUMNS FROM `tp_brand` [ RunTime:0.0100s ]
SQL: SELECT * FROM `tp_brand` WHERE ( `BRAND_NAME` like '%123123%' ) ORDER BY `brand_id` asc LIMIT 0,10   [ RunTime:0.0000s ]
SQL: SELECT COUNT(*) AS tp_count FROM `tp_brand` WHERE ( `BRAND_NAME` like '%123123%' ) LIMIT 1   [ RunTime:0.0000s ]
INFO: [ app_end ] --START--
INFO: Run Behavior\ShowPageTraceBehavior [ RunTime:0.000000s ]
INFO: [ app_end ] --END-- [ RunTime:0.000000s ]

[ 2016-04-05T09:57:27+08:00 ] 127.0.0.1 /index.php/Admin/Product/product_brand.html
INFO: [ app_init ] --START--
INFO: Run Behavior\BuildLiteBehavior [ RunTime:0.000000s ]
INFO: [ app_init ] --END-- [ RunTime:0.000000s ]
INFO: [ app_begin ] --START--
INFO: Run Behavior\ReadHtmlCacheBehavior [ RunTime:0.001000s ]
INFO: [ app_begin ] --END-- [ RunTime:0.001000s ]
SQL: SHOW COLUMNS FROM `tp_brand` [ RunTime:0.0050s ]
SQL: SHOW COLUMNS FROM `tp_category` [ RunTime:0.0060s ]
SQL: SELECT * FROM `tp_category`  [ RunTime:0.0010s ]
SQL: SELECT * FROM `tp_brand` WHERE (  1=1  )  [ RunTime:0.0000s ]
INFO: [ view_parse ] --START--
INFO: [ template_filter ] --START--
INFO: Run Behavior\ContentReplaceBehavior [ RunTime:0.000000s ]
INFO: [ template_filter ] --END-- [ RunTime:0.000000s ]
NOTIC: [8] Undefined variable: signbrand E:\WWW\tphui\Application\Runtime\Cache\Admin\a57c6a7c325213e579a2c3a50f1b3eac.php 第 36 行.
NOTIC: [8] Undefined index: level E:\WWW\tphui\Application\Runtime\Cache\Admin\a57c6a7c325213e579a2c3a50f1b3eac.php 第 36 行.
NOTIC: [8] Undefined variable: signbrand E:\WWW\tphui\Application\Runtime\Cache\Admin\a57c6a7c325213e579a2c3a50f1b3eac.php 第 36 行.
NOTIC: [8] Undefined index: level E:\WWW\tphui\Application\Runtime\Cache\Admin\a57c6a7c325213e579a2c3a50f1b3eac.php 第 36 行.
NOTIC: [8] Undefined variable: signbrand E:\WWW\tphui\Application\Runtime\Cache\Admin\a57c6a7c325213e579a2c3a50f1b3eac.php 第 36 行.
NOTIC: [8] Undefined index: level E:\WWW\tphui\Application\Runtime\Cache\Admin\a57c6a7c325213e579a2c3a50f1b3eac.php 第 36 行.
NOTIC: [8] Undefined variable: signbrand E:\WWW\tphui\Application\Runtime\Cache\Admin\a57c6a7c325213e579a2c3a50f1b3eac.php 第 36 行.
NOTIC: [8] Undefined index: level E:\WWW\tphui\Application\Runtime\Cache\Admin\a57c6a7c325213e579a2c3a50f1b3eac.php 第 36 行.
NOTIC: [8] Undefined variable: signbrand E:\WWW\tphui\Application\Runtime\Cache\Admin\a57c6a7c325213e579a2c3a50f1b3eac.php 第 36 行.
NOTIC: [8] Undefined index: level E:\WWW\tphui\Application\Runtime\Cache\Admin\a57c6a7c325213e579a2c3a50f1b3eac.php 第 36 行.
NOTIC: [8] Undefined variable: signbrand E:\WWW\tphui\Application\Runtime\Cache\Admin\a57c6a7c325213e579a2c3a50f1b3eac.php 第 36 行.
NOTIC: [8] Undefined index: level E:\WWW\tphui\Application\Runtime\Cache\Admin\a57c6a7c325213e579a2c3a50f1b3eac.php 第 36 行.
NOTIC: [8] Undefined variable: signbrand E:\WWW\tphui\Application\Runtime\Cache\Admin\a57c6a7c325213e579a2c3a50f1b3eac.php 第 36 行.
NOTIC: [8] Undefined index: level E:\WWW\tphui\Application\Runtime\Cache\Admin\a57c6a7c325213e579a2c3a50f1b3eac.php 第 36 行.
NOTIC: [8] Undefined variable: signbrand E:\WWW\tphui\Application\Runtime\Cache\Admin\a57c6a7c325213e579a2c3a50f1b3eac.php 第 36 行.
NOTIC: [8] Undefined index: level E:\WWW\tphui\Application\Runtime\Cache\Admin\a57c6a7c325213e579a2c3a50f1b3eac.php 第 36 行.
NOTIC: [8] Undefined variable: signbrand E:\WWW\tphui\Application\Runtime\Cache\Admin\a57c6a7c325213e579a2c3a50f1b3eac.php 第 36 行.
NOTIC: [8] Undefined index: level E:\WWW\tphui\Application\Runtime\Cache\Admin\a57c6a7c325213e579a2c3a50f1b3eac.php 第 36 行.
NOTIC: [8] Undefined variable: signbrand E:\WWW\tphui\Application\Runtime\Cache\Admin\a57c6a7c325213e579a2c3a50f1b3eac.php 第 36 行.
NOTIC: [8] Undefined index: level E:\WWW\tphui\Application\Runtime\Cache\Admin\a57c6a7c325213e579a2c3a50f1b3eac.php 第 36 行.
NOTIC: [8] Undefined variable: signbrand E:\WWW\tphui\Application\Runtime\Cache\Admin\a57c6a7c325213e579a2c3a50f1b3eac.php 第 36 行.
NOTIC: [8] Undefined index: level E:\WWW\tphui\Application\Runtime\Cache\Admin\a57c6a7c325213e579a2c3a50f1b3eac.php 第 36 行.
NOTIC: [8] Undefined variable: signbrand E:\WWW\tphui\Application\Runtime\Cache\Admin\a57c6a7c325213e579a2c3a50f1b3eac.php 第 36 行.
NOTIC: [8] Undefined index: level E:\WWW\tphui\Application\Runtime\Cache\Admin\a57c6a7c325213e579a2c3a50f1b3eac.php 第 36 行.
NOTIC: [8] Undefined variable: signbrand E:\WWW\tphui\Application\Runtime\Cache\Admin\a57c6a7c325213e579a2c3a50f1b3eac.php 第 36 行.
NOTIC: [8] Undefined index: level E:\WWW\tphui\Application\Runtime\Cache\Admin\a57c6a7c325213e579a2c3a50f1b3eac.php 第 36 行.
NOTIC: [8] Undefined variable: signbrand E:\WWW\tphui\Application\Runtime\Cache\Admin\a57c6a7c325213e579a2c3a50f1b3eac.php 第 36 行.
NOTIC: [8] Undefined index: level E:\WWW\tphui\Application\Runtime\Cache\Admin\a57c6a7c325213e579a2c3a50f1b3eac.php 第 36 行.
NOTIC: [8] Undefined variable: signbrand E:\WWW\tphui\Application\Runtime\Cache\Admin\a57c6a7c325213e579a2c3a50f1b3eac.php 第 36 行.
NOTIC: [8] Undefined index: level E:\WWW\tphui\Application\Runtime\Cache\Admin\a57c6a7c325213e579a2c3a50f1b3eac.php 第 36 行.
INFO: Run Behavior\ParseTemplateBehavior [ RunTime:0.010001s ]
INFO: [ view_parse ] --END-- [ RunTime:0.010001s ]
INFO: [ view_filter ] --START--
INFO: Run Behavior\WriteHtmlCacheBehavior [ RunTime:0.000000s ]
INFO: [ view_filter ] --END-- [ RunTime:0.001000s ]
INFO: [ app_end ] --START--
INFO: Run Behavior\ShowPageTraceBehavior [ RunTime:0.001000s ]
INFO: [ app_end ] --END-- [ RunTime:0.001000s ]

[ 2016-04-05T09:57:27+08:00 ] 127.0.0.1 /index.php/Admin/Product/lib/laypage/1.2/laypage.js
INFO: [ app_init ] --START--
INFO: Run Behavior\BuildLiteBehavior [ RunTime:0.000000s ]
INFO: [ app_init ] --END-- [ RunTime:0.000000s ]
INFO: [ app_begin ] --START--
INFO: Run Behavior\ReadHtmlCacheBehavior [ RunTime:0.001000s ]
INFO: [ app_begin ] --END-- [ RunTime:0.001000s ]
ERR: 非法操作:lib

[ 2016-04-05T09:57:27+08:00 ] 127.0.0.1 /index.php/Admin/Product/product_aaa
INFO: [ app_init ] --START--
INFO: Run Behavior\BuildLiteBehavior [ RunTime:0.000000s ]
INFO: [ app_init ] --END-- [ RunTime:0.000000s ]
INFO: [ app_begin ] --START--
INFO: Run Behavior\ReadHtmlCacheBehavior [ RunTime:0.001001s ]
INFO: [ app_begin ] --END-- [ RunTime:0.001001s ]
SQL: SHOW COLUMNS FROM `tp_brand` [ RunTime:0.0050s ]
SQL: SELECT * FROM `tp_brand` WHERE ( `BRAND_NAME` like '%1%' ) ORDER BY `brand_id` asc LIMIT 0,10   [ RunTime:0.0000s ]
SQL: SELECT COUNT(*) AS tp_count FROM `tp_brand` WHERE ( `BRAND_NAME` like '%1%' ) LIMIT 1   [ RunTime:0.0000s ]
INFO: [ app_end ] --START--
INFO: Run Behavior\ShowPageTraceBehavior [ RunTime:0.001000s ]
INFO: [ app_end ] --END-- [ RunTime:0.001000s ]

[ 2016-04-05T09:57:32+08:00 ] 127.0.0.1 /index.php/Admin/Product/product_brand.html
INFO: [ app_init ] --START--
INFO: Run Behavior\BuildLiteBehavior [ RunTime:0.000000s ]
INFO: [ app_init ] --END-- [ RunTime:0.001000s ]
INFO: [ app_begin ] --START--
INFO: Run Behavior\ReadHtmlCacheBehavior [ RunTime:0.001000s ]
INFO: [ app_begin ] --END-- [ RunTime:0.001000s ]
SQL: SHOW COLUMNS FROM `tp_brand` [ RunTime:0.0060s ]
SQL: SHOW COLUMNS FROM `tp_category` [ RunTime:0.0050s ]
SQL: SELECT * FROM `tp_category`  [ RunTime:0.0010s ]
SQL: SELECT * FROM `tp_brand` WHERE (  1=1  )  [ RunTime:0.0000s ]
INFO: [ view_parse ] --START--
INFO: [ template_filter ] --START--
INFO: Run Behavior\ContentReplaceBehavior [ RunTime:0.000000s ]
INFO: [ template_filter ] --END-- [ RunTime:0.000000s ]
NOTIC: [8] Undefined variable: signbrand E:\WWW\tphui\Application\Runtime\Cache\Admin\a57c6a7c325213e579a2c3a50f1b3eac.php 第 36 行.
NOTIC: [8] Undefined index: level E:\WWW\tphui\Application\Runtime\Cache\Admin\a57c6a7c325213e579a2c3a50f1b3eac.php 第 36 行.
NOTIC: [8] Undefined variable: signbrand E:\WWW\tphui\Application\Runtime\Cache\Admin\a57c6a7c325213e579a2c3a50f1b3eac.php 第 36 行.
NOTIC: [8] Undefined index: level E:\WWW\tphui\Application\Runtime\Cache\Admin\a57c6a7c325213e579a2c3a50f1b3eac.php 第 36 行.
NOTIC: [8] Undefined variable: signbrand E:\WWW\tphui\Application\Runtime\Cache\Admin\a57c6a7c325213e579a2c3a50f1b3eac.php 第 36 行.
NOTIC: [8] Undefined index: level E:\WWW\tphui\Application\Runtime\Cache\Admin\a57c6a7c325213e579a2c3a50f1b3eac.php 第 36 行.
NOTIC: [8] Undefined variable: signbrand E:\WWW\tphui\Application\Runtime\Cache\Admin\a57c6a7c325213e579a2c3a50f1b3eac.php 第 36 行.
NOTIC: [8] Undefined index: level E:\WWW\tphui\Application\Runtime\Cache\Admin\a57c6a7c325213e579a2c3a50f1b3eac.php 第 36 行.
NOTIC: [8] Undefined variable: signbrand E:\WWW\tphui\Application\Runtime\Cache\Admin\a57c6a7c325213e579a2c3a50f1b3eac.php 第 36 行.
NOTIC: [8] Undefined index: level E:\WWW\tphui\Application\Runtime\Cache\Admin\a57c6a7c325213e579a2c3a50f1b3eac.php 第 36 行.
NOTIC: [8] Undefined variable: signbrand E:\WWW\tphui\Application\Runtime\Cache\Admin\a57c6a7c325213e579a2c3a50f1b3eac.php 第 36 行.
NOTIC: [8] Undefined index: level E:\WWW\tphui\Application\Runtime\Cache\Admin\a57c6a7c325213e579a2c3a50f1b3eac.php 第 36 行.
NOTIC: [8] Undefined variable: signbrand E:\WWW\tphui\Application\Runtime\Cache\Admin\a57c6a7c325213e579a2c3a50f1b3eac.php 第 36 行.
NOTIC: [8] Undefined index: level E:\WWW\tphui\Application\Runtime\Cache\Admin\a57c6a7c325213e579a2c3a50f1b3eac.php 第 36 行.
NOTIC: [8] Undefined variable: signbrand E:\WWW\tphui\Application\Runtime\Cache\Admin\a57c6a7c325213e579a2c3a50f1b3eac.php 第 36 行.
NOTIC: [8] Undefined index: level E:\WWW\tphui\Application\Runtime\Cache\Admin\a57c6a7c325213e579a2c3a50f1b3eac.php 第 36 行.
NOTIC: [8] Undefined variable: signbrand E:\WWW\tphui\Application\Runtime\Cache\Admin\a57c6a7c325213e579a2c3a50f1b3eac.php 第 36 行.
NOTIC: [8] Undefined index: level E:\WWW\tphui\Application\Runtime\Cache\Admin\a57c6a7c325213e579a2c3a50f1b3eac.php 第 36 行.
NOTIC: [8] Undefined variable: signbrand E:\WWW\tphui\Application\Runtime\Cache\Admin\a57c6a7c325213e579a2c3a50f1b3eac.php 第 36 行.
NOTIC: [8] Undefined index: level E:\WWW\tphui\Application\Runtime\Cache\Admin\a57c6a7c325213e579a2c3a50f1b3eac.php 第 36 行.
NOTIC: [8] Undefined variable: signbrand E:\WWW\tphui\Application\Runtime\Cache\Admin\a57c6a7c325213e579a2c3a50f1b3eac.php 第 36 行.
NOTIC: [8] Undefined index: level E:\WWW\tphui\Application\Runtime\Cache\Admin\a57c6a7c325213e579a2c3a50f1b3eac.php 第 36 行.
NOTIC: [8] Undefined variable: signbrand E:\WWW\tphui\Application\Runtime\Cache\Admin\a57c6a7c325213e579a2c3a50f1b3eac.php 第 36 行.
NOTIC: [8] Undefined index: level E:\WWW\tphui\Application\Runtime\Cache\Admin\a57c6a7c325213e579a2c3a50f1b3eac.php 第 36 行.
NOTIC: [8] Undefined variable: signbrand E:\WWW\tphui\Application\Runtime\Cache\Admin\a57c6a7c325213e579a2c3a50f1b3eac.php 第 36 行.
NOTIC: [8] Undefined index: level E:\WWW\tphui\Application\Runtime\Cache\Admin\a57c6a7c325213e579a2c3a50f1b3eac.php 第 36 行.
NOTIC: [8] Undefined variable: signbrand E:\WWW\tphui\Application\Runtime\Cache\Admin\a57c6a7c325213e579a2c3a50f1b3eac.php 第 36 行.
NOTIC: [8] Undefined index: level E:\WWW\tphui\Application\Runtime\Cache\Admin\a57c6a7c325213e579a2c3a50f1b3eac.php 第 36 行.
NOTIC: [8] Undefined variable: signbrand E:\WWW\tphui\Application\Runtime\Cache\Admin\a57c6a7c325213e579a2c3a50f1b3eac.php 第 36 行.
NOTIC: [8] Undefined index: level E:\WWW\tphui\Application\Runtime\Cache\Admin\a57c6a7c325213e579a2c3a50f1b3eac.php 第 36 行.
INFO: Run Behavior\ParseTemplateBehavior [ RunTime:0.011001s ]
INFO: [ view_parse ] --END-- [ RunTime:0.011001s ]
INFO: [ view_filter ] --START--
INFO: Run Behavior\WriteHtmlCacheBehavior [ RunTime:0.000000s ]
INFO: [ view_filter ] --END-- [ RunTime:0.000000s ]
INFO: [ app_end ] --START--
INFO: Run Behavior\ShowPageTraceBehavior [ RunTime:0.001000s ]
INFO: [ app_end ] --END-- [ RunTime:0.001000s ]

[ 2016-04-05T09:57:32+08:00 ] 127.0.0.1 /index.php/Admin/Product/lib/laypage/1.2/laypage.js
INFO: [ app_init ] --START--
INFO: Run Behavior\BuildLiteBehavior [ RunTime:0.000000s ]
INFO: [ app_init ] --END-- [ RunTime:0.000000s ]
INFO: [ app_begin ] --START--
INFO: Run Behavior\ReadHtmlCacheBehavior [ RunTime:0.001000s ]
INFO: [ app_begin ] --END-- [ RunTime:0.001000s ]
ERR: 非法操作:lib

[ 2016-04-05T09:57:32+08:00 ] 127.0.0.1 /index.php/Admin/Product/product_aaa
INFO: [ app_init ] --START--
INFO: Run Behavior\BuildLiteBehavior [ RunTime:0.001000s ]
INFO: [ app_init ] --END-- [ RunTime:0.001000s ]
INFO: [ app_begin ] --START--
INFO: Run Behavior\ReadHtmlCacheBehavior [ RunTime:0.001000s ]
INFO: [ app_begin ] --END-- [ RunTime:0.001000s ]
SQL: SHOW COLUMNS FROM `tp_brand` [ RunTime:0.0040s ]
SQL: SELECT * FROM `tp_brand` WHERE ( `BRAND_NAME` like '%1%' ) ORDER BY `brand_id` asc LIMIT 0,10   [ RunTime:0.0000s ]
SQL: SELECT COUNT(*) AS tp_count FROM `tp_brand` WHERE ( `BRAND_NAME` like '%1%' ) LIMIT 1   [ RunTime:0.0000s ]
INFO: [ app_end ] --START--
INFO: Run Behavior\ShowPageTraceBehavior [ RunTime:0.001000s ]
INFO: [ app_end ] --END-- [ RunTime:0.001000s ]

[ 2016-04-05T09:57:35+08:00 ] 127.0.0.1 /index.php/Admin/Product/product_aaa
INFO: [ app_init ] --START--
INFO: Run Behavior\BuildLiteBehavior [ RunTime:0.000000s ]
INFO: [ app_init ] --END-- [ RunTime:0.001000s ]
INFO: [ app_begin ] --START--
INFO: Run Behavior\ReadHtmlCacheBehavior [ RunTime:0.001000s ]
INFO: [ app_begin ] --END-- [ RunTime:0.001000s ]
SQL: SHOW COLUMNS FROM `tp_brand` [ RunTime:0.0050s ]
SQL: SELECT * FROM `tp_brand` WHERE ( `BRAND_NAME` like '%12%' ) ORDER BY `brand_id` asc LIMIT 0,10   [ RunTime:0.0010s ]
SQL: SELECT COUNT(*) AS tp_count FROM `tp_brand` WHERE ( `BRAND_NAME` like '%12%' ) LIMIT 1   [ RunTime:0.0000s ]
INFO: [ app_end ] --START--
INFO: Run Behavior\ShowPageTraceBehavior [ RunTime:0.001000s ]
INFO: [ app_end ] --END-- [ RunTime:0.001000s ]

[ 2016-04-05T09:57:42+08:00 ] 127.0.0.1 /index.php/Admin/Product/product_aaa
INFO: [ app_init ] --START--
INFO: Run Behavior\BuildLiteBehavior [ RunTime:0.000000s ]
INFO: [ app_init ] --END-- [ RunTime:0.001001s ]
INFO: [ app_begin ] --START--
INFO: Run Behavior\ReadHtmlCacheBehavior [ RunTime:0.000000s ]
INFO: [ app_begin ] --END-- [ RunTime:0.000000s ]
SQL: SHOW COLUMNS FROM `tp_brand` [ RunTime:0.0040s ]
SQL: SELECT * FROM `tp_brand` WHERE ( `BRAND_NAME` like '%122%' ) ORDER BY `brand_id` asc LIMIT 0,10   [ RunTime:0.0000s ]
SQL: SELECT COUNT(*) AS tp_count FROM `tp_brand` WHERE ( `BRAND_NAME` like '%122%' ) LIMIT 1   [ RunTime:0.0010s ]
INFO: [ app_end ] --START--
INFO: Run Behavior\ShowPageTraceBehavior [ RunTime:0.000000s ]
INFO: [ app_end ] --END-- [ RunTime:0.000000s ]

[ 2016-04-05T09:58:35+08:00 ] 127.0.0.1 /index.php/Admin/Product/product_brand.html
INFO: [ app_init ] --START--
INFO: Run Behavior\BuildLiteBehavior [ RunTime:0.000000s ]
INFO: [ app_init ] --END-- [ RunTime:0.000000s ]
INFO: [ app_begin ] --START--
INFO: Run Behavior\ReadHtmlCacheBehavior [ RunTime:0.000000s ]
INFO: [ app_begin ] --END-- [ RunTime:0.001000s ]
SQL: SHOW COLUMNS FROM `tp_brand` [ RunTime:0.0040s ]
SQL: SHOW COLUMNS FROM `tp_category` [ RunTime:0.0040s ]
SQL: SELECT * FROM `tp_category`  [ RunTime:0.0000s ]
SQL: SELECT * FROM `tp_brand` WHERE (  1=1  )  [ RunTime:0.0000s ]
INFO: [ view_parse ] --START--
INFO: [ template_filter ] --START--
INFO: Run Behavior\ContentReplaceBehavior [ RunTime:0.000000s ]
INFO: [ template_filter ] --END-- [ RunTime:0.000000s ]
NOTIC: [8] Undefined variable: signbrand E:\WWW\tphui\Application\Runtime\Cache\Admin\a57c6a7c325213e579a2c3a50f1b3eac.php 第 36 行.
NOTIC: [8] Undefined index: level E:\WWW\tphui\Application\Runtime\Cache\Admin\a57c6a7c325213e579a2c3a50f1b3eac.php 第 36 行.
NOTIC: [8] Undefined variable: signbrand E:\WWW\tphui\Application\Runtime\Cache\Admin\a57c6a7c325213e579a2c3a50f1b3eac.php 第 36 行.
NOTIC: [8] Undefined index: level E:\WWW\tphui\Application\Runtime\Cache\Admin\a57c6a7c325213e579a2c3a50f1b3eac.php 第 36 行.
NOTIC: [8] Undefined variable: signbrand E:\WWW\tphui\Application\Runtime\Cache\Admin\a57c6a7c325213e579a2c3a50f1b3eac.php 第 36 行.
NOTIC: [8] Undefined index: level E:\WWW\tphui\Application\Runtime\Cache\Admin\a57c6a7c325213e579a2c3a50f1b3eac.php 第 36 行.
NOTIC: [8] Undefined variable: signbrand E:\WWW\tphui\Application\Runtime\Cache\Admin\a57c6a7c325213e579a2c3a50f1b3eac.php 第 36 行.
NOTIC: [8] Undefined index: level E:\WWW\tphui\Application\Runtime\Cache\Admin\a57c6a7c325213e579a2c3a50f1b3eac.php 第 36 行.
NOTIC: [8] Undefined variable: signbrand E:\WWW\tphui\Application\Runtime\Cache\Admin\a57c6a7c325213e579a2c3a50f1b3eac.php 第 36 行.
NOTIC: [8] Undefined index: level E:\WWW\tphui\Application\Runtime\Cache\Admin\a57c6a7c325213e579a2c3a50f1b3eac.php 第 36 行.
NOTIC: [8] Undefined variable: signbrand E:\WWW\tphui\Application\Runtime\Cache\Admin\a57c6a7c325213e579a2c3a50f1b3eac.php 第 36 行.
NOTIC: [8] Undefined index: level E:\WWW\tphui\Application\Runtime\Cache\Admin\a57c6a7c325213e579a2c3a50f1b3eac.php 第 36 行.
NOTIC: [8] Undefined variable: signbrand E:\WWW\tphui\Application\Runtime\Cache\Admin\a57c6a7c325213e579a2c3a50f1b3eac.php 第 36 行.
NOTIC: [8] Undefined index: level E:\WWW\tphui\Application\Runtime\Cache\Admin\a57c6a7c325213e579a2c3a50f1b3eac.php 第 36 行.
NOTIC: [8] Undefined variable: signbrand E:\WWW\tphui\Application\Runtime\Cache\Admin\a57c6a7c325213e579a2c3a50f1b3eac.php 第 36 行.
NOTIC: [8] Undefined index: level E:\WWW\tphui\Application\Runtime\Cache\Admin\a57c6a7c325213e579a2c3a50f1b3eac.php 第 36 行.
NOTIC: [8] Undefined variable: signbrand E:\WWW\tphui\Application\Runtime\Cache\Admin\a57c6a7c325213e579a2c3a50f1b3eac.php 第 36 行.
NOTIC: [8] Undefined index: level E:\WWW\tphui\Application\Runtime\Cache\Admin\a57c6a7c325213e579a2c3a50f1b3eac.php 第 36 行.
NOTIC: [8] Undefined variable: signbrand E:\WWW\tphui\Application\Runtime\Cache\Admin\a57c6a7c325213e579a2c3a50f1b3eac.php 第 36 行.
NOTIC: [8] Undefined index: level E:\WWW\tphui\Application\Runtime\Cache\Admin\a57c6a7c325213e579a2c3a50f1b3eac.php 第 36 行.
NOTIC: [8] Undefined variable: signbrand E:\WWW\tphui\Application\Runtime\Cache\Admin\a57c6a7c325213e579a2c3a50f1b3eac.php 第 36 行.
NOTIC: [8] Undefined index: level E:\WWW\tphui\Application\Runtime\Cache\Admin\a57c6a7c325213e579a2c3a50f1b3eac.php 第 36 行.
NOTIC: [8] Undefined variable: signbrand E:\WWW\tphui\Application\Runtime\Cache\Admin\a57c6a7c325213e579a2c3a50f1b3eac.php 第 36 行.
NOTIC: [8] Undefined index: level E:\WWW\tphui\Application\Runtime\Cache\Admin\a57c6a7c325213e579a2c3a50f1b3eac.php 第 36 行.
NOTIC: [8] Undefined variable: signbrand E:\WWW\tphui\Application\Runtime\Cache\Admin\a57c6a7c325213e579a2c3a50f1b3eac.php 第 36 行.
NOTIC: [8] Undefined index: level E:\WWW\tphui\Application\Runtime\Cache\Admin\a57c6a7c325213e579a2c3a50f1b3eac.php 第 36 行.
NOTIC: [8] Undefined variable: signbrand E:\WWW\tphui\Application\Runtime\Cache\Admin\a57c6a7c325213e579a2c3a50f1b3eac.php 第 36 行.
NOTIC: [8] Undefined index: level E:\WWW\tphui\Application\Runtime\Cache\Admin\a57c6a7c325213e579a2c3a50f1b3eac.php 第 36 行.
NOTIC: [8] Undefined variable: signbrand E:\WWW\tphui\Application\Runtime\Cache\Admin\a57c6a7c325213e579a2c3a50f1b3eac.php 第 36 行.
NOTIC: [8] Undefined index: level E:\WWW\tphui\Application\Runtime\Cache\Admin\a57c6a7c325213e579a2c3a50f1b3eac.php 第 36 行.
INFO: Run Behavior\ParseTemplateBehavior [ RunTime:0.010000s ]
INFO: [ view_parse ] --END-- [ RunTime:0.010000s ]
INFO: [ view_filter ] --START--
INFO: Run Behavior\WriteHtmlCacheBehavior [ RunTime:0.000000s ]
INFO: [ view_filter ] --END-- [ RunTime:0.000000s ]
INFO: [ app_end ] --START--
INFO: Run Behavior\ShowPageTraceBehavior [ RunTime:0.000000s ]
INFO: [ app_end ] --END-- [ RunTime:0.000000s ]

[ 2016-04-05T09:58:35+08:00 ] 127.0.0.1 /index.php/Admin/Product/lib/laypage/1.2/laypage.js
INFO: [ app_init ] --START--
INFO: Run Behavior\BuildLiteBehavior [ RunTime:0.000000s ]
INFO: [ app_init ] --END-- [ RunTime:0.000000s ]
INFO: [ app_begin ] --START--
INFO: Run Behavior\ReadHtmlCacheBehavior [ RunTime:0.001000s ]
INFO: [ app_begin ] --END-- [ RunTime:0.001000s ]
ERR: 非法操作:lib

[ 2016-04-05T09:58:35+08:00 ] 127.0.0.1 /index.php/Admin/Product/product_aaa
INFO: [ app_init ] --START--
INFO: Run Behavior\BuildLiteBehavior [ RunTime:0.000000s ]
INFO: [ app_init ] --END-- [ RunTime:0.001000s ]
INFO: [ app_begin ] --START--
INFO: Run Behavior\ReadHtmlCacheBehavior [ RunTime:0.001000s ]
INFO: [ app_begin ] --END-- [ RunTime:0.001000s ]
SQL: SHOW COLUMNS FROM `tp_brand` [ RunTime:0.0040s ]
SQL: SELECT * FROM `tp_brand` WHERE ( `BRAND_NAME` like '%12%' ) ORDER BY `brand_id` asc LIMIT 0,10   [ RunTime:0.0000s ]
SQL: SELECT COUNT(*) AS tp_count FROM `tp_brand` WHERE ( `BRAND_NAME` like '%12%' ) LIMIT 1   [ RunTime:0.0000s ]
INFO: [ app_end ] --START--
INFO: Run Behavior\ShowPageTraceBehavior [ RunTime:0.000000s ]
INFO: [ app_end ] --END-- [ RunTime:0.000000s ]

[ 2016-04-05T09:58:36+08:00 ] 127.0.0.1 /index.php/Admin/Product/product_aaa
INFO: [ app_init ] --START--
INFO: Run Behavior\BuildLiteBehavior [ RunTime:0.000000s ]
INFO: [ app_init ] --END-- [ RunTime:0.000000s ]
INFO: [ app_begin ] --START--
INFO: Run Behavior\ReadHtmlCacheBehavior [ RunTime:0.000000s ]
INFO: [ app_begin ] --END-- [ RunTime:0.000000s ]
SQL: SHOW COLUMNS FROM `tp_brand` [ RunTime:0.0000s ]
SQL: SELECT * FROM `tp_brand` WHERE ( `BRAND_NAME` like '%12312%' ) ORDER BY `brand_id` asc LIMIT 0,10   [ RunTime:0.0000s ]
SQL: SELECT COUNT(*) AS tp_count FROM `tp_brand` WHERE ( `BRAND_NAME` like '%12312%' ) LIMIT 1   [ RunTime:0.0000s ]
INFO: [ app_end ] --START--
INFO: Run Behavior\ShowPageTraceBehavior [ RunTime:0.000000s ]
INFO: [ app_end ] --END-- [ RunTime:0.000000s ]

[ 2016-04-05T09:58:37+08:00 ] 127.0.0.1 /index.php/Admin/Product/product_aaa
INFO: [ app_init ] --START--
INFO: Run Behavior\BuildLiteBehavior [ RunTime:0.000000s ]
INFO: [ app_init ] --END-- [ RunTime:0.000000s ]
INFO: [ app_begin ] --START--
INFO: Run Behavior\ReadHtmlCacheBehavior [ RunTime:0.000000s ]
INFO: [ app_begin ] --END-- [ RunTime:0.000000s ]
SQL: SHOW COLUMNS FROM `tp_brand` [ RunTime:0.0040s ]
SQL: SELECT * FROM `tp_brand` WHERE ( `BRAND_NAME` like '%123123%' ) ORDER BY `brand_id` asc LIMIT 0,10   [ RunTime:0.0000s ]
SQL: SELECT COUNT(*) AS tp_count FROM `tp_brand` WHERE ( `BRAND_NAME` like '%123123%' ) LIMIT 1   [ RunTime:0.0000s ]
INFO: [ app_end ] --START--
INFO: Run Behavior\ShowPageTraceBehavior [ RunTime:0.001000s ]
INFO: [ app_end ] --END-- [ RunTime:0.001000s ]

[ 2016-04-05T09:58:39+08:00 ] 127.0.0.1 /index.php/Admin/Product/product_aaa
INFO: [ app_init ] --START--
INFO: Run Behavior\BuildLiteBehavior [ RunTime:0.000000s ]
INFO: [ app_init ] --END-- [ RunTime:0.000000s ]
INFO: [ app_begin ] --START--
INFO: Run Behavior\ReadHtmlCacheBehavior [ RunTime:0.001001s ]
INFO: [ app_begin ] --END-- [ RunTime:0.001001s ]
SQL: SHOW COLUMNS FROM `tp_brand` [ RunTime:0.0050s ]
SQL: SELECT * FROM `tp_brand` WHERE ( `BRAND_NAME` like '%123123222%' ) ORDER BY `brand_id` asc LIMIT 0,10   [ RunTime:0.0000s ]
SQL: SELECT COUNT(*) AS tp_count FROM `tp_brand` WHERE ( `BRAND_NAME` like '%123123222%' ) LIMIT 1   [ RunTime:0.0010s ]
INFO: [ app_end ] --START--
INFO: Run Behavior\ShowPageTraceBehavior [ RunTime:0.001001s ]
INFO: [ app_end ] --END-- [ RunTime:0.001001s ]

[ 2016-04-05T09:59:21+08:00 ] 127.0.0.1 /index.php/Admin/Product/product_aaa
INFO: [ app_init ] --START--
INFO: Run Behavior\BuildLiteBehavior [ RunTime:0.000000s ]
INFO: [ app_init ] --END-- [ RunTime:0.001000s ]
INFO: [ app_begin ] --START--
INFO: Run Behavior\ReadHtmlCacheBehavior [ RunTime:0.000000s ]
INFO: [ app_begin ] --END-- [ RunTime:0.001000s ]
SQL: SHOW COLUMNS FROM `tp_brand` [ RunTime:0.0000s ]
SQL: SELECT * FROM `tp_brand` ORDER BY `brand_id` asc LIMIT 0,10   [ RunTime:0.0000s ]
SQL: SELECT COUNT(*) AS tp_count FROM `tp_brand` LIMIT 1   [ RunTime:0.0000s ]
INFO: [ app_end ] --START--
INFO: Run Behavior\ShowPageTraceBehavior [ RunTime:0.010000s ]
INFO: [ app_end ] --END-- [ RunTime:0.010000s ]

[ 2016-04-05T09:59:23+08:00 ] 127.0.0.1 /index.php/Admin/Product/product_brand.html
INFO: [ app_init ] --START--
INFO: Run Behavior\BuildLiteBehavior [ RunTime:0.000000s ]
INFO: [ app_init ] --END-- [ RunTime:0.001000s ]
INFO: [ app_begin ] --START--
INFO: Run Behavior\ReadHtmlCacheBehavior [ RunTime:0.000000s ]
INFO: [ app_begin ] --END-- [ RunTime:0.001001s ]
SQL: SHOW COLUMNS FROM `tp_brand` [ RunTime:0.0080s ]
SQL: SHOW COLUMNS FROM `tp_category` [ RunTime:0.0060s ]
SQL: SELECT * FROM `tp_category`  [ RunTime:0.0000s ]
SQL: SELECT * FROM `tp_brand` WHERE (  1=1  )  [ RunTime:0.0000s ]
INFO: [ view_parse ] --START--
INFO: [ template_filter ] --START--
INFO: Run Behavior\ContentReplaceBehavior [ RunTime:0.000000s ]
INFO: [ template_filter ] --END-- [ RunTime:0.000000s ]
NOTIC: [8] Undefined variable: signbrand E:\WWW\tphui\Application\Runtime\Cache\Admin\a57c6a7c325213e579a2c3a50f1b3eac.php 第 36 行.
NOTIC: [8] Undefined index: level E:\WWW\tphui\Application\Runtime\Cache\Admin\a57c6a7c325213e579a2c3a50f1b3eac.php 第 36 行.
NOTIC: [8] Undefined variable: signbrand E:\WWW\tphui\Application\Runtime\Cache\Admin\a57c6a7c325213e579a2c3a50f1b3eac.php 第 36 行.
NOTIC: [8] Undefined index: level E:\WWW\tphui\Application\Runtime\Cache\Admin\a57c6a7c325213e579a2c3a50f1b3eac.php 第 36 行.
NOTIC: [8] Undefined variable: signbrand E:\WWW\tphui\Application\Runtime\Cache\Admin\a57c6a7c325213e579a2c3a50f1b3eac.php 第 36 行.
NOTIC: [8] Undefined index: level E:\WWW\tphui\Application\Runtime\Cache\Admin\a57c6a7c325213e579a2c3a50f1b3eac.php 第 36 行.
NOTIC: [8] Undefined variable: signbrand E:\WWW\tphui\Application\Runtime\Cache\Admin\a57c6a7c325213e579a2c3a50f1b3eac.php 第 36 行.
NOTIC: [8] Undefined index: level E:\WWW\tphui\Application\Runtime\Cache\Admin\a57c6a7c325213e579a2c3a50f1b3eac.php 第 36 行.
NOTIC: [8] Undefined variable: signbrand E:\WWW\tphui\Application\Runtime\Cache\Admin\a57c6a7c325213e579a2c3a50f1b3eac.php 第 36 行.
NOTIC: [8] Undefined index: level E:\WWW\tphui\Application\Runtime\Cache\Admin\a57c6a7c325213e579a2c3a50f1b3eac.php 第 36 行.
NOTIC: [8] Undefined variable: signbrand E:\WWW\tphui\Application\Runtime\Cache\Admin\a57c6a7c325213e579a2c3a50f1b3eac.php 第 36 行.
NOTIC: [8] Undefined index: level E:\WWW\tphui\Application\Runtime\Cache\Admin\a57c6a7c325213e579a2c3a50f1b3eac.php 第 36 行.
NOTIC: [8] Undefined variable: signbrand E:\WWW\tphui\Application\Runtime\Cache\Admin\a57c6a7c325213e579a2c3a50f1b3eac.php 第 36 行.
NOTIC: [8] Undefined index: level E:\WWW\tphui\Application\Runtime\Cache\Admin\a57c6a7c325213e579a2c3a50f1b3eac.php 第 36 行.
NOTIC: [8] Undefined variable: signbrand E:\WWW\tphui\Application\Runtime\Cache\Admin\a57c6a7c325213e579a2c3a50f1b3eac.php 第 36 行.
NOTIC: [8] Undefined index: level E:\WWW\tphui\Application\Runtime\Cache\Admin\a57c6a7c325213e579a2c3a50f1b3eac.php 第 36 行.
NOTIC: [8] Undefined variable: signbrand E:\WWW\tphui\Application\Runtime\Cache\Admin\a57c6a7c325213e579a2c3a50f1b3eac.php 第 36 行.
NOTIC: [8] Undefined index: level E:\WWW\tphui\Application\Runtime\Cache\Admin\a57c6a7c325213e579a2c3a50f1b3eac.php 第 36 行.
NOTIC: [8] Undefined variable: signbrand E:\WWW\tphui\Application\Runtime\Cache\Admin\a57c6a7c325213e579a2c3a50f1b3eac.php 第 36 行.
NOTIC: [8] Undefined index: level E:\WWW\tphui\Application\Runtime\Cache\Admin\a57c6a7c325213e579a2c3a50f1b3eac.php 第 36 行.
NOTIC: [8] Undefined variable: signbrand E:\WWW\tphui\Application\Runtime\Cache\Admin\a57c6a7c325213e579a2c3a50f1b3eac.php 第 36 行.
NOTIC: [8] Undefined index: level E:\WWW\tphui\Application\Runtime\Cache\Admin\a57c6a7c325213e579a2c3a50f1b3eac.php 第 36 行.
NOTIC: [8] Undefined variable: signbrand E:\WWW\tphui\Application\Runtime\Cache\Admin\a57c6a7c325213e579a2c3a50f1b3eac.php 第 36 行.
NOTIC: [8] Undefined index: level E:\WWW\tphui\Application\Runtime\Cache\Admin\a57c6a7c325213e579a2c3a50f1b3eac.php 第 36 行.
NOTIC: [8] Undefined variable: signbrand E:\WWW\tphui\Application\Runtime\Cache\Admin\a57c6a7c325213e579a2c3a50f1b3eac.php 第 36 行.
NOTIC: [8] Undefined index: level E:\WWW\tphui\Application\Runtime\Cache\Admin\a57c6a7c325213e579a2c3a50f1b3eac.php 第 36 行.
NOTIC: [8] Undefined variable: signbrand E:\WWW\tphui\Application\Runtime\Cache\Admin\a57c6a7c325213e579a2c3a50f1b3eac.php 第 36 行.
NOTIC: [8] Undefined index: level E:\WWW\tphui\Application\Runtime\Cache\Admin\a57c6a7c325213e579a2c3a50f1b3eac.php 第 36 行.
NOTIC: [8] Undefined variable: signbrand E:\WWW\tphui\Application\Runtime\Cache\Admin\a57c6a7c325213e579a2c3a50f1b3eac.php 第 36 行.
NOTIC: [8] Undefined index: level E:\WWW\tphui\Application\Runtime\Cache\Admin\a57c6a7c325213e579a2c3a50f1b3eac.php 第 36 行.
INFO: Run Behavior\ParseTemplateBehavior [ RunTime:0.014001s ]
INFO: [ view_parse ] --END-- [ RunTime:0.014001s ]
INFO: [ view_filter ] --START--
INFO: Run Behavior\WriteHtmlCacheBehavior [ RunTime:0.000000s ]
INFO: [ view_filter ] --END-- [ RunTime:0.000000s ]
INFO: [ app_end ] --START--
INFO: Run Behavior\ShowPageTraceBehavior [ RunTime:0.002000s ]
INFO: [ app_end ] --END-- [ RunTime:0.002000s ]

[ 2016-04-05T09:59:23+08:00 ] 127.0.0.1 /index.php/Admin/Product/lib/laypage/1.2/laypage.js
INFO: [ app_init ] --START--
INFO: Run Behavior\BuildLiteBehavior [ RunTime:0.000000s ]
INFO: [ app_init ] --END-- [ RunTime:0.001000s ]
INFO: [ app_begin ] --START--
INFO: Run Behavior\ReadHtmlCacheBehavior [ RunTime:0.001000s ]
INFO: [ app_begin ] --END-- [ RunTime:0.001000s ]
ERR: 非法操作:lib

[ 2016-04-05T09:59:23+08:00 ] 127.0.0.1 /index.php/Admin/Product/product_aaa
INFO: [ app_init ] --START--
INFO: Run Behavior\BuildLiteBehavior [ RunTime:0.000000s ]
INFO: [ app_init ] --END-- [ RunTime:0.000000s ]
INFO: [ app_begin ] --START--
INFO: Run Behavior\ReadHtmlCacheBehavior [ RunTime:0.001000s ]
INFO: [ app_begin ] --END-- [ RunTime:0.001000s ]
SQL: SHOW COLUMNS FROM `tp_brand` [ RunTime:0.0050s ]
SQL: SELECT * FROM `tp_brand` ORDER BY `brand_id` asc LIMIT 0,10   [ RunTime:0.0000s ]
SQL: SELECT COUNT(*) AS tp_count FROM `tp_brand` LIMIT 1   [ RunTime:0.0000s ]
INFO: [ app_end ] --START--
INFO: Run Behavior\ShowPageTraceBehavior [ RunTime:0.001000s ]
INFO: [ app_end ] --END-- [ RunTime:0.002000s ]

[ 2016-04-05T09:59:26+08:00 ] 127.0.0.1 /index.php/Admin/Product/product_aaa
INFO: [ app_init ] --START--
INFO: Run Behavior\BuildLiteBehavior [ RunTime:0.000000s ]
INFO: [ app_init ] --END-- [ RunTime:0.001000s ]
INFO: [ app_begin ] --START--
INFO: Run Behavior\ReadHtmlCacheBehavior [ RunTime:0.001000s ]
INFO: [ app_begin ] --END-- [ RunTime:0.002000s ]
SQL: SHOW COLUMNS FROM `tp_brand` [ RunTime:0.0040s ]
SQL: SELECT * FROM `tp_brand` ORDER BY `brand_id` asc LIMIT 10,10   [ RunTime:0.0000s ]
SQL: SELECT COUNT(*) AS tp_count FROM `tp_brand` LIMIT 1   [ RunTime:0.0000s ]
INFO: [ app_end ] --START--
INFO: Run Behavior\ShowPageTraceBehavior [ RunTime:0.001000s ]
INFO: [ app_end ] --END-- [ RunTime:0.001000s ]

[ 2016-04-05T09:59:28+08:00 ] 127.0.0.1 /index.php/Admin/Product/product_aaa
INFO: [ app_init ] --START--
INFO: Run Behavior\BuildLiteBehavior [ RunTime:0.000000s ]
INFO: [ app_init ] --END-- [ RunTime:0.000000s ]
INFO: [ app_begin ] --START--
INFO: Run Behavior\ReadHtmlCacheBehavior [ RunTime:0.000000s ]
INFO: [ app_begin ] --END-- [ RunTime:0.000000s ]
SQL: SHOW COLUMNS FROM `tp_brand` [ RunTime:0.0040s ]
SQL: SELECT * FROM `tp_brand` ORDER BY `brand_id` asc LIMIT 0,10   [ RunTime:0.0000s ]
SQL: SELECT COUNT(*) AS tp_count FROM `tp_brand` LIMIT 1   [ RunTime:0.0000s ]
INFO: [ app_end ] --START--
INFO: Run Behavior\ShowPageTraceBehavior [ RunTime:0.001000s ]
INFO: [ app_end ] --END-- [ RunTime:0.001000s ]

[ 2016-04-05T09:59:39+08:00 ] 127.0.0.1 /index.php/Admin/Admins/admin_role.html
INFO: [ app_init ] --START--
INFO: Run Behavior\BuildLiteBehavior [ RunTime:0.000000s ]
INFO: [ app_init ] --END-- [ RunTime:0.001000s ]
INFO: [ app_begin ] --START--
INFO: Run Behavior\ReadHtmlCacheBehavior [ RunTime:0.001000s ]
INFO: [ app_begin ] --END-- [ RunTime:0.001000s ]
SQL: SHOW COLUMNS FROM `tp_admin` [ RunTime:0.0050s ]
INFO: [ view_parse ] --START--
INFO: [ template_filter ] --START--
INFO: Run Behavior\ContentReplaceBehavior [ RunTime:0.000000s ]
INFO: [ template_filter ] --END-- [ RunTime:0.000000s ]
INFO: Run Behavior\ParseTemplateBehavior [ RunTime:0.015001s ]
INFO: [ view_parse ] --END-- [ RunTime:0.015001s ]
INFO: [ view_filter ] --START--
INFO: Run Behavior\WriteHtmlCacheBehavior [ RunTime:0.000000s ]
INFO: [ view_filter ] --END-- [ RunTime:0.000000s ]
INFO: [ app_end ] --START--
INFO: Run Behavior\ShowPageTraceBehavior [ RunTime:0.001000s ]
INFO: [ app_end ] --END-- [ RunTime:0.001000s ]

[ 2016-04-05T09:59:41+08:00 ] 127.0.0.1 /index.php/Admin/Admins/admin-role-add.html
INFO: [ app_init ] --START--
INFO: Run Behavior\BuildLiteBehavior [ RunTime:0.000000s ]
INFO: [ app_init ] --END-- [ RunTime:0.001000s ]
INFO: [ app_begin ] --START--
INFO: Run Behavior\ReadHtmlCacheBehavior [ RunTime:0.001000s ]
INFO: [ app_begin ] --END-- [ RunTime:0.001000s ]
SQL: SHOW COLUMNS FROM `tp_admin` [ RunTime:0.0060s ]
ERR: 非法操作:admin-role-add

[ 2016-04-05T10:02:14+08:00 ] 127.0.0.1 /index.php/Admin/Admins/admin_role.html
INFO: [ app_init ] --START--
INFO: Run Behavior\BuildLiteBehavior [ RunTime:0.000000s ]
INFO: [ app_init ] --END-- [ RunTime:0.001000s ]
INFO: [ app_begin ] --START--
INFO: Run Behavior\ReadHtmlCacheBehavior [ RunTime:0.000000s ]
INFO: [ app_begin ] --END-- [ RunTime:0.000000s ]
SQL: SHOW COLUMNS FROM `tp_admin` [ RunTime:0.0040s ]
INFO: [ view_parse ] --START--
INFO: [ template_filter ] --START--
INFO: Run Behavior\ContentReplaceBehavior [ RunTime:0.001000s ]
INFO: [ template_filter ] --END-- [ RunTime:0.001000s ]
INFO: Run Behavior\ParseTemplateBehavior [ RunTime:0.008001s ]
INFO: [ view_parse ] --END-- [ RunTime:0.008001s ]
INFO: [ view_filter ] --START--
INFO: Run Behavior\WriteHtmlCacheBehavior [ RunTime:0.000000s ]
INFO: [ view_filter ] --END-- [ RunTime:0.000000s ]
INFO: [ app_end ] --START--
INFO: Run Behavior\ShowPageTraceBehavior [ RunTime:0.001000s ]
INFO: [ app_end ] --END-- [ RunTime:0.001000s ]

[ 2016-04-05T10:02:19+08:00 ] 127.0.0.1 /index.php/Admin/Admins/admin_permission.html
INFO: [ app_init ] --START--
INFO: Run Behavior\BuildLiteBehavior [ RunTime:0.000000s ]
INFO: [ app_init ] --END-- [ RunTime:0.000000s ]
INFO: [ app_begin ] --START--
INFO: Run Behavior\ReadHtmlCacheBehavior [ RunTime:0.000000s ]
INFO: [ app_begin ] --END-- [ RunTime:0.000000s ]
SQL: SHOW COLUMNS FROM `tp_admin` [ RunTime:0.0040s ]
INFO: [ view_parse ] --START--
INFO: [ template_filter ] --START--
INFO: Run Behavior\ContentReplaceBehavior [ RunTime:0.000000s ]
INFO: [ template_filter ] --END-- [ RunTime:0.000000s ]
INFO: Run Behavior\ParseTemplateBehavior [ RunTime:0.022001s ]
INFO: [ view_parse ] --END-- [ RunTime:0.022001s ]
INFO: [ view_filter ] --START--
INFO: Run Behavior\WriteHtmlCacheBehavior [ RunTime:0.001000s ]
INFO: [ view_filter ] --END-- [ RunTime:0.001000s ]
INFO: [ app_end ] --START--
INFO: Run Behavior\ShowPageTraceBehavior [ RunTime:0.000000s ]
INFO: [ app_end ] --END-- [ RunTime:0.000000s ]

[ 2016-04-05T10:02:19+08:00 ] 127.0.0.1 /index.php/Admin/Admins/lib/jquery/1.9.1/jquery.min.js
INFO: [ app_init ] --START--
INFO: Run Behavior\BuildLiteBehavior [ RunTime:0.000000s ]
INFO: [ app_init ] --END-- [ RunTime:0.000000s ]
INFO: [ app_begin ] --START--
INFO: Run Behavior\ReadHtmlCacheBehavior [ RunTime:0.001000s ]
INFO: [ app_begin ] --END-- [ RunTime:0.001000s ]
SQL: SHOW COLUMNS FROM `tp_admin` [ RunTime:0.0070s ]
ERR: 非法操作:lib

[ 2016-04-05T10:02:19+08:00 ] 127.0.0.1 /index.php/Admin/Admins/lib/layer/1.9.3/layer.js
INFO: [ app_init ] --START--
INFO: Run Behavior\BuildLiteBehavior [ RunTime:0.000000s ]
INFO: [ app_init ] --END-- [ RunTime:0.001000s ]
INFO: [ app_begin ] --START--
INFO: Run Behavior\ReadHtmlCacheBehavior [ RunTime:0.001000s ]
INFO: [ app_begin ] --END-- [ RunTime:0.001000s ]
SQL: SHOW COLUMNS FROM `tp_admin` [ RunTime:0.0050s ]
ERR: 非法操作:lib

[ 2016-04-05T10:02:19+08:00 ] 127.0.0.1 /index.php/Admin/Admins/lib/My97DatePicker/WdatePicker.js
INFO: [ app_init ] --START--
INFO: Run Behavior\BuildLiteBehavior [ RunTime:0.000000s ]
INFO: [ app_init ] --END-- [ RunTime:0.001000s ]
INFO: [ app_begin ] --START--
INFO: Run Behavior\ReadHtmlCacheBehavior [ RunTime:0.001000s ]
INFO: [ app_begin ] --END-- [ RunTime:0.001000s ]
SQL: SHOW COLUMNS FROM `tp_admin` [ RunTime:0.0040s ]
ERR: 非法操作:lib

[ 2016-04-05T10:02:19+08:00 ] 127.0.0.1 /index.php/Admin/Admins/lib/laypage/1.2/laypage.js
INFO: [ app_init ] --START--
INFO: Run Behavior\BuildLiteBehavior [ RunTime:0.000000s ]
INFO: [ app_init ] --END-- [ RunTime:0.001000s ]
INFO: [ app_begin ] --START--
INFO: Run Behavior\ReadHtmlCacheBehavior [ RunTime:0.002000s ]
INFO: [ app_begin ] --END-- [ RunTime:0.002000s ]
SQL: SHOW COLUMNS FROM `tp_admin` [ RunTime:0.0040s ]
ERR: 非法操作:lib

[ 2016-04-05T10:02:19+08:00 ] 127.0.0.1 /index.php/Admin/Admins/js/H-ui.js
INFO: [ app_init ] --START--
INFO: Run Behavior\BuildLiteBehavior [ RunTime:0.000000s ]
INFO: [ app_init ] --END-- [ RunTime:0.000000s ]
INFO: [ app_begin ] --START--
INFO: Run Behavior\ReadHtmlCacheBehavior [ RunTime:0.001000s ]
INFO: [ app_begin ] --END-- [ RunTime:0.001000s ]
SQL: SHOW COLUMNS FROM `tp_admin` [ RunTime:0.0060s ]
ERR: 非法操作:js

[ 2016-04-05T10:02:19+08:00 ] 127.0.0.1 /index.php/Admin/Admins/js/H-ui.admin.js
INFO: [ app_init ] --START--
INFO: Run Behavior\BuildLiteBehavior [ RunTime:0.000000s ]
INFO: [ app_init ] --END-- [ RunTime:0.001000s ]
INFO: [ app_begin ] --START--
INFO: Run Behavior\ReadHtmlCacheBehavior [ RunTime:0.001000s ]
INFO: [ app_begin ] --END-- [ RunTime:0.001000s ]
SQL: SHOW COLUMNS FROM `tp_admin` [ RunTime:0.0060s ]
ERR: 非法操作:js

[ 2016-04-05T10:02:28+08:00 ] 127.0.0.1 /index.php/Admin/Admins/admin_list.html
INFO: [ app_init ] --START--
INFO: Run Behavior\BuildLiteBehavior [ RunTime:0.000000s ]
INFO: [ app_init ] --END-- [ RunTime:0.000000s ]
INFO: [ app_begin ] --START--
INFO: Run Behavior\ReadHtmlCacheBehavior [ RunTime:0.001000s ]
INFO: [ app_begin ] --END-- [ RunTime:0.001000s ]
SQL: SHOW COLUMNS FROM `tp_admin` [ RunTime:0.0060s ]
NOTIC: [8] Undefined index: datemin E:\WWW\tphui\Application\Admin\Controller\AdminsController.class.php 第 25 行.
NOTIC: [8] Undefined index: datemax E:\WWW\tphui\Application\Admin\Controller\AdminsController.class.php 第 26 行.
NOTIC: [8] Undefined index: username E:\WWW\tphui\Application\Admin\Controller\AdminsController.class.php 第 27 行.
SQL: SELECT * FROM `tp_admin` WHERE ( id <> "" )  [ RunTime:0.0000s ]
SQL: SELECT COUNT(*) AS tp_count FROM `tp_admin` WHERE ( id <> "" ) LIMIT 1   [ RunTime:0.0000s ]
INFO: [ view_parse ] --START--
INFO: [ template_filter ] --START--
INFO: Run Behavior\ContentReplaceBehavior [ RunTime:0.000000s ]
INFO: [ template_filter ] --END-- [ RunTime:0.000000s ]
NOTIC: [8] Undefined index: datemin E:\WWW\tphui\Application\Runtime\Cache\Admin\fa7115e32824dc84031f77db44590d15.php 第 31 行.
NOTIC: [8] Undefined index: datemax E:\WWW\tphui\Application\Runtime\Cache\Admin\fa7115e32824dc84031f77db44590d15.php 第 33 行.
NOTIC: [8] Undefined index: username E:\WWW\tphui\Application\Runtime\Cache\Admin\fa7115e32824dc84031f77db44590d15.php 第 34 行.
NOTIC: [8] Use of undefined constant id - assumed 'id' E:\WWW\tphui\Application\Runtime\Cache\Admin\fa7115e32824dc84031f77db44590d15.php 第 67 行.
NOTIC: [8] Use of undefined constant id - assumed 'id' E:\WWW\tphui\Application\Runtime\Cache\Admin\fa7115e32824dc84031f77db44590d15.php 第 67 行.
INFO: Run Behavior\ParseTemplateBehavior [ RunTime:0.106006s ]
INFO: [ view_parse ] --END-- [ RunTime:0.107006s ]
INFO: [ view_filter ] --START--
INFO: Run Behavior\WriteHtmlCacheBehavior [ RunTime:0.001000s ]
INFO: [ view_filter ] --END-- [ RunTime:0.002000s ]
INFO: [ app_end ] --START--
INFO: Run Behavior\ShowPageTraceBehavior [ RunTime:0.002000s ]
INFO: [ app_end ] --END-- [ RunTime:0.002000s ]

[ 2016-04-05T10:02:31+08:00 ] 127.0.0.1 /index.php/Admin/Admins/admin_list.html
INFO: [ app_init ] --START--
INFO: Run Behavior\BuildLiteBehavior [ RunTime:0.000000s ]
INFO: [ app_init ] --END-- [ RunTime:0.000000s ]
INFO: [ app_begin ] --START--
INFO: Run Behavior\ReadHtmlCacheBehavior [ RunTime:0.000000s ]
INFO: [ app_begin ] --END-- [ RunTime:0.000000s ]
SQL: SHOW COLUMNS FROM `tp_admin` [ RunTime:0.0050s ]
NOTIC: [8] Undefined index: datemin E:\WWW\tphui\Application\Admin\Controller\AdminsController.class.php 第 25 行.
NOTIC: [8] Undefined index: datemax E:\WWW\tphui\Application\Admin\Controller\AdminsController.class.php 第 26 行.
NOTIC: [8] Undefined index: username E:\WWW\tphui\Application\Admin\Controller\AdminsController.class.php 第 27 行.
SQL: SELECT * FROM `tp_admin` WHERE ( id <> "" )  [ RunTime:0.0010s ]
SQL: SELECT COUNT(*) AS tp_count FROM `tp_admin` WHERE ( id <> "" ) LIMIT 1   [ RunTime:0.0000s ]
INFO: [ view_parse ] --START--
INFO: [ template_filter ] --START--
INFO: Run Behavior\ContentReplaceBehavior [ RunTime:0.000000s ]
INFO: [ template_filter ] --END-- [ RunTime:0.000000s ]
NOTIC: [8] Undefined index: datemin E:\WWW\tphui\Application\Runtime\Cache\Admin\fa7115e32824dc84031f77db44590d15.php 第 31 行.
NOTIC: [8] Undefined index: datemax E:\WWW\tphui\Application\Runtime\Cache\Admin\fa7115e32824dc84031f77db44590d15.php 第 33 行.
NOTIC: [8] Undefined index: username E:\WWW\tphui\Application\Runtime\Cache\Admin\fa7115e32824dc84031f77db44590d15.php 第 34 行.
NOTIC: [8] Use of undefined constant id - assumed 'id' E:\WWW\tphui\Application\Runtime\Cache\Admin\fa7115e32824dc84031f77db44590d15.php 第 67 行.
NOTIC: [8] Use of undefined constant id - assumed 'id' E:\WWW\tphui\Application\Runtime\Cache\Admin\fa7115e32824dc84031f77db44590d15.php 第 67 行.
INFO: Run Behavior\ParseTemplateBehavior [ RunTime:0.009001s ]
INFO: [ view_parse ] --END-- [ RunTime:0.009001s ]
INFO: [ view_filter ] --START--
INFO: Run Behavior\WriteHtmlCacheBehavior [ RunTime:0.000000s ]
INFO: [ view_filter ] --END-- [ RunTime:0.000000s ]
INFO: [ app_end ] --START--
INFO: Run Behavior\ShowPageTraceBehavior [ RunTime:0.001000s ]
INFO: [ app_end ] --END-- [ RunTime:0.001000s ]

[ 2016-04-05T10:02:36+08:00 ] 127.0.0.1 /index.php/Admin/Admins/admin_add.html
INFO: [ app_init ] --START--
INFO: Run Behavior\BuildLiteBehavior [ RunTime:0.000000s ]
INFO: [ app_init ] --END-- [ RunTime:0.000000s ]
INFO: [ app_begin ] --START--
INFO: Run Behavior\ReadHtmlCacheBehavior [ RunTime:0.002000s ]
INFO: [ app_begin ] --END-- [ RunTime:0.002000s ]
SQL: SHOW COLUMNS FROM `tp_admin` [ RunTime:0.0060s ]
INFO: [ view_parse ] --START--
INFO: [ template_filter ] --START--
INFO: Run Behavior\ContentReplaceBehavior [ RunTime:0.000000s ]
INFO: [ template_filter ] --END-- [ RunTime:0.000000s ]
NOTIC: [8] Undefined variable: editrow E:\WWW\tphui\Application\Runtime\Cache\Admin\5eb56569385225f3dd6b837339a751d8.php 第 31 行.
INFO: Run Behavior\ParseTemplateBehavior [ RunTime:0.023001s ]
INFO: [ view_parse ] --END-- [ RunTime:0.023001s ]
INFO: [ view_filter ] --START--
INFO: Run Behavior\WriteHtmlCacheBehavior [ RunTime:0.000000s ]
INFO: [ view_filter ] --END-- [ RunTime:0.000000s ]
INFO: [ app_end ] --START--
INFO: Run Behavior\ShowPageTraceBehavior [ RunTime:0.001000s ]
INFO: [ app_end ] --END-- [ RunTime:0.001000s ]

[ 2016-04-05T10:02:47+08:00 ] 127.0.0.1 /index.php/Admin/Admins/admin_add.html
INFO: [ app_init ] --START--
INFO: Run Behavior\BuildLiteBehavior [ RunTime:0.000000s ]
INFO: [ app_init ] --END-- [ RunTime:0.000000s ]
INFO: [ app_begin ] --START--
INFO: Run Behavior\ReadHtmlCacheBehavior [ RunTime:0.001000s ]
INFO: [ app_begin ] --END-- [ RunTime:0.001000s ]
SQL: SHOW COLUMNS FROM `tp_admin` [ RunTime:0.0170s ]
SQL: SELECT * FROM `tp_admin` WHERE `username` = '111' LIMIT 1   [ RunTime:0.0010s ]
SQL: INSERT INTO `tp_admin` (`id`,`username`,`password`,`state`,`firsttime`) VALUES ('0','111','96e79218965eb72c92a549dd5a330112','1','2016-04-05') [ RunTime:0.0370s ]

[ 2016-04-05T10:02:48+08:00 ] 127.0.0.1 /index.php/Admin/Admins/admin_list.html
INFO: [ app_init ] --START--
INFO: Run Behavior\BuildLiteBehavior [ RunTime:0.000000s ]
INFO: [ app_init ] --END-- [ RunTime:0.000000s ]
INFO: [ app_begin ] --START--
INFO: Run Behavior\ReadHtmlCacheBehavior [ RunTime:0.002000s ]
INFO: [ app_begin ] --END-- [ RunTime:0.002000s ]
SQL: SHOW COLUMNS FROM `tp_admin` [ RunTime:0.0040s ]
NOTIC: [8] Undefined index: datemin E:\WWW\tphui\Application\Admin\Controller\AdminsController.class.php 第 25 行.
NOTIC: [8] Undefined index: datemax E:\WWW\tphui\Application\Admin\Controller\AdminsController.class.php 第 26 行.
NOTIC: [8] Undefined index: username E:\WWW\tphui\Application\Admin\Controller\AdminsController.class.php 第 27 行.
SQL: SELECT * FROM `tp_admin` WHERE ( id <> "" )  [ RunTime:0.0000s ]
SQL: SELECT COUNT(*) AS tp_count FROM `tp_admin` WHERE ( id <> "" ) LIMIT 1   [ RunTime:0.0000s ]
INFO: [ view_parse ] --START--
INFO: [ template_filter ] --START--
INFO: Run Behavior\ContentReplaceBehavior [ RunTime:0.000000s ]
INFO: [ template_filter ] --END-- [ RunTime:0.000000s ]
NOTIC: [8] Undefined index: datemin E:\WWW\tphui\Application\Runtime\Cache\Admin\fa7115e32824dc84031f77db44590d15.php 第 31 行.
NOTIC: [8] Undefined index: datemax E:\WWW\tphui\Application\Runtime\Cache\Admin\fa7115e32824dc84031f77db44590d15.php 第 33 行.
NOTIC: [8] Undefined index: username E:\WWW\tphui\Application\Runtime\Cache\Admin\fa7115e32824dc84031f77db44590d15.php 第 34 行.
NOTIC: [8] Use of undefined constant id - assumed 'id' E:\WWW\tphui\Application\Runtime\Cache\Admin\fa7115e32824dc84031f77db44590d15.php 第 67 行.
NOTIC: [8] Use of undefined constant id - assumed 'id' E:\WWW\tphui\Application\Runtime\Cache\Admin\fa7115e32824dc84031f77db44590d15.php 第 67 行.
NOTIC: [8] Use of undefined constant id - assumed 'id' E:\WWW\tphui\Application\Runtime\Cache\Admin\fa7115e32824dc84031f77db44590d15.php 第 67 行.
INFO: Run Behavior\ParseTemplateBehavior [ RunTime:0.009000s ]
INFO: [ view_parse ] --END-- [ RunTime:0.009000s ]
INFO: [ view_filter ] --START--
INFO: Run Behavior\WriteHtmlCacheBehavior [ RunTime:0.001000s ]
INFO: [ view_filter ] --END-- [ RunTime:0.001000s ]
INFO: [ app_end ] --START--
INFO: Run Behavior\ShowPageTraceBehavior [ RunTime:0.001000s ]
INFO: [ app_end ] --END-- [ RunTime:0.001000s ]

[ 2016-04-05T10:03:12+08:00 ] 127.0.0.1 /index.php/Admin/Admins/admin_list.html
INFO: [ app_init ] --START--
INFO: Run Behavior\BuildLiteBehavior [ RunTime:0.000000s ]
INFO: [ app_init ] --END-- [ RunTime:0.001000s ]
INFO: [ app_begin ] --START--
INFO: Run Behavior\ReadHtmlCacheBehavior [ RunTime:0.001000s ]
INFO: [ app_begin ] --END-- [ RunTime:0.001000s ]
SQL: SHOW COLUMNS FROM `tp_admin` [ RunTime:0.0040s ]
NOTIC: [8] Undefined index: datemin E:\WWW\tphui\Application\Admin\Controller\AdminsController.class.php 第 25 行.
NOTIC: [8] Undefined index: datemax E:\WWW\tphui\Application\Admin\Controller\AdminsController.class.php 第 26 行.
NOTIC: [8] Undefined index: username E:\WWW\tphui\Application\Admin\Controller\AdminsController.class.php 第 27 行.
SQL: SELECT * FROM `tp_admin` WHERE ( id <> "" )  [ RunTime:0.0000s ]
SQL: SELECT COUNT(*) AS tp_count FROM `tp_admin` WHERE ( id <> "" ) LIMIT 1   [ RunTime:0.0000s ]
INFO: [ view_parse ] --START--
INFO: [ template_filter ] --START--
INFO: Run Behavior\ContentReplaceBehavior [ RunTime:0.000000s ]
INFO: [ template_filter ] --END-- [ RunTime:0.000000s ]
NOTIC: [8] Undefined index: datemin E:\WWW\tphui\Application\Runtime\Cache\Admin\fa7115e32824dc84031f77db44590d15.php 第 31 行.
NOTIC: [8] Undefined index: datemax E:\WWW\tphui\Application\Runtime\Cache\Admin\fa7115e32824dc84031f77db44590d15.php 第 33 行.
NOTIC: [8] Undefined index: username E:\WWW\tphui\Application\Runtime\Cache\Admin\fa7115e32824dc84031f77db44590d15.php 第 34 行.
NOTIC: [8] Use of undefined constant id - assumed 'id' E:\WWW\tphui\Application\Runtime\Cache\Admin\fa7115e32824dc84031f77db44590d15.php 第 67 行.
NOTIC: [8] Use of undefined constant id - assumed 'id' E:\WWW\tphui\Application\Runtime\Cache\Admin\fa7115e32824dc84031f77db44590d15.php 第 67 行.
NOTIC: [8] Use of undefined constant id - assumed 'id' E:\WWW\tphui\Application\Runtime\Cache\Admin\fa7115e32824dc84031f77db44590d15.php 第 67 行.
INFO: Run Behavior\ParseTemplateBehavior [ RunTime:0.009000s ]
INFO: [ view_parse ] --END-- [ RunTime:0.009000s ]
INFO: [ view_filter ] --START--
INFO: Run Behavior\WriteHtmlCacheBehavior [ RunTime:0.001001s ]
INFO: [ view_filter ] --END-- [ RunTime:0.001001s ]
INFO: [ app_end ] --START--
INFO: Run Behavior\ShowPageTraceBehavior [ RunTime:0.001000s ]
INFO: [ app_end ] --END-- [ RunTime:0.001000s ]

[ 2016-04-05T10:03:16+08:00 ] 127.0.0.1 /index.php/Admin/index/member-list.html
INFO: [ app_init ] --START--
INFO: Run Behavior\BuildLiteBehavior [ RunTime:0.000000s ]
INFO: [ app_init ] --END-- [ RunTime:0.000000s ]
INFO: [ app_begin ] --START--
INFO: Run Behavior\ReadHtmlCacheBehavior [ RunTime:0.000000s ]
INFO: [ app_begin ] --END-- [ RunTime:0.001000s ]
ERR: 非法操作:member-list

[ 2016-04-05T10:07:14+08:00 ] 127.0.0.1 /index.php/Admin/index/login.html
INFO: [ app_init ] --START--
INFO: Run Behavior\BuildLiteBehavior [ RunTime:0.000000s ]
INFO: [ app_init ] --END-- [ RunTime:0.001001s ]
INFO: [ app_begin ] --START--
INFO: Run Behavior\ReadHtmlCacheBehavior [ RunTime:0.001000s ]
INFO: [ app_begin ] --END-- [ RunTime:0.001000s ]
SQL: SHOW COLUMNS FROM `tp_admin` [ RunTime:0.0040s ]
SQL: SELECT * FROM `tp_admin` WHERE ( username='admin' ) LIMIT 1   [ RunTime:0.0010s ]
NOTIC: [8] Undefined index: logintime E:\WWW\tphui\Application\Admin\Controller\IndexController.class.php 第 60 行.
SQL: UPDATE `tp_admin` SET `login_num`='112' WHERE `id` = 1 [ RunTime:0.0010s ]
INFO: [ view_parse ] --START--
INFO: [ template_filter ] --START--
INFO: Run Behavior\ContentReplaceBehavior [ RunTime:0.000000s ]
INFO: [ template_filter ] --END-- [ RunTime:0.000000s ]
INFO: Run Behavior\ParseTemplateBehavior [ RunTime:0.012000s ]
INFO: [ view_parse ] --END-- [ RunTime:0.012000s ]
INFO: [ view_filter ] --START--
INFO: Run Behavior\WriteHtmlCacheBehavior [ RunTime:0.000000s ]
INFO: [ view_filter ] --END-- [ RunTime:0.000000s ]
INFO: [ app_end ] --START--
INFO: Run Behavior\ShowPageTraceBehavior [ RunTime:0.000000s ]
INFO: [ app_end ] --END-- [ RunTime:0.001000s ]

[ 2016-04-05T10:07:14+08:00 ] 127.0.0.1 /index.php/Admin/main/welcome.html
INFO: [ app_init ] --START--
INFO: Run Behavior\BuildLiteBehavior [ RunTime:0.000000s ]
INFO: [ app_init ] --END-- [ RunTime:0.001000s ]
INFO: [ app_begin ] --START--
INFO: Run Behavior\ReadHtmlCacheBehavior [ RunTime:0.001000s ]
INFO: [ app_begin ] --END-- [ RunTime:0.001000s ]
INFO: [ view_parse ] --START--
INFO: [ template_filter ] --START--
INFO: Run Behavior\ContentReplaceBehavior [ RunTime:0.000000s ]
INFO: [ template_filter ] --END-- [ RunTime:0.000000s ]
INFO: Run Behavior\ParseTemplateBehavior [ RunTime:0.013001s ]
INFO: [ view_parse ] --END-- [ RunTime:0.013001s ]
INFO: [ view_filter ] --START--
INFO: Run Behavior\WriteHtmlCacheBehavior [ RunTime:0.001000s ]
INFO: [ view_filter ] --END-- [ RunTime:0.001000s ]
INFO: [ app_end ] --START--
INFO: Run Behavior\ShowPageTraceBehavior [ RunTime:0.001000s ]
INFO: [ app_end ] --END-- [ RunTime:0.001000s ]

[ 2016-04-05T10:07:15+08:00 ] 127.0.0.1 /index.php/Admin/index/skin/blue/skin.css
INFO: [ app_init ] --START--
INFO: Run Behavior\BuildLiteBehavior [ RunTime:0.000000s ]
INFO: [ app_init ] --END-- [ RunTime:0.000000s ]
INFO: [ app_begin ] --START--
INFO: Run Behavior\ReadHtmlCacheBehavior [ RunTime:0.001000s ]
INFO: [ app_begin ] --END-- [ RunTime:0.001000s ]
ERR: 非法操作:skin

[ 2016-04-05T10:08:17+08:00 ] 127.0.0.1 /index.php/Admin/index/skin/default/skin.css
INFO: [ app_init ] --START--
INFO: Run Behavior\BuildLiteBehavior [ RunTime:0.000000s ]
INFO: [ app_init ] --END-- [ RunTime:0.001001s ]
INFO: [ app_begin ] --START--
INFO: Run Behavior\ReadHtmlCacheBehavior [ RunTime:0.001000s ]
INFO: [ app_begin ] --END-- [ RunTime:0.001000s ]
ERR: 非法操作:skin

[ 2016-04-05T10:09:20+08:00 ] 127.0.0.1 /index.php/Admin/index/login.html
INFO: [ app_init ] --START--
INFO: Run Behavior\BuildLiteBehavior [ RunTime:0.000000s ]
INFO: [ app_init ] --END-- [ RunTime:0.000000s ]
INFO: [ app_begin ] --START--
INFO: Run Behavior\ReadHtmlCacheBehavior [ RunTime:0.001000s ]
INFO: [ app_begin ] --END-- [ RunTime:0.001000s ]
SQL: SHOW COLUMNS FROM `tp_admin` [ RunTime:0.0050s ]
SQL: SELECT * FROM `tp_admin` WHERE ( username='admin' ) LIMIT 1   [ RunTime:0.0000s ]
NOTIC: [8] Undefined index: logintime E:\WWW\tphui\Application\Admin\Controller\IndexController.class.php 第 60 行.
SQL: UPDATE `tp_admin` SET `login_num`='113' WHERE `id` = 1 [ RunTime:0.0010s ]
INFO: [ view_parse ] --START--
INFO: [ template_filter ] --START--
INFO: Run Behavior\ContentReplaceBehavior [ RunTime:0.000000s ]
INFO: [ template_filter ] --END-- [ RunTime:0.001000s ]
INFO: Run Behavior\ParseTemplateBehavior [ RunTime:0.011000s ]
INFO: [ view_parse ] --END-- [ RunTime:0.011000s ]
INFO: [ view_filter ] --START--
INFO: Run Behavior\WriteHtmlCacheBehavior [ RunTime:0.001000s ]
INFO: [ view_filter ] --END-- [ RunTime:0.001000s ]
INFO: [ app_end ] --START--
INFO: Run Behavior\ShowPageTraceBehavior [ RunTime:0.001000s ]
INFO: [ app_end ] --END-- [ RunTime:0.001000s ]

[ 2016-04-05T10:09:21+08:00 ] 127.0.0.1 /index.php/Admin/main/welcome.html
INFO: [ app_init ] --START--
INFO: Run Behavior\BuildLiteBehavior [ RunTime:0.000000s ]
INFO: [ app_init ] --END-- [ RunTime:0.001000s ]
INFO: [ app_begin ] --START--
INFO: Run Behavior\ReadHtmlCacheBehavior [ RunTime:0.001001s ]
INFO: [ app_begin ] --END-- [ RunTime:0.001001s ]
INFO: [ view_parse ] --START--
INFO: [ template_filter ] --START--
INFO: Run Behavior\ContentReplaceBehavior [ RunTime:0.000000s ]
INFO: [ template_filter ] --END-- [ RunTime:0.001000s ]
INFO: Run Behavior\ParseTemplateBehavior [ RunTime:0.012000s ]
INFO: [ view_parse ] --END-- [ RunTime:0.012000s ]
INFO: [ view_filter ] --START--
INFO: Run Behavior\WriteHtmlCacheBehavior [ RunTime:0.000000s ]
INFO: [ view_filter ] --END-- [ RunTime:0.000000s ]
INFO: [ app_end ] --START--
INFO: Run Behavior\ShowPageTraceBehavior [ RunTime:0.001000s ]
INFO: [ app_end ] --END-- [ RunTime:0.002000s ]

[ 2016-04-05T10:09:41+08:00 ] 127.0.0.1 /index.php/Admin/index/login.html
INFO: [ app_init ] --START--
INFO: Run Behavior\BuildLiteBehavior [ RunTime:0.000000s ]
INFO: [ app_init ] --END-- [ RunTime:0.001000s ]
INFO: [ app_begin ] --START--
INFO: Run Behavior\ReadHtmlCacheBehavior [ RunTime:0.000000s ]
INFO: [ app_begin ] --END-- [ RunTime:0.001000s ]
SQL: SHOW COLUMNS FROM `tp_admin` [ RunTime:0.0040s ]
SQL: SELECT * FROM `tp_admin` WHERE ( username='admin' ) LIMIT 1   [ RunTime:0.0000s ]
NOTIC: [8] Undefined index: logintime E:\WWW\tphui\Application\Admin\Controller\IndexController.class.php 第 60 行.
SQL: UPDATE `tp_admin` SET `login_num`='114' WHERE `id` = 1 [ RunTime:0.0000s ]
INFO: [ view_parse ] --START--
INFO: [ template_filter ] --START--
INFO: Run Behavior\ContentReplaceBehavior [ RunTime:0.000000s ]
INFO: [ template_filter ] --END-- [ RunTime:0.000000s ]
INFO: Run Behavior\ParseTemplateBehavior [ RunTime:0.045003s ]
INFO: [ view_parse ] --END-- [ RunTime:0.045003s ]
INFO: [ view_filter ] --START--
INFO: Run Behavior\WriteHtmlCacheBehavior [ RunTime:0.001000s ]
INFO: [ view_filter ] --END-- [ RunTime:0.001000s ]
INFO: [ app_end ] --START--
INFO: Run Behavior\ShowPageTraceBehavior [ RunTime:0.001000s ]
INFO: [ app_end ] --END-- [ RunTime:0.002000s ]

[ 2016-04-05T10:09:41+08:00 ] 127.0.0.1 /index.php/Admin/main/welcome.html
INFO: [ app_init ] --START--
INFO: Run Behavior\BuildLiteBehavior [ RunTime:0.000000s ]
INFO: [ app_init ] --END-- [ RunTime:0.001000s ]
INFO: [ app_begin ] --START--
INFO: Run Behavior\ReadHtmlCacheBehavior [ RunTime:0.001000s ]
INFO: [ app_begin ] --END-- [ RunTime:0.001000s ]
INFO: [ view_parse ] --START--
INFO: [ template_filter ] --START--
INFO: Run Behavior\ContentReplaceBehavior [ RunTime:0.000000s ]
INFO: [ template_filter ] --END-- [ RunTime:0.000000s ]
INFO: Run Behavior\ParseTemplateBehavior [ RunTime:0.014001s ]
INFO: [ view_parse ] --END-- [ RunTime:0.014001s ]
INFO: [ view_filter ] --START--
INFO: Run Behavior\WriteHtmlCacheBehavior [ RunTime:0.001000s ]
INFO: [ view_filter ] --END-- [ RunTime:0.001000s ]
INFO: [ app_end ] --START--
INFO: Run Behavior\ShowPageTraceBehavior [ RunTime:0.001000s ]
INFO: [ app_end ] --END-- [ RunTime:0.001000s ]

[ 2016-04-05T10:09:41+08:00 ] 127.0.0.1 /index.php/Admin/index/skin/red/skin.css
INFO: [ app_init ] --START--
INFO: Run Behavior\BuildLiteBehavior [ RunTime:0.000000s ]
INFO: [ app_init ] --END-- [ RunTime:0.000000s ]
INFO: [ app_begin ] --START--
INFO: Run Behavior\ReadHtmlCacheBehavior [ RunTime:0.000000s ]
INFO: [ app_begin ] --END-- [ RunTime:0.000000s ]
ERR: 非法操作:skin

[ 2016-04-05T10:10:09+08:00 ] 127.0.0.1 /index.php/Admin/index/login.html
INFO: [ app_init ] --START--
INFO: Run Behavior\BuildLiteBehavior [ RunTime:0.000000s ]
INFO: [ app_init ] --END-- [ RunTime:0.001000s ]
INFO: [ app_begin ] --START--
INFO: Run Behavior\ReadHtmlCacheBehavior [ RunTime:0.001000s ]
INFO: [ app_begin ] --END-- [ RunTime:0.001000s ]
SQL: SHOW COLUMNS FROM `tp_admin` [ RunTime:0.0040s ]
SQL: SELECT * FROM `tp_admin` WHERE ( username='admin' ) LIMIT 1   [ RunTime:0.0000s ]
NOTIC: [8] Undefined index: logintime E:\WWW\tphui\Application\Admin\Controller\IndexController.class.php 第 60 行.
SQL: UPDATE `tp_admin` SET `login_num`='115' WHERE `id` = 1 [ RunTime:0.0000s ]
INFO: [ view_parse ] --START--
INFO: [ template_filter ] --START--
INFO: Run Behavior\ContentReplaceBehavior [ RunTime:0.001000s ]
INFO: [ template_filter ] --END-- [ RunTime:0.001000s ]
INFO: Run Behavior\ParseTemplateBehavior [ RunTime:0.010000s ]
INFO: [ view_parse ] --END-- [ RunTime:0.010000s ]
INFO: [ view_filter ] --START--
INFO: Run Behavior\WriteHtmlCacheBehavior [ RunTime:0.000000s ]
INFO: [ view_filter ] --END-- [ RunTime:0.000000s ]
INFO: [ app_end ] --START--
INFO: Run Behavior\ShowPageTraceBehavior [ RunTime:0.000000s ]
INFO: [ app_end ] --END-- [ RunTime:0.001000s ]

[ 2016-04-05T10:10:09+08:00 ] 127.0.0.1 /index.php/Admin/main/welcome.html
INFO: [ app_init ] --START--
INFO: Run Behavior\BuildLiteBehavior [ RunTime:0.000000s ]
INFO: [ app_init ] --END-- [ RunTime:0.000000s ]
INFO: [ app_begin ] --START--
INFO: Run Behavior\ReadHtmlCacheBehavior [ RunTime:0.001000s ]
INFO: [ app_begin ] --END-- [ RunTime:0.001000s ]
INFO: [ view_parse ] --START--
INFO: [ template_filter ] --START--
INFO: Run Behavior\ContentReplaceBehavior [ RunTime:0.000000s ]
INFO: [ template_filter ] --END-- [ RunTime:0.000000s ]
INFO: Run Behavior\ParseTemplateBehavior [ RunTime:0.012000s ]
INFO: [ view_parse ] --END-- [ RunTime:0.012000s ]
INFO: [ view_filter ] --START--
INFO: Run Behavior\WriteHtmlCacheBehavior [ RunTime:0.001000s ]
INFO: [ view_filter ] --END-- [ RunTime:0.001000s ]
INFO: [ app_end ] --START--
INFO: Run Behavior\ShowPageTraceBehavior [ RunTime:0.001000s ]
INFO: [ app_end ] --END-- [ RunTime:0.001000s ]

[ 2016-04-05T10:10:09+08:00 ] 127.0.0.1 /index.php/Admin/index/skin/red/skin.css
INFO: [ app_init ] --START--
INFO: Run Behavior\BuildLiteBehavior [ RunTime:0.000000s ]
INFO: [ app_init ] --END-- [ RunTime:0.000000s ]
INFO: [ app_begin ] --START--
INFO: Run Behavior\ReadHtmlCacheBehavior [ RunTime:0.001000s ]
INFO: [ app_begin ] --END-- [ RunTime:0.001000s ]
ERR: 非法操作:skin

[ 2016-04-05T10:10:18+08:00 ] 127.0.0.1 /index.php/Admin/index/skin/orange/skin.css
INFO: [ app_init ] --START--
INFO: Run Behavior\BuildLiteBehavior [ RunTime:0.000000s ]
INFO: [ app_init ] --END-- [ RunTime:0.000000s ]
INFO: [ app_begin ] --START--
INFO: Run Behavior\ReadHtmlCacheBehavior [ RunTime:0.000000s ]
INFO: [ app_begin ] --END-- [ RunTime:0.000000s ]
ERR: 非法操作:skin

[ 2016-04-05T10:15:22+08:00 ] 127.0.0.1 /index.php/Admin/index/login.html
INFO: [ app_init ] --START--
INFO: Run Behavior\BuildLiteBehavior [ RunTime:0.001000s ]
INFO: [ app_init ] --END-- [ RunTime:0.001000s ]
INFO: [ app_begin ] --START--
INFO: Run Behavior\ReadHtmlCacheBehavior [ RunTime:0.001000s ]
INFO: [ app_begin ] --END-- [ RunTime:0.001000s ]
SQL: SHOW COLUMNS FROM `tp_admin` [ RunTime:0.0040s ]
SQL: SELECT * FROM `tp_admin` WHERE ( username='admin' ) LIMIT 1   [ RunTime:0.0000s ]
NOTIC: [8] Undefined index: logintime E:\WWW\tphui\Application\Admin\Controller\IndexController.class.php 第 60 行.
SQL: UPDATE `tp_admin` SET `login_num`='116' WHERE `id` = 1 [ RunTime:0.0010s ]
INFO: [ view_parse ] --START--
INFO: [ template_filter ] --START--
INFO: Run Behavior\ContentReplaceBehavior [ RunTime:0.000000s ]
INFO: [ template_filter ] --END-- [ RunTime:0.000000s ]
INFO: Run Behavior\ParseTemplateBehavior [ RunTime:0.010001s ]
INFO: [ view_parse ] --END-- [ RunTime:0.010001s ]
INFO: [ view_filter ] --START--
INFO: Run Behavior\WriteHtmlCacheBehavior [ RunTime:0.001000s ]
INFO: [ view_filter ] --END-- [ RunTime:0.001000s ]
INFO: [ app_end ] --START--
INFO: Run Behavior\ShowPageTraceBehavior [ RunTime:0.001000s ]
INFO: [ app_end ] --END-- [ RunTime:0.001000s ]

[ 2016-04-05T10:15:22+08:00 ] 127.0.0.1 /index.php/Admin/main/welcome.html
INFO: [ app_init ] --START--
INFO: Run Behavior\BuildLiteBehavior [ RunTime:0.000000s ]
INFO: [ app_init ] --END-- [ RunTime:0.000000s ]
INFO: [ app_begin ] --START--
INFO: Run Behavior\ReadHtmlCacheBehavior [ RunTime:0.001000s ]
INFO: [ app_begin ] --END-- [ RunTime:0.001000s ]
INFO: [ view_parse ] --START--
INFO: [ template_filter ] --START--
INFO: Run Behavior\ContentReplaceBehavior [ RunTime:0.000000s ]
INFO: [ template_filter ] --END-- [ RunTime:0.000000s ]
INFO: Run Behavior\ParseTemplateBehavior [ RunTime:0.013001s ]
INFO: [ view_parse ] --END-- [ RunTime:0.013001s ]
INFO: [ view_filter ] --START--
INFO: Run Behavior\WriteHtmlCacheBehavior [ RunTime:0.000000s ]
INFO: [ view_filter ] --END-- [ RunTime:0.000000s ]
INFO: [ app_end ] --START--
INFO: Run Behavior\ShowPageTraceBehavior [ RunTime:0.000000s ]
INFO: [ app_end ] --END-- [ RunTime:0.000000s ]

[ 2016-04-05T10:15:22+08:00 ] 127.0.0.1 /index.php/Admin/index/skin/orange/skin.css
INFO: [ app_init ] --START--
INFO: Run Behavior\BuildLiteBehavior [ RunTime:0.000000s ]
INFO: [ app_init ] --END-- [ RunTime:0.000000s ]
INFO: [ app_begin ] --START--
INFO: Run Behavior\ReadHtmlCacheBehavior [ RunTime:0.000000s ]
INFO: [ app_begin ] --END-- [ RunTime:0.000000s ]
ERR: 非法操作:skin

[ 2016-04-05T10:15:24+08:00 ] 127.0.0.1 /index.php/Admin/index/skin/green/skin.css
INFO: [ app_init ] --START--
INFO: Run Behavior\BuildLiteBehavior [ RunTime:0.000000s ]
INFO: [ app_init ] --END-- [ RunTime:0.001000s ]
INFO: [ app_begin ] --START--
INFO: Run Behavior\ReadHtmlCacheBehavior [ RunTime:0.000000s ]
INFO: [ app_begin ] --END-- [ RunTime:0.000000s ]
ERR: 非法操作:skin

[ 2016-04-05T10:15:45+08:00 ] 127.0.0.1 /index.php/Admin/index/login.html
INFO: [ app_init ] --START--
INFO: Run Behavior\BuildLiteBehavior [ RunTime:0.000000s ]
INFO: [ app_init ] --END-- [ RunTime:0.000000s ]
INFO: [ app_begin ] --START--
INFO: Run Behavior\ReadHtmlCacheBehavior [ RunTime:0.001000s ]
INFO: [ app_begin ] --END-- [ RunTime:0.001000s ]
SQL: SHOW COLUMNS FROM `tp_admin` [ RunTime:0.0200s ]
SQL: SELECT * FROM `tp_admin` WHERE ( username='admin' ) LIMIT 1   [ RunTime:0.0010s ]
NOTIC: [8] Undefined index: logintime E:\WWW\tphui\Application\Admin\Controller\IndexController.class.php 第 60 行.
SQL: UPDATE `tp_admin` SET `login_num`='117' WHERE `id` = 1 [ RunTime:0.0000s ]
INFO: [ view_parse ] --START--
INFO: [ template_filter ] --START--
INFO: Run Behavior\ContentReplaceBehavior [ RunTime:0.000000s ]
INFO: [ template_filter ] --END-- [ RunTime:0.000000s ]
INFO: Run Behavior\ParseTemplateBehavior [ RunTime:0.011000s ]
INFO: [ view_parse ] --END-- [ RunTime:0.011000s ]
INFO: [ view_filter ] --START--
INFO: Run Behavior\WriteHtmlCacheBehavior [ RunTime:0.001000s ]
INFO: [ view_filter ] --END-- [ RunTime:0.001000s ]
INFO: [ app_end ] --START--
INFO: Run Behavior\ShowPageTraceBehavior [ RunTime:0.001000s ]
INFO: [ app_end ] --END-- [ RunTime:0.001000s ]

[ 2016-04-05T10:15:45+08:00 ] 127.0.0.1 /index.php/Admin/main/welcome.html
INFO: [ app_init ] --START--
INFO: Run Behavior\BuildLiteBehavior [ RunTime:0.000000s ]
INFO: [ app_init ] --END-- [ RunTime:0.000000s ]
INFO: [ app_begin ] --START--
INFO: Run Behavior\ReadHtmlCacheBehavior [ RunTime:0.001000s ]
INFO: [ app_begin ] --END-- [ RunTime:0.001000s ]
INFO: [ view_parse ] --START--
INFO: [ template_filter ] --START--
INFO: Run Behavior\ContentReplaceBehavior [ RunTime:0.000000s ]
INFO: [ template_filter ] --END-- [ RunTime:0.000000s ]
INFO: Run Behavior\ParseTemplateBehavior [ RunTime:0.014001s ]
INFO: [ view_parse ] --END-- [ RunTime:0.014001s ]
INFO: [ view_filter ] --START--
INFO: Run Behavior\WriteHtmlCacheBehavior [ RunTime:0.001000s ]
INFO: [ view_filter ] --END-- [ RunTime:0.001000s ]
INFO: [ app_end ] --START--
INFO: Run Behavior\ShowPageTraceBehavior [ RunTime:0.001000s ]
INFO: [ app_end ] --END-- [ RunTime:0.001000s ]

[ 2016-04-05T10:15:45+08:00 ] 127.0.0.1 /index.php/Admin/index/skin/green/skin.css
INFO: [ app_init ] --START--
INFO: Run Behavior\BuildLiteBehavior [ RunTime:0.000000s ]
INFO: [ app_init ] --END-- [ RunTime:0.001000s ]
INFO: [ app_begin ] --START--
INFO: Run Behavior\ReadHtmlCacheBehavior [ RunTime:0.001000s ]
INFO: [ app_begin ] --END-- [ RunTime:0.001000s ]
ERR: 非法操作:skin

[ 2016-04-05T10:16:19+08:00 ] 127.0.0.1 /index.php/Admin/index/login.html
INFO: [ app_init ] --START--
INFO: Run Behavior\BuildLiteBehavior [ RunTime:0.000000s ]
INFO: [ app_init ] --END-- [ RunTime:0.000000s ]
INFO: [ app_begin ] --START--
INFO: Run Behavior\ReadHtmlCacheBehavior [ RunTime:0.001000s ]
INFO: [ app_begin ] --END-- [ RunTime:0.001000s ]
SQL: SHOW COLUMNS FROM `tp_admin` [ RunTime:0.0050s ]
SQL: SELECT * FROM `tp_admin` WHERE ( username='admin' ) LIMIT 1   [ RunTime:0.0000s ]
NOTIC: [8] Undefined index: logintime E:\WWW\tphui\Application\Admin\Controller\IndexController.class.php 第 60 行.
SQL: UPDATE `tp_admin` SET `login_num`='118' WHERE `id` = 1 [ RunTime:0.0000s ]
INFO: [ view_parse ] --START--
INFO: [ template_filter ] --START--
INFO: Run Behavior\ContentReplaceBehavior [ RunTime:0.000000s ]
INFO: [ template_filter ] --END-- [ RunTime:0.000000s ]
INFO: Run Behavior\ParseTemplateBehavior [ RunTime:0.013001s ]
INFO: [ view_parse ] --END-- [ RunTime:0.013001s ]
INFO: [ view_filter ] --START--
INFO: Run Behavior\WriteHtmlCacheBehavior [ RunTime:0.000000s ]
INFO: [ view_filter ] --END-- [ RunTime:0.000000s ]
INFO: [ app_end ] --START--
INFO: Run Behavior\ShowPageTraceBehavior [ RunTime:0.001000s ]
INFO: [ app_end ] --END-- [ RunTime:0.001000s ]

[ 2016-04-05T10:16:19+08:00 ] 127.0.0.1 /index.php/Admin/main/welcome.html
INFO: [ app_init ] --START--
INFO: Run Behavior\BuildLiteBehavior [ RunTime:0.000000s ]
INFO: [ app_init ] --END-- [ RunTime:0.001001s ]
INFO: [ app_begin ] --START--
INFO: Run Behavior\ReadHtmlCacheBehavior [ RunTime:0.001000s ]
INFO: [ app_begin ] --END-- [ RunTime:0.001000s ]
INFO: [ view_parse ] --START--
INFO: [ template_filter ] --START--
INFO: Run Behavior\ContentReplaceBehavior [ RunTime:0.000000s ]
INFO: [ template_filter ] --END-- [ RunTime:0.000000s ]
INFO: Run Behavior\ParseTemplateBehavior [ RunTime:0.012001s ]
INFO: [ view_parse ] --END-- [ RunTime:0.012001s ]
INFO: [ view_filter ] --START--
INFO: Run Behavior\WriteHtmlCacheBehavior [ RunTime:0.001000s ]
INFO: [ view_filter ] --END-- [ RunTime:0.001000s ]
INFO: [ app_end ] --START--
INFO: Run Behavior\ShowPageTraceBehavior [ RunTime:0.001000s ]
INFO: [ app_end ] --END-- [ RunTime:0.001000s ]

[ 2016-04-05T10:16:19+08:00 ] 127.0.0.1 /index.php/Admin/index/skin/blue/skin.css
INFO: [ app_init ] --START--
INFO: Run Behavior\BuildLiteBehavior [ RunTime:0.000000s ]
INFO: [ app_init ] --END-- [ RunTime:0.001000s ]
INFO: [ app_begin ] --START--
INFO: Run Behavior\ReadHtmlCacheBehavior [ RunTime:0.001000s ]
INFO: [ app_begin ] --END-- [ RunTime:0.001000s ]
ERR: 非法操作:skin

[ 2016-04-05T10:17:55+08:00 ] 127.0.0.1 /index.php/Admin/index/login.html
INFO: [ app_init ] --START--
INFO: Run Behavior\BuildLiteBehavior [ RunTime:0.000000s ]
INFO: [ app_init ] --END-- [ RunTime:0.000000s ]
INFO: [ app_begin ] --START--
INFO: Run Behavior\ReadHtmlCacheBehavior [ RunTime:0.001000s ]
INFO: [ app_begin ] --END-- [ RunTime:0.001000s ]
SQL: SHOW COLUMNS FROM `tp_admin` [ RunTime:0.0410s ]
SQL: SELECT * FROM `tp_admin` WHERE ( username='admin' ) LIMIT 1   [ RunTime:0.0000s ]
NOTIC: [8] Undefined index: logintime E:\WWW\tphui\Application\Admin\Controller\IndexController.class.php 第 60 行.
SQL: UPDATE `tp_admin` SET `login_num`='119' WHERE `id` = 1 [ RunTime:0.0000s ]
INFO: [ view_parse ] --START--
INFO: [ template_filter ] --START--
INFO: Run Behavior\ContentReplaceBehavior [ RunTime:0.000000s ]
INFO: [ template_filter ] --END-- [ RunTime:0.000000s ]
INFO: Run Behavior\ParseTemplateBehavior [ RunTime:0.010001s ]
INFO: [ view_parse ] --END-- [ RunTime:0.010001s ]
INFO: [ view_filter ] --START--
INFO: Run Behavior\WriteHtmlCacheBehavior [ RunTime:0.001000s ]
INFO: [ view_filter ] --END-- [ RunTime:0.001000s ]
INFO: [ app_end ] --START--
INFO: Run Behavior\ShowPageTraceBehavior [ RunTime:0.001000s ]
INFO: [ app_end ] --END-- [ RunTime:0.001000s ]

[ 2016-04-05T10:17:55+08:00 ] 127.0.0.1 /index.php/Admin/main/welcome.html
INFO: [ app_init ] --START--
INFO: Run Behavior\BuildLiteBehavior [ RunTime:0.000000s ]
INFO: [ app_init ] --END-- [ RunTime:0.000000s ]
INFO: [ app_begin ] --START--
INFO: Run Behavior\ReadHtmlCacheBehavior [ RunTime:0.001000s ]
INFO: [ app_begin ] --END-- [ RunTime:0.001000s ]
INFO: [ view_parse ] --START--
INFO: [ template_filter ] --START--
INFO: Run Behavior\ContentReplaceBehavior [ RunTime:0.000000s ]
INFO: [ template_filter ] --END-- [ RunTime:0.000000s ]
INFO: Run Behavior\ParseTemplateBehavior [ RunTime:0.013000s ]
INFO: [ view_parse ] --END-- [ RunTime:0.014000s ]
INFO: [ view_filter ] --START--
INFO: Run Behavior\WriteHtmlCacheBehavior [ RunTime:0.000000s ]
INFO: [ view_filter ] --END-- [ RunTime:0.000000s ]
INFO: [ app_end ] --START--
INFO: Run Behavior\ShowPageTraceBehavior [ RunTime:0.000000s ]
INFO: [ app_end ] --END-- [ RunTime:0.000000s ]

[ 2016-04-05T10:21:24+08:00 ] 127.0.0.1 /index.php/Admin/Admins/admin_role.html
INFO: [ app_init ] --START--
INFO: Run Behavior\BuildLiteBehavior [ RunTime:0.000000s ]
INFO: [ app_init ] --END-- [ RunTime:0.001000s ]
INFO: [ app_begin ] --START--
INFO: Run Behavior\ReadHtmlCacheBehavior [ RunTime:0.001000s ]
INFO: [ app_begin ] --END-- [ RunTime:0.001000s ]
SQL: SHOW COLUMNS FROM `tp_admin` [ RunTime:0.0040s ]
INFO: [ view_parse ] --START--
INFO: [ template_filter ] --START--
INFO: Run Behavior\ContentReplaceBehavior [ RunTime:0.000000s ]
INFO: [ template_filter ] --END-- [ RunTime:0.000000s ]
INFO: Run Behavior\ParseTemplateBehavior [ RunTime:0.008000s ]
INFO: [ view_parse ] --END-- [ RunTime:0.008000s ]
INFO: [ view_filter ] --START--
INFO: Run Behavior\WriteHtmlCacheBehavior [ RunTime:0.000000s ]
INFO: [ view_filter ] --END-- [ RunTime:0.000000s ]
INFO: [ app_end ] --START--
INFO: Run Behavior\ShowPageTraceBehavior [ RunTime:0.001000s ]
INFO: [ app_end ] --END-- [ RunTime:0.001000s ]

[ 2016-04-05T10:21:28+08:00 ] 127.0.0.1 /index.php/Admin/Admins/admin-role-add.html
INFO: [ app_init ] --START--
INFO: Run Behavior\BuildLiteBehavior [ RunTime:0.000000s ]
INFO: [ app_init ] --END-- [ RunTime:0.001000s ]
INFO: [ app_begin ] --START--
INFO: Run Behavior\ReadHtmlCacheBehavior [ RunTime:0.000000s ]
INFO: [ app_begin ] --END-- [ RunTime:0.001001s ]
SQL: SHOW COLUMNS FROM `tp_admin` [ RunTime:0.0040s ]
ERR: 非法操作:admin-role-add

[ 2016-04-05T10:25:20+08:00 ] 127.0.0.1 /index.php/Admin/Admins/admin_role.html
INFO: [ app_init ] --START--
INFO: Run Behavior\BuildLiteBehavior [ RunTime:0.000000s ]
INFO: [ app_init ] --END-- [ RunTime:0.001000s ]
INFO: [ app_begin ] --START--
INFO: Run Behavior\ReadHtmlCacheBehavior [ RunTime:0.001000s ]
INFO: [ app_begin ] --END-- [ RunTime:0.001000s ]
SQL: SHOW COLUMNS FROM `tp_admin` [ RunTime:0.0050s ]
INFO: [ view_parse ] --START--
INFO: [ template_filter ] --START--
INFO: Run Behavior\ContentReplaceBehavior [ RunTime:0.000000s ]
INFO: [ template_filter ] --END-- [ RunTime:0.000000s ]
INFO: Run Behavior\ParseTemplateBehavior [ RunTime:0.007000s ]
INFO: [ view_parse ] --END-- [ RunTime:0.007000s ]
INFO: [ view_filter ] --START--
INFO: Run Behavior\WriteHtmlCacheBehavior [ RunTime:0.001000s ]
INFO: [ view_filter ] --END-- [ RunTime:0.001000s ]
INFO: [ app_end ] --START--
INFO: Run Behavior\ShowPageTraceBehavior [ RunTime:0.001000s ]
INFO: [ app_end ] --END-- [ RunTime:0.001000s ]

[ 2016-04-05T10:25:30+08:00 ] 127.0.0.1 /index.php/Admin/index/picture-list.html
INFO: [ app_init ] --START--
INFO: Run Behavior\BuildLiteBehavior [ RunTime:0.000000s ]
INFO: [ app_init ] --END-- [ RunTime:0.001000s ]
INFO: [ app_begin ] --START--
INFO: Run Behavior\ReadHtmlCacheBehavior [ RunTime:0.000000s ]
INFO: [ app_begin ] --END-- [ RunTime:0.000000s ]
ERR: 非法操作:picture-list

