[ 2016-05-04T14:17:48+08:00 ] ::1 /tphui/admin
INFO: [ app_init ] --START--
INFO: Run Behavior\BuildLiteBehavior [ RunTime:0.000020s ]
INFO: [ app_init ] --END-- [ RunTime:0.000521s ]
INFO: [ app_begin ] --START--
INFO: Run Behavior\ReadHtmlCacheBehavior [ RunTime:0.001070s ]
INFO: [ app_begin ] --END-- [ RunTime:0.001208s ]

[ 2016-05-04T14:17:52+08:00 ] ::1 /tphui/index.php/Admin/Index/login.html
INFO: [ app_init ] --START--
INFO: Run Behavior\BuildLiteBehavior [ RunTime:0.000027s ]
INFO: [ app_init ] --END-- [ RunTime:0.000778s ]
INFO: [ app_begin ] --START--
INFO: Run Behavior\ReadHtmlCacheBehavior [ RunTime:0.000746s ]
INFO: [ app_begin ] --END-- [ RunTime:0.000836s ]
INFO: [ view_parse ] --START--
INFO: [ template_filter ] --START--
INFO: Run Behavior\ContentReplaceBehavior [ RunTime:0.000067s ]
INFO: [ template_filter ] --END-- [ RunTime:0.000146s ]
INFO: Run Behavior\ParseTemplateBehavior [ RunTime:0.186974s ]
INFO: [ view_parse ] --END-- [ RunTime:0.187075s ]
INFO: [ view_filter ] --START--
INFO: Run Behavior\WriteHtmlCacheBehavior [ RunTime:0.000481s ]
INFO: [ view_filter ] --END-- [ RunTime:0.000535s ]
INFO: [ app_end ] --START--
INFO: Run Behavior\ShowPageTraceBehavior [ RunTime:0.000696s ]
INFO: [ app_end ] --END-- [ RunTime:0.000750s ]

[ 2016-05-04T14:18:22+08:00 ] 127.0.0.1 /tphui/index.php/Admin/Index/login.html
INFO: [ app_init ] --START--
INFO: Run Behavior\BuildLiteBehavior [ RunTime:0.000027s ]
INFO: [ app_init ] --END-- [ RunTime:0.000771s ]
INFO: [ app_begin ] --START--
INFO: Run Behavior\ReadHtmlCacheBehavior [ RunTime:0.001307s ]
INFO: [ app_begin ] --END-- [ RunTime:0.001454s ]
INFO: [ view_parse ] --START--
INFO: [ template_filter ] --START--
INFO: Run Behavior\ContentReplaceBehavior [ RunTime:0.000096s ]
INFO: [ template_filter ] --END-- [ RunTime:0.000203s ]
INFO: Run Behavior\ParseTemplateBehavior [ RunTime:0.010421s ]
INFO: [ view_parse ] --END-- [ RunTime:0.010552s ]
INFO: [ view_filter ] --START--
INFO: Run Behavior\WriteHtmlCacheBehavior [ RunTime:0.000593s ]
INFO: [ view_filter ] --END-- [ RunTime:0.000694s ]
INFO: [ app_end ] --START--
INFO: Run Behavior\ShowPageTraceBehavior [ RunTime:0.000992s ]
INFO: [ app_end ] --END-- [ RunTime:0.001194s ]

[ 2016-05-04T14:18:23+08:00 ] ::1 /tphui/index.php/Admin/Index/verifys.html
INFO: [ app_init ] --START--
INFO: Run Behavior\BuildLiteBehavior [ RunTime:0.000040s ]
INFO: [ app_init ] --END-- [ RunTime:0.001123s ]
INFO: [ app_begin ] --START--
INFO: Run Behavior\ReadHtmlCacheBehavior [ RunTime:0.000741s ]
INFO: [ app_begin ] --END-- [ RunTime:0.000854s ]
INFO: [ app_end ] --START--
INFO: Run Behavior\ShowPageTraceBehavior [ RunTime:0.000941s ]
INFO: [ app_end ] --END-- [ RunTime:0.001048s ]

[ 2016-05-04T14:19:37+08:00 ] ::1 /tphui/admin
INFO: [ app_init ] --START--
INFO: Run Behavior\BuildLiteBehavior [ RunTime:0.000031s ]
INFO: [ app_init ] --END-- [ RunTime:0.000630s ]
INFO: [ app_begin ] --START--
INFO: Run Behavior\ReadHtmlCacheBehavior [ RunTime:0.000825s ]
INFO: [ app_begin ] --END-- [ RunTime:0.000957s ]

[ 2016-05-04T14:37:13+08:00 ] 127.0.0.1 /admin
INFO: [ app_init ] --START--
INFO: Run Behavior\BuildLiteBehavior [ RunTime:0.000016s ]
INFO: [ app_init ] --END-- [ RunTime:0.000399s ]
INFO: [ app_begin ] --START--
INFO: Run Behavior\ReadHtmlCacheBehavior [ RunTime:0.000659s ]
INFO: [ app_begin ] --END-- [ RunTime:0.000751s ]

[ 2016-05-04T14:37:13+08:00 ] 127.0.0.1 /index.php/Admin/Index/login.html
INFO: [ app_init ] --START--
INFO: Run Behavior\BuildLiteBehavior [ RunTime:0.000016s ]
INFO: [ app_init ] --END-- [ RunTime:0.000429s ]
INFO: [ app_begin ] --START--
INFO: Run Behavior\ReadHtmlCacheBehavior [ RunTime:0.000549s ]
INFO: [ app_begin ] --END-- [ RunTime:0.000625s ]
INFO: [ view_parse ] --START--
INFO: [ template_filter ] --START--
INFO: Run Behavior\ContentReplaceBehavior [ RunTime:0.000063s ]
INFO: [ template_filter ] --END-- [ RunTime:0.000190s ]
INFO: Run Behavior\ParseTemplateBehavior [ RunTime:0.006627s ]
INFO: [ view_parse ] --END-- [ RunTime:0.006693s ]
INFO: [ view_filter ] --START--
INFO: Run Behavior\WriteHtmlCacheBehavior [ RunTime:0.000406s ]
INFO: [ view_filter ] --END-- [ RunTime:0.000466s ]
INFO: [ app_end ] --START--
INFO: Run Behavior\ShowPageTraceBehavior [ RunTime:0.000591s ]
INFO: [ app_end ] --END-- [ RunTime:0.000645s ]

[ 2016-05-04T14:37:14+08:00 ] 127.0.0.1 /index.php/Admin/Index/verifys.html
INFO: [ app_init ] --START--
INFO: Run Behavior\BuildLiteBehavior [ RunTime:0.000019s ]
INFO: [ app_init ] --END-- [ RunTime:0.000559s ]
INFO: [ app_begin ] --START--
INFO: Run Behavior\ReadHtmlCacheBehavior [ RunTime:0.000509s ]
INFO: [ app_begin ] --END-- [ RunTime:0.000591s ]
INFO: [ app_end ] --START--
INFO: Run Behavior\ShowPageTraceBehavior [ RunTime:0.001577s ]
INFO: [ app_end ] --END-- [ RunTime:0.001769s ]

[ 2016-05-04T14:37:25+08:00 ] 127.0.0.1 /index.php/Admin/index/login.html
INFO: [ app_init ] --START--
INFO: Run Behavior\BuildLiteBehavior [ RunTime:0.000021s ]
INFO: [ app_init ] --END-- [ RunTime:0.000592s ]
INFO: [ app_begin ] --START--
INFO: Run Behavior\ReadHtmlCacheBehavior [ RunTime:0.000702s ]
INFO: [ app_begin ] --END-- [ RunTime:0.000781s ]
SQL: SHOW COLUMNS FROM `tp_admin` [ RunTime:0.1497s ]
SQL: SELECT * FROM `tp_admin` WHERE ( username='admin' ) LIMIT 1   [ RunTime:0.0008s ]
INFO: [ view_parse ] --START--
INFO: [ template_filter ] --START--
INFO: Run Behavior\ContentReplaceBehavior [ RunTime:0.000126s ]
INFO: [ template_filter ] --END-- [ RunTime:0.000287s ]
INFO: Run Behavior\ParseTemplateBehavior [ RunTime:0.031761s ]
INFO: [ view_parse ] --END-- [ RunTime:0.031929s ]
INFO: [ view_filter ] --START--
INFO: Run Behavior\WriteHtmlCacheBehavior [ RunTime:0.000922s ]
INFO: [ view_filter ] --END-- [ RunTime:0.001056s ]

[ 2016-05-04T14:37:35+08:00 ] 127.0.0.1 /index.php/Admin/index/login.html
INFO: [ app_init ] --START--
INFO: Run Behavior\BuildLiteBehavior [ RunTime:0.000053s ]
INFO: [ app_init ] --END-- [ RunTime:0.000794s ]
INFO: [ app_begin ] --START--
INFO: Run Behavior\ReadHtmlCacheBehavior [ RunTime:0.000622s ]
INFO: [ app_begin ] --END-- [ RunTime:0.000696s ]
SQL: SHOW COLUMNS FROM `tp_admin` [ RunTime:0.0089s ]
SQL: SELECT * FROM `tp_admin` WHERE ( username='admin' ) LIMIT 1   [ RunTime:0.0006s ]
NOTIC: [8] Undefined index: logintime E:\WWW\tphui\Application\Admin\Controller\IndexController.class.php 第 60 行.
SQL: UPDATE `tp_admin` SET `login_num`='124' WHERE `id` = 1 [ RunTime:0.0006s ]
INFO: [ view_parse ] --START--
INFO: [ template_filter ] --START--
INFO: Run Behavior\ContentReplaceBehavior [ RunTime:0.000176s ]
INFO: [ template_filter ] --END-- [ RunTime:0.000301s ]
INFO: Run Behavior\ParseTemplateBehavior [ RunTime:0.035273s ]
INFO: [ view_parse ] --END-- [ RunTime:0.035391s ]
INFO: [ view_filter ] --START--
INFO: Run Behavior\WriteHtmlCacheBehavior [ RunTime:0.000414s ]
INFO: [ view_filter ] --END-- [ RunTime:0.000468s ]
INFO: [ app_end ] --START--
INFO: Run Behavior\ShowPageTraceBehavior [ RunTime:0.000669s ]
INFO: [ app_end ] --END-- [ RunTime:0.000801s ]

[ 2016-05-04T14:37:35+08:00 ] 127.0.0.1 /index.php/Admin/main/welcome.html
INFO: [ app_init ] --START--
INFO: Run Behavior\BuildLiteBehavior [ RunTime:0.000020s ]
INFO: [ app_init ] --END-- [ RunTime:0.000485s ]
INFO: [ app_begin ] --START--
INFO: Run Behavior\ReadHtmlCacheBehavior [ RunTime:0.001096s ]
INFO: [ app_begin ] --END-- [ RunTime:0.001382s ]
INFO: [ view_parse ] --START--
INFO: [ template_filter ] --START--
INFO: Run Behavior\ContentReplaceBehavior [ RunTime:0.000075s ]
INFO: [ template_filter ] --END-- [ RunTime:0.000156s ]
INFO: Run Behavior\ParseTemplateBehavior [ RunTime:0.135155s ]
INFO: [ view_parse ] --END-- [ RunTime:0.135306s ]
INFO: [ view_filter ] --START--
INFO: Run Behavior\WriteHtmlCacheBehavior [ RunTime:0.000524s ]
INFO: [ view_filter ] --END-- [ RunTime:0.000620s ]
INFO: [ app_end ] --START--
INFO: Run Behavior\ShowPageTraceBehavior [ RunTime:0.000921s ]
INFO: [ app_end ] --END-- [ RunTime:0.001035s ]

[ 2016-05-04T14:37:45+08:00 ] 127.0.0.1 /index.php/Admin/Weixin/menu_list.html
INFO: [ app_init ] --START--
INFO: Run Behavior\BuildLiteBehavior [ RunTime:0.000018s ]
INFO: [ app_init ] --END-- [ RunTime:0.000514s ]
INFO: [ app_begin ] --START--
INFO: Run Behavior\ReadHtmlCacheBehavior [ RunTime:0.000701s ]
INFO: [ app_begin ] --END-- [ RunTime:0.000768s ]
SQL: SHOW COLUMNS FROM `tp_wmenu` [ RunTime:0.0909s ]
INFO: [ view_parse ] --START--
INFO: [ template_filter ] --START--
INFO: Run Behavior\ContentReplaceBehavior [ RunTime:0.000220s ]
INFO: [ template_filter ] --END-- [ RunTime:0.000387s ]
INFO: Run Behavior\ParseTemplateBehavior [ RunTime:0.034858s ]
INFO: [ view_parse ] --END-- [ RunTime:0.035185s ]
INFO: [ view_filter ] --START--
INFO: Run Behavior\WriteHtmlCacheBehavior [ RunTime:0.001262s ]
INFO: [ view_filter ] --END-- [ RunTime:0.001409s ]
INFO: [ app_end ] --START--
INFO: Run Behavior\ShowPageTraceBehavior [ RunTime:0.001681s ]
INFO: [ app_end ] --END-- [ RunTime:0.001832s ]

[ 2016-05-04T14:37:47+08:00 ] 127.0.0.1 /index.php/Admin/Weixin/menu_datalist
INFO: [ app_init ] --START--
INFO: Run Behavior\BuildLiteBehavior [ RunTime:0.000063s ]
INFO: [ app_init ] --END-- [ RunTime:0.001671s ]
INFO: [ app_begin ] --START--
INFO: Run Behavior\ReadHtmlCacheBehavior [ RunTime:0.001205s ]
INFO: [ app_begin ] --END-- [ RunTime:0.001578s ]
SQL: SHOW COLUMNS FROM `tp_wmenu` [ RunTime:0.0100s ]
SQL: SELECT * FROM `tp_wmenu` ORDER BY `wm_id` asc LIMIT 0,10   [ RunTime:0.0008s ]
SQL: SELECT COUNT(*) AS tp_count FROM `tp_wmenu` LIMIT 1   [ RunTime:0.0316s ]
INFO: [ app_end ] --START--
INFO: Run Behavior\ShowPageTraceBehavior [ RunTime:0.001607s ]
INFO: [ app_end ] --END-- [ RunTime:0.001794s ]

[ 2016-05-04T14:37:49+08:00 ] 127.0.0.1 /index.php/Admin/System/system_type.html
INFO: [ app_init ] --START--
INFO: Run Behavior\BuildLiteBehavior [ RunTime:0.000017s ]
INFO: [ app_init ] --END-- [ RunTime:0.000503s ]
INFO: [ app_begin ] --START--
INFO: Run Behavior\ReadHtmlCacheBehavior [ RunTime:0.000540s ]
INFO: [ app_begin ] --END-- [ RunTime:0.000607s ]
SQL: SHOW COLUMNS FROM `tp_category` [ RunTime:0.0777s ]
SQL: SELECT * FROM `tp_category` WHERE `pid` = 0  [ RunTime:0.0010s ]
SQL: SELECT * FROM `tp_category` WHERE `pid` = 71  [ RunTime:0.0007s ]
NOTIC: [2] Invalid argument supplied for foreach() E:\WWW\tphui\Application\Admin\Common\function.php 第 10 行.
SQL: SELECT * FROM `tp_category` WHERE `pid` = 70  [ RunTime:0.0010s ]
NOTIC: [2] Invalid argument supplied for foreach() E:\WWW\tphui\Application\Admin\Common\function.php 第 10 行.
SQL: SELECT * FROM `tp_category` WHERE `pid` = 72  [ RunTime:0.0009s ]
NOTIC: [2] Invalid argument supplied for foreach() E:\WWW\tphui\Application\Admin\Common\function.php 第 10 行.
SQL: SELECT * FROM `tp_category` WHERE `pid` = 69  [ RunTime:0.0010s ]
NOTIC: [2] Invalid argument supplied for foreach() E:\WWW\tphui\Application\Admin\Common\function.php 第 10 行.
SQL: SELECT * FROM `tp_category` WHERE `pid` = 48  [ RunTime:0.0012s ]
NOTIC: [2] Invalid argument supplied for foreach() E:\WWW\tphui\Application\Admin\Common\function.php 第 10 行.
SQL: SELECT * FROM `tp_category` WHERE `pid` = 68  [ RunTime:0.0016s ]
NOTIC: [2] Invalid argument supplied for foreach() E:\WWW\tphui\Application\Admin\Common\function.php 第 10 行.
SQL: SELECT * FROM `tp_category` WHERE `pid` = 62  [ RunTime:0.0009s ]
NOTIC: [2] Invalid argument supplied for foreach() E:\WWW\tphui\Application\Admin\Common\function.php 第 10 行.
SQL: SELECT * FROM `tp_category` WHERE `pid` = 58  [ RunTime:0.0010s ]
NOTIC: [2] Invalid argument supplied for foreach() E:\WWW\tphui\Application\Admin\Common\function.php 第 10 行.
SQL: SELECT * FROM `tp_category` WHERE `pid` = 67  [ RunTime:0.0008s ]
NOTIC: [2] Invalid argument supplied for foreach() E:\WWW\tphui\Application\Admin\Common\function.php 第 10 行.
SQL: SELECT * FROM `tp_category` WHERE `pid` = 60  [ RunTime:0.0007s ]
NOTIC: [2] Invalid argument supplied for foreach() E:\WWW\tphui\Application\Admin\Common\function.php 第 10 行.
SQL: SELECT * FROM `tp_category` WHERE `pid` = 55  [ RunTime:0.0008s ]
NOTIC: [2] Invalid argument supplied for foreach() E:\WWW\tphui\Application\Admin\Common\function.php 第 10 行.
SQL: SELECT * FROM `tp_category` WHERE `pid` = 61  [ RunTime:0.0008s ]
NOTIC: [2] Invalid argument supplied for foreach() E:\WWW\tphui\Application\Admin\Common\function.php 第 10 行.
SQL: SELECT * FROM `tp_category` WHERE `pid` = 64  [ RunTime:0.0008s ]
NOTIC: [2] Invalid argument supplied for foreach() E:\WWW\tphui\Application\Admin\Common\function.php 第 10 行.
SQL: SELECT * FROM `tp_category` WHERE `pid` = 73  [ RunTime:0.0007s ]
NOTIC: [2] Invalid argument supplied for foreach() E:\WWW\tphui\Application\Admin\Common\function.php 第 10 行.
SQL: SELECT * FROM `tp_category` WHERE `pid` = 74  [ RunTime:0.0007s ]
NOTIC: [2] Invalid argument supplied for foreach() E:\WWW\tphui\Application\Admin\Common\function.php 第 10 行.
SQL: SHOW COLUMNS FROM `tp_type` [ RunTime:0.0559s ]
SQL: SELECT COUNT(*) AS tp_count FROM `tp_type` LIMIT 1   [ RunTime:0.0003s ]
SQL: SELECT * FROM `tp_type` WHERE (  1=1  ) LIMIT 0,3   [ RunTime:0.0006s ]
INFO: [ view_parse ] --START--
INFO: [ template_filter ] --START--
INFO: Run Behavior\ContentReplaceBehavior [ RunTime:0.000112s ]
INFO: [ template_filter ] --END-- [ RunTime:0.000212s ]
NOTIC: [8] Use of undefined constant type_id - assumed 'type_id' E:\WWW\tphui\Application\Runtime\Cache\Admin\2b46fa778ce14db55614abba460bc3fb.php 第 53 行.
NOTIC: [8] Use of undefined constant type_id - assumed 'type_id' E:\WWW\tphui\Application\Runtime\Cache\Admin\2b46fa778ce14db55614abba460bc3fb.php 第 53 行.
NOTIC: [8] Use of undefined constant type_id - assumed 'type_id' E:\WWW\tphui\Application\Runtime\Cache\Admin\2b46fa778ce14db55614abba460bc3fb.php 第 53 行.
INFO: Run Behavior\ParseTemplateBehavior [ RunTime:0.056903s ]
INFO: [ view_parse ] --END-- [ RunTime:0.057045s ]
INFO: [ view_filter ] --START--
INFO: Run Behavior\WriteHtmlCacheBehavior [ RunTime:0.000499s ]
INFO: [ view_filter ] --END-- [ RunTime:0.000581s ]
INFO: [ app_end ] --START--
INFO: Run Behavior\ShowPageTraceBehavior [ RunTime:0.000853s ]
INFO: [ app_end ] --END-- [ RunTime:0.000944s ]

